NAME : c101C10
TYPE : EVRP-TW-SPD
DIMENSION : 16
VEHICLES : 25
DISPATCHINGCOST : 1000
UNITCOST : 1.0
CAPACITY : 200.0
ELECTRIC_POWER : 77.75
CONSUMPTION_RATE : 1.0
RECHARGING_RATE : 3.47
EDGE_WEIGHT_TYPE : EXPLICIT
Node number: 16
Customer number: 10
Station number: 5
Avg pick-up/dilvery demand: 10.0000,10.0000
Starting/end time of DC: 0.0000,1236.0000

Initial random seed: 42
Pruning: on
Time limit: 105 seconds
Runs: 10
g_1: 20
Population size: 9
Insertion for initialization: rcrs
k_init: 10
Insertion for crossover: regret
k_crossover: 10
Parent selection: circle
Replacement strategy: one_on_one
Local search probability: 1.00
O(1) evaluation: on
2-opt: on
2-opt*: on
or-opt: on
2-exchange: on
escape local optima number: 1
random_removal: off
related_removal: on
alpha: 1.000000, relateness norm factor: 1.000000
Destroy lower ration: 0.200000
Destroy upper ration: 0.400000
regret_insertion: on
greedy_insertion: off
Random removal and insertion: off
Station range: 5
Subproblem num: 1
Total edges 90, prune by time window 51(56.6667%), prune by capacity 0(0.0000%)
---------------------------------Run 1---------------------------
Initialization, using rcrs method
Solution 0, cost 3398.86, m 3
best cost 3398.86, m 3
Initialization done.
already consumed 0.00 sec
already consumed 0.01 sec
After local search
Avg 3388.25, Best 3388.25 / m 3, Worst 3388.25
already consumed 0.01 sec
Best solution update: 3388.2454
After large neighbourhood search
Avg 3388.25, Best 3388.25 / m 3, Worst 3388.25
Gen 1 done, no improvement for 1 gens, already consumed 0.01 sec
already consumed 0.01 sec
After large neighbourhood search
Avg 3388.25, Best 3388.25 / m 3, Worst 3388.25
Gen 2 done, no improvement for 2 gens, already consumed 0.01 sec
already consumed 0.01 sec
After large neighbourhood search
Avg 3388.25, Best 3388.25 / m 3, Worst 3388.25
Gen 3 done, no improvement for 3 gens, already consumed 0.01 sec
already consumed 0.01 sec
After large neighbourhood search
Avg 3388.25, Best 3388.25 / m 3, Worst 3388.25
Gen 4 done, no improvement for 4 gens, already consumed 0.01 sec
already consumed 0.01 sec
After large neighbourhood search
Avg 3388.25, Best 3388.25 / m 3, Worst 3388.25
Gen 5 done, no improvement for 5 gens, already consumed 0.01 sec
already consumed 0.01 sec
After large neighbourhood search
Avg 3388.25, Best 3388.25 / m 3, Worst 3388.25
Gen 6 done, no improvement for 6 gens, already consumed 0.01 sec
already consumed 0.01 sec
After large neighbourhood search
Avg 3388.25, Best 3388.25 / m 3, Worst 3388.25
Gen 7 done, no improvement for 7 gens, already consumed 0.01 sec
already consumed 0.01 sec
After large neighbourhood search
Avg 3388.25, Best 3388.25 / m 3, Worst 3388.25
Gen 8 done, no improvement for 8 gens, already consumed 0.01 sec
already consumed 0.01 sec
After large neighbourhood search
Avg 3388.25, Best 3388.25 / m 3, Worst 3388.25
Gen 9 done, no improvement for 9 gens, already consumed 0.01 sec
already consumed 0.01 sec
After large neighbourhood search
Avg 3388.25, Best 3388.25 / m 3, Worst 3388.25
Gen 10 done, no improvement for 10 gens, already consumed 0.01 sec
already consumed 0.01 sec
After large neighbourhood search
Avg 3388.25, Best 3388.25 / m 3, Worst 3388.25
Gen 11 done, no improvement for 11 gens, already consumed 0.01 sec
already consumed 0.01 sec
After large neighbourhood search
Avg 3388.25, Best 3388.25 / m 3, Worst 3388.25
Gen 12 done, no improvement for 12 gens, already consumed 0.01 sec
already consumed 0.02 sec
After large neighbourhood search
Avg 3388.25, Best 3388.25 / m 3, Worst 3388.25
Gen 13 done, no improvement for 13 gens, already consumed 0.02 sec
already consumed 0.02 sec
After large neighbourhood search
Avg 3388.25, Best 3388.25 / m 3, Worst 3388.25
Gen 14 done, no improvement for 14 gens, already consumed 0.02 sec
already consumed 0.02 sec
After large neighbourhood search
Avg 3388.25, Best 3388.25 / m 3, Worst 3388.25
Gen 15 done, no improvement for 15 gens, already consumed 0.02 sec
already consumed 0.02 sec
After large neighbourhood search
Avg 3388.25, Best 3388.25 / m 3, Worst 3388.25
Gen 16 done, no improvement for 16 gens, already consumed 0.02 sec
already consumed 0.02 sec
After large neighbourhood search
Avg 3388.25, Best 3388.25 / m 3, Worst 3388.25
Gen 17 done, no improvement for 17 gens, already consumed 0.02 sec
already consumed 0.02 sec
After large neighbourhood search
Avg 3388.25, Best 3388.25 / m 3, Worst 3388.25
Gen 18 done, no improvement for 18 gens, already consumed 0.02 sec
already consumed 0.02 sec
After large neighbourhood search
Avg 3388.25, Best 3388.25 / m 3, Worst 3388.25
Gen 19 done, no improvement for 19 gens, already consumed 0.02 sec
already consumed 0.02 sec
After large neighbourhood search
Avg 3388.25, Best 3388.25 / m 3, Worst 3388.25
Gen 20 done, no improvement for 20 gens, already consumed 0.02 sec
sub_problem_num: 1
subproblem 1, customer: 10
Total edges 90, prune by time window 51(56.6667%), prune by capacity 0(0.0000%)
Initialization, using perturb method
Solution 0, cost 3419.59, m 3
Solution 1, cost 3397.16, m 3
Solution 2, cost 3398.86, m 3
Solution 3, cost 3398.86, m 3
Solution 4, cost 3501.03, m 3
Solution 5, cost 3388.25, m 3
Solution 6, cost 3398.86, m 3
Solution 7, cost 4493.27, m 4
Solution 8, cost 3393.76, m 3
best cost 3388.25, m 3
Initialization done.
already consumed 0.02 sec
already consumed 0.09 sec
After local search
Avg 3389.77, Best 3388.25 / m 3, Worst 3401.97
Do crossover.
already consumed 0.09 sec
Gen: 1. Avg 3388.25, Best 3388.25 / m 3, Worst 3388.25
Gen 1 done, no improvement for 1 gens, already consumed 0.09 sec
Do crossover.
already consumed 0.09 sec
Gen: 2. Avg 3388.25, Best 3388.25 / m 3, Worst 3388.25
Gen 2 done, no improvement for 2 gens, already consumed 0.10 sec
Do crossover.
already consumed 0.10 sec
Gen: 3. Avg 3388.25, Best 3388.25 / m 3, Worst 3388.25
Gen 3 done, no improvement for 3 gens, already consumed 0.10 sec
Do crossover.
already consumed 0.10 sec
Gen: 4. Avg 3388.25, Best 3388.25 / m 3, Worst 3388.25
Gen 4 done, no improvement for 4 gens, already consumed 0.11 sec
Do crossover.
already consumed 0.11 sec
Gen: 5. Avg 3388.25, Best 3388.25 / m 3, Worst 3388.25
Gen 5 done, no improvement for 5 gens, already consumed 0.11 sec
Do crossover.
already consumed 0.11 sec
Gen: 6. Avg 3388.25, Best 3388.25 / m 3, Worst 3388.25
Gen 6 done, no improvement for 6 gens, already consumed 0.11 sec
Do crossover.
already consumed 0.11 sec
Gen: 7. Avg 3388.25, Best 3388.25 / m 3, Worst 3388.25
Gen 7 done, no improvement for 7 gens, already consumed 0.11 sec
Do crossover.
already consumed 0.11 sec
Gen: 8. Avg 3388.25, Best 3388.25 / m 3, Worst 3388.25
Gen 8 done, no improvement for 8 gens, already consumed 0.12 sec
Do crossover.
already consumed 0.12 sec
Gen: 9. Avg 3388.25, Best 3388.25 / m 3, Worst 3388.25
Gen 9 done, no improvement for 9 gens, already consumed 0.12 sec
Do crossover.
already consumed 0.12 sec
Gen: 10. Avg 3388.25, Best 3388.25 / m 3, Worst 3388.25
Gen 10 done, no improvement for 10 gens, already consumed 0.13 sec
Do crossover.
already consumed 0.13 sec
Gen: 11. Avg 3388.25, Best 3388.25 / m 3, Worst 3388.25
Gen 11 done, no improvement for 11 gens, already consumed 0.13 sec
Do crossover.
already consumed 0.13 sec
Gen: 12. Avg 3388.25, Best 3388.25 / m 3, Worst 3388.25
Gen 12 done, no improvement for 12 gens, already consumed 0.13 sec
Do crossover.
already consumed 0.13 sec
Gen: 13. Avg 3388.25, Best 3388.25 / m 3, Worst 3388.25
Gen 13 done, no improvement for 13 gens, already consumed 0.14 sec
Do crossover.
already consumed 0.14 sec
Gen: 14. Avg 3388.25, Best 3388.25 / m 3, Worst 3388.25
Gen 14 done, no improvement for 14 gens, already consumed 0.14 sec
Do crossover.
already consumed 0.14 sec
Gen: 15. Avg 3388.25, Best 3388.25 / m 3, Worst 3388.25
Gen 15 done, no improvement for 15 gens, already consumed 0.15 sec
Do crossover.
already consumed 0.15 sec
Gen: 16. Avg 3388.25, Best 3388.25 / m 3, Worst 3388.25
Gen 16 done, no improvement for 16 gens, already consumed 0.15 sec
Do crossover.
already consumed 0.15 sec
Gen: 17. Avg 3388.25, Best 3388.25 / m 3, Worst 3388.25
Gen 17 done, no improvement for 17 gens, already consumed 0.15 sec
Do crossover.
already consumed 0.15 sec
Gen: 18. Avg 3388.25, Best 3388.25 / m 3, Worst 3388.25
Gen 18 done, no improvement for 18 gens, already consumed 0.16 sec
Do crossover.
already consumed 0.16 sec
Gen: 19. Avg 3388.25, Best 3388.25 / m 3, Worst 3388.25
Gen 19 done, no improvement for 19 gens, already consumed 0.16 sec
Do crossover.
already consumed 0.16 sec
Gen: 20. Avg 3388.25, Best 3388.25 / m 3, Worst 3388.25
Gen 20 done, no improvement for 20 gens, already consumed 0.17 sec
Do crossover.
already consumed 0.17 sec
Gen: 21. Avg 3388.25, Best 3388.25 / m 3, Worst 3388.25
Gen 21 done, no improvement for 21 gens, already consumed 0.17 sec
Run 1 finishes
Avg 3388.25, Best 3388.25 / m 3, Worst 3388.25
Decomposition done, already consumed 0.17 sec
After decomposition
Avg 3388.25, Best 3388.25 / m 3, Worst 3388.25
already consumed 0.17 sec
already consumed 0.17 sec
After local search
Avg 3388.25, Best 3388.25 / m 3, Worst 3388.25
already consumed 0.17 sec
already consumed 0.17 sec
After large neighbourhood search
Avg 3388.25, Best 3388.25 / m 3, Worst 3388.25
Gen 21 done, no improvement for 21 gens, already consumed 0.17 sec
Run 1 finishes
Avg 3388.25, Best 3388.25 / m 3, Worst 3388.25
---------------------------------Run 2---------------------------
Initialization, using rcrs method
Solution 0, cost 3401.97, m 3
best cost 3401.97, m 3
Initialization done.
already consumed 0.00 sec
already consumed 0.00 sec
After local search
Avg 3401.97, Best 3401.97 / m 3, Worst 3401.97
already consumed 0.01 sec
After large neighbourhood search
Avg 3401.97, Best 3401.97 / m 3, Worst 3401.97
Gen 1 done, no improvement for 1 gens, already consumed 0.01 sec
already consumed 0.01 sec
After large neighbourhood search
Avg 3401.97, Best 3401.97 / m 3, Worst 3401.97
Gen 2 done, no improvement for 2 gens, already consumed 0.01 sec
already consumed 0.01 sec
After large neighbourhood search
Avg 3401.97, Best 3401.97 / m 3, Worst 3401.97
Gen 3 done, no improvement for 3 gens, already consumed 0.01 sec
already consumed 0.01 sec
After large neighbourhood search
Avg 3401.97, Best 3401.97 / m 3, Worst 3401.97
Gen 4 done, no improvement for 4 gens, already consumed 0.01 sec
already consumed 0.01 sec
After large neighbourhood search
Avg 3401.97, Best 3401.97 / m 3, Worst 3401.97
Gen 5 done, no improvement for 5 gens, already consumed 0.01 sec
already consumed 0.01 sec
After large neighbourhood search
Avg 3401.97, Best 3401.97 / m 3, Worst 3401.97
Gen 6 done, no improvement for 6 gens, already consumed 0.01 sec
already consumed 0.01 sec
After large neighbourhood search
Avg 3388.25, Best 3388.25 / m 3, Worst 3388.25
Gen 7 done, no improvement for 0 gens, already consumed 0.01 sec
already consumed 0.01 sec
After large neighbourhood search
Avg 3388.25, Best 3388.25 / m 3, Worst 3388.25
Gen 8 done, no improvement for 1 gens, already consumed 0.01 sec
already consumed 0.01 sec
After large neighbourhood search
Avg 3388.25, Best 3388.25 / m 3, Worst 3388.25
Gen 9 done, no improvement for 2 gens, already consumed 0.01 sec
already consumed 0.01 sec
After large neighbourhood search
Avg 3388.25, Best 3388.25 / m 3, Worst 3388.25
Gen 10 done, no improvement for 3 gens, already consumed 0.01 sec
already consumed 0.01 sec
After large neighbourhood search
Avg 3388.25, Best 3388.25 / m 3, Worst 3388.25
Gen 11 done, no improvement for 4 gens, already consumed 0.01 sec
already consumed 0.01 sec
After large neighbourhood search
Avg 3388.25, Best 3388.25 / m 3, Worst 3388.25
Gen 12 done, no improvement for 5 gens, already consumed 0.01 sec
already consumed 0.02 sec
After large neighbourhood search
Avg 3388.25, Best 3388.25 / m 3, Worst 3388.25
Gen 13 done, no improvement for 6 gens, already consumed 0.02 sec
already consumed 0.02 sec
After large neighbourhood search
Avg 3388.25, Best 3388.25 / m 3, Worst 3388.25
Gen 14 done, no improvement for 7 gens, already consumed 0.02 sec
already consumed 0.02 sec
After large neighbourhood search
Avg 3388.25, Best 3388.25 / m 3, Worst 3388.25
Gen 15 done, no improvement for 8 gens, already consumed 0.02 sec
already consumed 0.02 sec
After large neighbourhood search
Avg 3388.25, Best 3388.25 / m 3, Worst 3388.25
Gen 16 done, no improvement for 9 gens, already consumed 0.02 sec
already consumed 0.02 sec
After large neighbourhood search
Avg 3388.25, Best 3388.25 / m 3, Worst 3388.25
Gen 17 done, no improvement for 10 gens, already consumed 0.02 sec
already consumed 0.02 sec
After large neighbourhood search
Avg 3388.25, Best 3388.25 / m 3, Worst 3388.25
Gen 18 done, no improvement for 11 gens, already consumed 0.02 sec
already consumed 0.02 sec
After large neighbourhood search
Avg 3388.25, Best 3388.25 / m 3, Worst 3388.25
Gen 19 done, no improvement for 12 gens, already consumed 0.02 sec
already consumed 0.02 sec
After large neighbourhood search
Avg 3388.25, Best 3388.25 / m 3, Worst 3388.25
Gen 20 done, no improvement for 13 gens, already consumed 0.02 sec
already consumed 0.02 sec
After large neighbourhood search
Avg 3388.25, Best 3388.25 / m 3, Worst 3388.25
Gen 21 done, no improvement for 14 gens, already consumed 0.02 sec
already consumed 0.02 sec
After large neighbourhood search
Avg 3388.25, Best 3388.25 / m 3, Worst 3388.25
Gen 22 done, no improvement for 15 gens, already consumed 0.02 sec
already consumed 0.02 sec
After large neighbourhood search
Avg 3388.25, Best 3388.25 / m 3, Worst 3388.25
Gen 23 done, no improvement for 16 gens, already consumed 0.02 sec
already consumed 0.02 sec
After large neighbourhood search
Avg 3388.25, Best 3388.25 / m 3, Worst 3388.25
Gen 24 done, no improvement for 17 gens, already consumed 0.02 sec
already consumed 0.02 sec
After large neighbourhood search
Avg 3388.25, Best 3388.25 / m 3, Worst 3388.25
Gen 25 done, no improvement for 18 gens, already consumed 0.02 sec
already consumed 0.02 sec
After large neighbourhood search
Avg 3388.25, Best 3388.25 / m 3, Worst 3388.25
Gen 26 done, no improvement for 19 gens, already consumed 0.02 sec
already consumed 0.02 sec
After large neighbourhood search
Avg 3388.25, Best 3388.25 / m 3, Worst 3388.25
Gen 27 done, no improvement for 20 gens, already consumed 0.02 sec
sub_problem_num: 1
subproblem 1, customer: 10
Total edges 90, prune by time window 51(56.6667%), prune by capacity 0(0.0000%)
Initialization, using perturb method
Solution 0, cost 3419.59, m 3
Solution 1, cost 3397.16, m 3
Solution 2, cost 3398.86, m 3
Solution 3, cost 3398.86, m 3
Solution 4, cost 3501.03, m 3
Solution 5, cost 3388.25, m 3
Solution 6, cost 3398.86, m 3
Solution 7, cost 4493.27, m 4
Solution 8, cost 3393.76, m 3
best cost 3388.25, m 3
Initialization done.
already consumed 0.02 sec
already consumed 0.07 sec
After local search
Avg 3389.77, Best 3388.25 / m 3, Worst 3401.97
Do crossover.
already consumed 0.07 sec
Gen: 1. Avg 3388.25, Best 3388.25 / m 3, Worst 3388.25
Gen 1 done, no improvement for 1 gens, already consumed 0.08 sec
Do crossover.
already consumed 0.08 sec
Gen: 2. Avg 3388.25, Best 3388.25 / m 3, Worst 3388.25
Gen 2 done, no improvement for 2 gens, already consumed 0.08 sec
Do crossover.
already consumed 0.08 sec
Gen: 3. Avg 3388.25, Best 3388.25 / m 3, Worst 3388.25
Gen 3 done, no improvement for 3 gens, already consumed 0.08 sec
Do crossover.
already consumed 0.08 sec
Gen: 4. Avg 3388.25, Best 3388.25 / m 3, Worst 3388.25
Gen 4 done, no improvement for 4 gens, already consumed 0.09 sec
Do crossover.
already consumed 0.09 sec
Gen: 5. Avg 3388.25, Best 3388.25 / m 3, Worst 3388.25
Gen 5 done, no improvement for 5 gens, already consumed 0.09 sec
Do crossover.
already consumed 0.09 sec
Gen: 6. Avg 3388.25, Best 3388.25 / m 3, Worst 3388.25
Gen 6 done, no improvement for 6 gens, already consumed 0.09 sec
Do crossover.
already consumed 0.09 sec
Gen: 7. Avg 3388.25, Best 3388.25 / m 3, Worst 3388.25
Gen 7 done, no improvement for 7 gens, already consumed 0.10 sec
Do crossover.
already consumed 0.10 sec
Gen: 8. Avg 3388.25, Best 3388.25 / m 3, Worst 3388.25
Gen 8 done, no improvement for 8 gens, already consumed 0.10 sec
Do crossover.
already consumed 0.10 sec
Gen: 9. Avg 3388.25, Best 3388.25 / m 3, Worst 3388.25
Gen 9 done, no improvement for 9 gens, already consumed 0.10 sec
Do crossover.
already consumed 0.10 sec
Gen: 10. Avg 3388.25, Best 3388.25 / m 3, Worst 3388.25
Gen 10 done, no improvement for 10 gens, already consumed 0.11 sec
Do crossover.
already consumed 0.11 sec
Gen: 11. Avg 3388.25, Best 3388.25 / m 3, Worst 3388.25
Gen 11 done, no improvement for 11 gens, already consumed 0.11 sec
Do crossover.
already consumed 0.11 sec
Gen: 12. Avg 3388.25, Best 3388.25 / m 3, Worst 3388.25
Gen 12 done, no improvement for 12 gens, already consumed 0.11 sec
Do crossover.
already consumed 0.11 sec
Gen: 13. Avg 3388.25, Best 3388.25 / m 3, Worst 3388.25
Gen 13 done, no improvement for 13 gens, already consumed 0.12 sec
Do crossover.
already consumed 0.12 sec
Gen: 14. Avg 3388.25, Best 3388.25 / m 3, Worst 3388.25
Gen 14 done, no improvement for 14 gens, already consumed 0.12 sec
Do crossover.
already consumed 0.12 sec
Gen: 15. Avg 3388.25, Best 3388.25 / m 3, Worst 3388.25
Gen 15 done, no improvement for 15 gens, already consumed 0.13 sec
Do crossover.
already consumed 0.13 sec
Gen: 16. Avg 3388.25, Best 3388.25 / m 3, Worst 3388.25
Gen 16 done, no improvement for 16 gens, already consumed 0.13 sec
Do crossover.
already consumed 0.13 sec
Gen: 17. Avg 3388.25, Best 3388.25 / m 3, Worst 3388.25
Gen 17 done, no improvement for 17 gens, already consumed 0.14 sec
Do crossover.
already consumed 0.14 sec
Gen: 18. Avg 3388.25, Best 3388.25 / m 3, Worst 3388.25
Gen 18 done, no improvement for 18 gens, already consumed 0.14 sec
Do crossover.
already consumed 0.14 sec
Gen: 19. Avg 3388.25, Best 3388.25 / m 3, Worst 3388.25
Gen 19 done, no improvement for 19 gens, already consumed 0.14 sec
Do crossover.
already consumed 0.14 sec
Gen: 20. Avg 3388.25, Best 3388.25 / m 3, Worst 3388.25
Gen 20 done, no improvement for 20 gens, already consumed 0.15 sec
Do crossover.
already consumed 0.15 sec
Gen: 21. Avg 3388.25, Best 3388.25 / m 3, Worst 3388.25
Gen 21 done, no improvement for 21 gens, already consumed 0.15 sec
Run 1 finishes
Avg 3388.25, Best 3388.25 / m 3, Worst 3388.25
Decomposition done, already consumed 0.15 sec
After decomposition
Avg 3388.25, Best 3388.25 / m 3, Worst 3388.25
already consumed 0.15 sec
already consumed 0.15 sec
After local search
Avg 3388.25, Best 3388.25 / m 3, Worst 3388.25
already consumed 0.15 sec
already consumed 0.15 sec
After large neighbourhood search
Avg 3388.25, Best 3388.25 / m 3, Worst 3388.25
Gen 28 done, no improvement for 21 gens, already consumed 0.15 sec
Run 2 finishes
Avg 3388.25, Best 3388.25 / m 3, Worst 3388.25
---------------------------------Run 3---------------------------
Initialization, using rcrs method
Solution 0, cost 3403.77, m 3
best cost 3403.77, m 3
Initialization done.
already consumed 0.00 sec
already consumed 0.00 sec
After local search
Avg 3401.97, Best 3401.97 / m 3, Worst 3401.97
already consumed 0.01 sec
After large neighbourhood search
Avg 3401.97, Best 3401.97 / m 3, Worst 3401.97
Gen 1 done, no improvement for 1 gens, already consumed 0.01 sec
already consumed 0.01 sec
After large neighbourhood search
Avg 3401.97, Best 3401.97 / m 3, Worst 3401.97
Gen 2 done, no improvement for 2 gens, already consumed 0.01 sec
already consumed 0.01 sec
After large neighbourhood search
Avg 3401.97, Best 3401.97 / m 3, Worst 3401.97
Gen 3 done, no improvement for 3 gens, already consumed 0.01 sec
already consumed 0.01 sec
After large neighbourhood search
Avg 3401.97, Best 3401.97 / m 3, Worst 3401.97
Gen 4 done, no improvement for 4 gens, already consumed 0.01 sec
already consumed 0.01 sec
After large neighbourhood search
Avg 3401.97, Best 3401.97 / m 3, Worst 3401.97
Gen 5 done, no improvement for 5 gens, already consumed 0.01 sec
already consumed 0.01 sec
After large neighbourhood search
Avg 3401.97, Best 3401.97 / m 3, Worst 3401.97
Gen 6 done, no improvement for 6 gens, already consumed 0.01 sec
already consumed 0.01 sec
After large neighbourhood search
Avg 3388.25, Best 3388.25 / m 3, Worst 3388.25
Gen 7 done, no improvement for 0 gens, already consumed 0.01 sec
already consumed 0.01 sec
After large neighbourhood search
Avg 3388.25, Best 3388.25 / m 3, Worst 3388.25
Gen 8 done, no improvement for 1 gens, already consumed 0.01 sec
already consumed 0.02 sec
After large neighbourhood search
Avg 3388.25, Best 3388.25 / m 3, Worst 3388.25
Gen 9 done, no improvement for 2 gens, already consumed 0.02 sec
already consumed 0.02 sec
After large neighbourhood search
Avg 3388.25, Best 3388.25 / m 3, Worst 3388.25
Gen 10 done, no improvement for 3 gens, already consumed 0.02 sec
already consumed 0.02 sec
After large neighbourhood search
Avg 3388.25, Best 3388.25 / m 3, Worst 3388.25
Gen 11 done, no improvement for 4 gens, already consumed 0.02 sec
already consumed 0.02 sec
After large neighbourhood search
Avg 3388.25, Best 3388.25 / m 3, Worst 3388.25
Gen 12 done, no improvement for 5 gens, already consumed 0.02 sec
already consumed 0.02 sec
After large neighbourhood search
Avg 3388.25, Best 3388.25 / m 3, Worst 3388.25
Gen 13 done, no improvement for 6 gens, already consumed 0.02 sec
already consumed 0.02 sec
After large neighbourhood search
Avg 3388.25, Best 3388.25 / m 3, Worst 3388.25
Gen 14 done, no improvement for 7 gens, already consumed 0.02 sec
already consumed 0.02 sec
After large neighbourhood search
Avg 3388.25, Best 3388.25 / m 3, Worst 3388.25
Gen 15 done, no improvement for 8 gens, already consumed 0.02 sec
already consumed 0.02 sec
After large neighbourhood search
Avg 3388.25, Best 3388.25 / m 3, Worst 3388.25
Gen 16 done, no improvement for 9 gens, already consumed 0.02 sec
already consumed 0.02 sec
After large neighbourhood search
Avg 3388.25, Best 3388.25 / m 3, Worst 3388.25
Gen 17 done, no improvement for 10 gens, already consumed 0.02 sec
already consumed 0.02 sec
After large neighbourhood search
Avg 3388.25, Best 3388.25 / m 3, Worst 3388.25
Gen 18 done, no improvement for 11 gens, already consumed 0.02 sec
already consumed 0.02 sec
After large neighbourhood search
Avg 3388.25, Best 3388.25 / m 3, Worst 3388.25
Gen 19 done, no improvement for 12 gens, already consumed 0.02 sec
already consumed 0.02 sec
After large neighbourhood search
Avg 3388.25, Best 3388.25 / m 3, Worst 3388.25
Gen 20 done, no improvement for 13 gens, already consumed 0.02 sec
already consumed 0.02 sec
After large neighbourhood search
Avg 3388.25, Best 3388.25 / m 3, Worst 3388.25
Gen 21 done, no improvement for 14 gens, already consumed 0.02 sec
already consumed 0.02 sec
After large neighbourhood search
Avg 3388.25, Best 3388.25 / m 3, Worst 3388.25
Gen 22 done, no improvement for 15 gens, already consumed 0.02 sec
already consumed 0.02 sec
After large neighbourhood search
Avg 3388.25, Best 3388.25 / m 3, Worst 3388.25
Gen 23 done, no improvement for 16 gens, already consumed 0.02 sec
already consumed 0.02 sec
After large neighbourhood search
Avg 3388.25, Best 3388.25 / m 3, Worst 3388.25
Gen 24 done, no improvement for 17 gens, already consumed 0.02 sec
already consumed 0.02 sec
After large neighbourhood search
Avg 3388.25, Best 3388.25 / m 3, Worst 3388.25
Gen 25 done, no improvement for 18 gens, already consumed 0.02 sec
already consumed 0.02 sec
After large neighbourhood search
Avg 3388.25, Best 3388.25 / m 3, Worst 3388.25
Gen 26 done, no improvement for 19 gens, already consumed 0.02 sec
already consumed 0.02 sec
After large neighbourhood search
Avg 3388.25, Best 3388.25 / m 3, Worst 3388.25
Gen 27 done, no improvement for 20 gens, already consumed 0.02 sec
sub_problem_num: 1
subproblem 1, customer: 10
Total edges 90, prune by time window 51(56.6667%), prune by capacity 0(0.0000%)
Initialization, using perturb method
Solution 0, cost 3414.84, m 3
Solution 1, cost 3428.27, m 3
Solution 2, cost 3398.86, m 3
Solution 3, cost 3393.76, m 3
Solution 4, cost 3398.86, m 3
Solution 5, cost 3408.48, m 3
Solution 6, cost 3388.25, m 3
Solution 7, cost 3397.16, m 3
Solution 8, cost 3426.90, m 3
best cost 3388.25, m 3
Initialization done.
already consumed 0.02 sec
already consumed 0.04 sec
After local search
Avg 3389.77, Best 3388.25 / m 3, Worst 3401.97
Do crossover.
already consumed 0.04 sec
Gen: 1. Avg 3388.25, Best 3388.25 / m 3, Worst 3388.25
Gen 1 done, no improvement for 1 gens, already consumed 0.05 sec
Do crossover.
already consumed 0.05 sec
Gen: 2. Avg 3388.25, Best 3388.25 / m 3, Worst 3388.25
Gen 2 done, no improvement for 2 gens, already consumed 0.05 sec
Do crossover.
already consumed 0.05 sec
Gen: 3. Avg 3388.25, Best 3388.25 / m 3, Worst 3388.25
Gen 3 done, no improvement for 3 gens, already consumed 0.05 sec
Do crossover.
already consumed 0.05 sec
Gen: 4. Avg 3388.25, Best 3388.25 / m 3, Worst 3388.25
Gen 4 done, no improvement for 4 gens, already consumed 0.06 sec
Do crossover.
already consumed 0.06 sec
Gen: 5. Avg 3388.25, Best 3388.25 / m 3, Worst 3388.25
Gen 5 done, no improvement for 5 gens, already consumed 0.06 sec
Do crossover.
already consumed 0.06 sec
Gen: 6. Avg 3388.25, Best 3388.25 / m 3, Worst 3388.25
Gen 6 done, no improvement for 6 gens, already consumed 0.06 sec
Do crossover.
already consumed 0.06 sec
Gen: 7. Avg 3388.25, Best 3388.25 / m 3, Worst 3388.25
Gen 7 done, no improvement for 7 gens, already consumed 0.07 sec
Do crossover.
already consumed 0.07 sec
Gen: 8. Avg 3388.25, Best 3388.25 / m 3, Worst 3388.25
Gen 8 done, no improvement for 8 gens, already consumed 0.07 sec
Do crossover.
already consumed 0.07 sec
Gen: 9. Avg 3388.25, Best 3388.25 / m 3, Worst 3388.25
Gen 9 done, no improvement for 9 gens, already consumed 0.07 sec
Do crossover.
already consumed 0.07 sec
Gen: 10. Avg 3388.25, Best 3388.25 / m 3, Worst 3388.25
Gen 10 done, no improvement for 10 gens, already consumed 0.10 sec
Do crossover.
already consumed 0.10 sec
Gen: 11. Avg 3388.25, Best 3388.25 / m 3, Worst 3388.25
Gen 11 done, no improvement for 11 gens, already consumed 0.10 sec
Do crossover.
already consumed 0.10 sec
Gen: 12. Avg 3388.25, Best 3388.25 / m 3, Worst 3388.25
Gen 12 done, no improvement for 12 gens, already consumed 0.10 sec
Do crossover.
already consumed 0.10 sec
Gen: 13. Avg 3388.25, Best 3388.25 / m 3, Worst 3388.25
Gen 13 done, no improvement for 13 gens, already consumed 0.11 sec
Do crossover.
already consumed 0.11 sec
Gen: 14. Avg 3388.25, Best 3388.25 / m 3, Worst 3388.25
Gen 14 done, no improvement for 14 gens, already consumed 0.11 sec
Do crossover.
already consumed 0.11 sec
Gen: 15. Avg 3388.25, Best 3388.25 / m 3, Worst 3388.25
Gen 15 done, no improvement for 15 gens, already consumed 0.11 sec
Do crossover.
already consumed 0.11 sec
Gen: 16. Avg 3388.25, Best 3388.25 / m 3, Worst 3388.25
Gen 16 done, no improvement for 16 gens, already consumed 0.12 sec
Do crossover.
already consumed 0.12 sec
Gen: 17. Avg 3388.25, Best 3388.25 / m 3, Worst 3388.25
Gen 17 done, no improvement for 17 gens, already consumed 0.12 sec
Do crossover.
already consumed 0.12 sec
Gen: 18. Avg 3388.25, Best 3388.25 / m 3, Worst 3388.25
Gen 18 done, no improvement for 18 gens, already consumed 0.13 sec
Do crossover.
already consumed 0.13 sec
Gen: 19. Avg 3388.25, Best 3388.25 / m 3, Worst 3388.25
Gen 19 done, no improvement for 19 gens, already consumed 0.13 sec
Do crossover.
already consumed 0.13 sec
Gen: 20. Avg 3388.25, Best 3388.25 / m 3, Worst 3388.25
Gen 20 done, no improvement for 20 gens, already consumed 0.13 sec
Do crossover.
already consumed 0.13 sec
Gen: 21. Avg 3388.25, Best 3388.25 / m 3, Worst 3388.25
Gen 21 done, no improvement for 21 gens, already consumed 0.14 sec
Run 1 finishes
Avg 3388.25, Best 3388.25 / m 3, Worst 3388.25
Decomposition done, already consumed 0.14 sec
After decomposition
Avg 3388.25, Best 3388.25 / m 3, Worst 3388.25
already consumed 0.14 sec
already consumed 0.14 sec
After local search
Avg 3388.25, Best 3388.25 / m 3, Worst 3388.25
already consumed 0.14 sec
already consumed 0.14 sec
After large neighbourhood search
Avg 3388.25, Best 3388.25 / m 3, Worst 3388.25
Gen 28 done, no improvement for 21 gens, already consumed 0.14 sec
Run 3 finishes
Avg 3388.25, Best 3388.25 / m 3, Worst 3388.25
---------------------------------Run 4---------------------------
Initialization, using rcrs method
Solution 0, cost 3403.77, m 3
best cost 3403.77, m 3
Initialization done.
already consumed 0.00 sec
already consumed 0.00 sec
After local search
Avg 3401.97, Best 3401.97 / m 3, Worst 3401.97
already consumed 0.01 sec
After large neighbourhood search
Avg 3401.97, Best 3401.97 / m 3, Worst 3401.97
Gen 1 done, no improvement for 1 gens, already consumed 0.01 sec
already consumed 0.01 sec
After large neighbourhood search
Avg 3401.97, Best 3401.97 / m 3, Worst 3401.97
Gen 2 done, no improvement for 2 gens, already consumed 0.01 sec
already consumed 0.01 sec
After large neighbourhood search
Avg 3401.97, Best 3401.97 / m 3, Worst 3401.97
Gen 3 done, no improvement for 3 gens, already consumed 0.01 sec
already consumed 0.01 sec
After large neighbourhood search
Avg 3401.97, Best 3401.97 / m 3, Worst 3401.97
Gen 4 done, no improvement for 4 gens, already consumed 0.01 sec
already consumed 0.01 sec
After large neighbourhood search
Avg 3401.97, Best 3401.97 / m 3, Worst 3401.97
Gen 5 done, no improvement for 5 gens, already consumed 0.01 sec
already consumed 0.01 sec
After large neighbourhood search
Avg 3401.97, Best 3401.97 / m 3, Worst 3401.97
Gen 6 done, no improvement for 6 gens, already consumed 0.01 sec
already consumed 0.01 sec
After large neighbourhood search
Avg 3401.97, Best 3401.97 / m 3, Worst 3401.97
Gen 7 done, no improvement for 7 gens, already consumed 0.01 sec
already consumed 0.02 sec
After large neighbourhood search
Avg 3401.97, Best 3401.97 / m 3, Worst 3401.97
Gen 8 done, no improvement for 8 gens, already consumed 0.02 sec
already consumed 0.02 sec
After large neighbourhood search
Avg 3388.25, Best 3388.25 / m 3, Worst 3388.25
Gen 9 done, no improvement for 0 gens, already consumed 0.02 sec
already consumed 0.02 sec
After large neighbourhood search
Avg 3388.25, Best 3388.25 / m 3, Worst 3388.25
Gen 10 done, no improvement for 1 gens, already consumed 0.02 sec
already consumed 0.02 sec
After large neighbourhood search
Avg 3388.25, Best 3388.25 / m 3, Worst 3388.25
Gen 11 done, no improvement for 2 gens, already consumed 0.02 sec
already consumed 0.02 sec
After large neighbourhood search
Avg 3388.25, Best 3388.25 / m 3, Worst 3388.25
Gen 12 done, no improvement for 3 gens, already consumed 0.02 sec
already consumed 0.02 sec
After large neighbourhood search
Avg 3388.25, Best 3388.25 / m 3, Worst 3388.25
Gen 13 done, no improvement for 4 gens, already consumed 0.02 sec
already consumed 0.02 sec
After large neighbourhood search
Avg 3388.25, Best 3388.25 / m 3, Worst 3388.25
Gen 14 done, no improvement for 5 gens, already consumed 0.02 sec
already consumed 0.02 sec
After large neighbourhood search
Avg 3388.25, Best 3388.25 / m 3, Worst 3388.25
Gen 15 done, no improvement for 6 gens, already consumed 0.02 sec
already consumed 0.02 sec
After large neighbourhood search
Avg 3388.25, Best 3388.25 / m 3, Worst 3388.25
Gen 16 done, no improvement for 7 gens, already consumed 0.02 sec
already consumed 0.02 sec
After large neighbourhood search
Avg 3388.25, Best 3388.25 / m 3, Worst 3388.25
Gen 17 done, no improvement for 8 gens, already consumed 0.02 sec
already consumed 0.02 sec
After large neighbourhood search
Avg 3388.25, Best 3388.25 / m 3, Worst 3388.25
Gen 18 done, no improvement for 9 gens, already consumed 0.02 sec
already consumed 0.02 sec
After large neighbourhood search
Avg 3388.25, Best 3388.25 / m 3, Worst 3388.25
Gen 19 done, no improvement for 10 gens, already consumed 0.02 sec
already consumed 0.02 sec
After large neighbourhood search
Avg 3388.25, Best 3388.25 / m 3, Worst 3388.25
Gen 20 done, no improvement for 11 gens, already consumed 0.02 sec
already consumed 0.02 sec
After large neighbourhood search
Avg 3388.25, Best 3388.25 / m 3, Worst 3388.25
Gen 21 done, no improvement for 12 gens, already consumed 0.02 sec
already consumed 0.02 sec
After large neighbourhood search
Avg 3388.25, Best 3388.25 / m 3, Worst 3388.25
Gen 22 done, no improvement for 13 gens, already consumed 0.02 sec
already consumed 0.02 sec
After large neighbourhood search
Avg 3388.25, Best 3388.25 / m 3, Worst 3388.25
Gen 23 done, no improvement for 14 gens, already consumed 0.02 sec
already consumed 0.02 sec
After large neighbourhood search
Avg 3388.25, Best 3388.25 / m 3, Worst 3388.25
Gen 24 done, no improvement for 15 gens, already consumed 0.02 sec
already consumed 0.02 sec
After large neighbourhood search
Avg 3388.25, Best 3388.25 / m 3, Worst 3388.25
Gen 25 done, no improvement for 16 gens, already consumed 0.02 sec
already consumed 0.02 sec
After large neighbourhood search
Avg 3388.25, Best 3388.25 / m 3, Worst 3388.25
Gen 26 done, no improvement for 17 gens, already consumed 0.02 sec
already consumed 0.02 sec
After large neighbourhood search
Avg 3388.25, Best 3388.25 / m 3, Worst 3388.25
Gen 27 done, no improvement for 18 gens, already consumed 0.02 sec
already consumed 0.02 sec
After large neighbourhood search
Avg 3388.25, Best 3388.25 / m 3, Worst 3388.25
Gen 28 done, no improvement for 19 gens, already consumed 0.02 sec
already consumed 0.02 sec
After large neighbourhood search
Avg 3388.25, Best 3388.25 / m 3, Worst 3388.25
Gen 29 done, no improvement for 20 gens, already consumed 0.02 sec
sub_problem_num: 1
subproblem 1, customer: 10
Total edges 90, prune by time window 51(56.6667%), prune by capacity 0(0.0000%)
Initialization, using perturb method
Solution 0, cost 3419.59, m 3
Solution 1, cost 3397.16, m 3
Solution 2, cost 3398.86, m 3
Solution 3, cost 3398.86, m 3
Solution 4, cost 3501.03, m 3
Solution 5, cost 3388.25, m 3
Solution 6, cost 3398.86, m 3
Solution 7, cost 4493.27, m 4
Solution 8, cost 3393.76, m 3
best cost 3388.25, m 3
Initialization done.
already consumed 0.03 sec
already consumed 0.07 sec
After local search
Avg 3389.77, Best 3388.25 / m 3, Worst 3401.97
Do crossover.
already consumed 0.07 sec
Gen: 1. Avg 3388.25, Best 3388.25 / m 3, Worst 3388.25
Gen 1 done, no improvement for 1 gens, already consumed 0.08 sec
Do crossover.
already consumed 0.08 sec
Gen: 2. Avg 3388.25, Best 3388.25 / m 3, Worst 3388.25
Gen 2 done, no improvement for 2 gens, already consumed 0.08 sec
Do crossover.
already consumed 0.08 sec
Gen: 3. Avg 3388.25, Best 3388.25 / m 3, Worst 3388.25
Gen 3 done, no improvement for 3 gens, already consumed 0.09 sec
Do crossover.
already consumed 0.09 sec
Gen: 4. Avg 3388.25, Best 3388.25 / m 3, Worst 3388.25
Gen 4 done, no improvement for 4 gens, already consumed 0.09 sec
Do crossover.
already consumed 0.09 sec
Gen: 5. Avg 3388.25, Best 3388.25 / m 3, Worst 3388.25
Gen 5 done, no improvement for 5 gens, already consumed 0.09 sec
Do crossover.
already consumed 0.10 sec
Gen: 6. Avg 3388.25, Best 3388.25 / m 3, Worst 3388.25
Gen 6 done, no improvement for 6 gens, already consumed 0.10 sec
Do crossover.
already consumed 0.10 sec
Gen: 7. Avg 3388.25, Best 3388.25 / m 3, Worst 3388.25
Gen 7 done, no improvement for 7 gens, already consumed 0.10 sec
Do crossover.
already consumed 0.10 sec
Gen: 8. Avg 3388.25, Best 3388.25 / m 3, Worst 3388.25
Gen 8 done, no improvement for 8 gens, already consumed 0.10 sec
Do crossover.
already consumed 0.10 sec
Gen: 9. Avg 3388.25, Best 3388.25 / m 3, Worst 3388.25
Gen 9 done, no improvement for 9 gens, already consumed 0.11 sec
Do crossover.
already consumed 0.11 sec
Gen: 10. Avg 3388.25, Best 3388.25 / m 3, Worst 3388.25
Gen 10 done, no improvement for 10 gens, already consumed 0.11 sec
Do crossover.
already consumed 0.11 sec
Gen: 11. Avg 3388.25, Best 3388.25 / m 3, Worst 3388.25
Gen 11 done, no improvement for 11 gens, already consumed 0.11 sec
Do crossover.
already consumed 0.11 sec
Gen: 12. Avg 3388.25, Best 3388.25 / m 3, Worst 3388.25
Gen 12 done, no improvement for 12 gens, already consumed 0.12 sec
Do crossover.
already consumed 0.12 sec
Gen: 13. Avg 3388.25, Best 3388.25 / m 3, Worst 3388.25
Gen 13 done, no improvement for 13 gens, already consumed 0.12 sec
Do crossover.
already consumed 0.12 sec
Gen: 14. Avg 3388.25, Best 3388.25 / m 3, Worst 3388.25
Gen 14 done, no improvement for 14 gens, already consumed 0.13 sec
Do crossover.
already consumed 0.13 sec
Gen: 15. Avg 3388.25, Best 3388.25 / m 3, Worst 3388.25
Gen 15 done, no improvement for 15 gens, already consumed 0.13 sec
Do crossover.
already consumed 0.13 sec
Gen: 16. Avg 3388.25, Best 3388.25 / m 3, Worst 3388.25
Gen 16 done, no improvement for 16 gens, already consumed 0.14 sec
Do crossover.
already consumed 0.14 sec
Gen: 17. Avg 3388.25, Best 3388.25 / m 3, Worst 3388.25
Gen 17 done, no improvement for 17 gens, already consumed 0.14 sec
Do crossover.
already consumed 0.14 sec
Gen: 18. Avg 3388.25, Best 3388.25 / m 3, Worst 3388.25
Gen 18 done, no improvement for 18 gens, already consumed 0.14 sec
Do crossover.
already consumed 0.14 sec
Gen: 19. Avg 3388.25, Best 3388.25 / m 3, Worst 3388.25
Gen 19 done, no improvement for 19 gens, already consumed 0.15 sec
Do crossover.
already consumed 0.15 sec
Gen: 20. Avg 3388.25, Best 3388.25 / m 3, Worst 3388.25
Gen 20 done, no improvement for 20 gens, already consumed 0.15 sec
Do crossover.
already consumed 0.15 sec
Gen: 21. Avg 3388.25, Best 3388.25 / m 3, Worst 3388.25
Gen 21 done, no improvement for 21 gens, already consumed 0.16 sec
Run 1 finishes
Avg 3388.25, Best 3388.25 / m 3, Worst 3388.25
Decomposition done, already consumed 0.16 sec
After decomposition
Avg 3388.25, Best 3388.25 / m 3, Worst 3388.25
already consumed 0.16 sec
already consumed 0.16 sec
After local search
Avg 3388.25, Best 3388.25 / m 3, Worst 3388.25
already consumed 0.16 sec
already consumed 0.16 sec
After large neighbourhood search
Avg 3388.25, Best 3388.25 / m 3, Worst 3388.25
Gen 30 done, no improvement for 21 gens, already consumed 0.16 sec
Run 4 finishes
Avg 3388.25, Best 3388.25 / m 3, Worst 3388.25
---------------------------------Run 5---------------------------
Initialization, using rcrs method
Solution 0, cost 3401.97, m 3
best cost 3401.97, m 3
Initialization done.
already consumed 0.00 sec
already consumed 0.00 sec
After local search
Avg 3401.97, Best 3401.97 / m 3, Worst 3401.97
already consumed 0.01 sec
After large neighbourhood search
Avg 3401.97, Best 3401.97 / m 3, Worst 3401.97
Gen 1 done, no improvement for 1 gens, already consumed 0.01 sec
already consumed 0.01 sec
After large neighbourhood search
Avg 3401.97, Best 3401.97 / m 3, Worst 3401.97
Gen 2 done, no improvement for 2 gens, already consumed 0.01 sec
already consumed 0.01 sec
After large neighbourhood search
Avg 3388.25, Best 3388.25 / m 3, Worst 3388.25
Gen 3 done, no improvement for 0 gens, already consumed 0.01 sec
already consumed 0.01 sec
After large neighbourhood search
Avg 3388.25, Best 3388.25 / m 3, Worst 3388.25
Gen 4 done, no improvement for 1 gens, already consumed 0.01 sec
already consumed 0.01 sec
After large neighbourhood search
Avg 3388.25, Best 3388.25 / m 3, Worst 3388.25
Gen 5 done, no improvement for 2 gens, already consumed 0.01 sec
already consumed 0.01 sec
After large neighbourhood search
Avg 3388.25, Best 3388.25 / m 3, Worst 3388.25
Gen 6 done, no improvement for 3 gens, already consumed 0.01 sec
already consumed 0.01 sec
After large neighbourhood search
Avg 3388.25, Best 3388.25 / m 3, Worst 3388.25
Gen 7 done, no improvement for 4 gens, already consumed 0.01 sec
already consumed 0.01 sec
After large neighbourhood search
Avg 3388.25, Best 3388.25 / m 3, Worst 3388.25
Gen 8 done, no improvement for 5 gens, already consumed 0.01 sec
already consumed 0.01 sec
After large neighbourhood search
Avg 3388.25, Best 3388.25 / m 3, Worst 3388.25
Gen 9 done, no improvement for 6 gens, already consumed 0.01 sec
already consumed 0.01 sec
After large neighbourhood search
Avg 3388.25, Best 3388.25 / m 3, Worst 3388.25
Gen 10 done, no improvement for 7 gens, already consumed 0.01 sec
already consumed 0.01 sec
After large neighbourhood search
Avg 3388.25, Best 3388.25 / m 3, Worst 3388.25
Gen 11 done, no improvement for 8 gens, already consumed 0.01 sec
already consumed 0.01 sec
After large neighbourhood search
Avg 3388.25, Best 3388.25 / m 3, Worst 3388.25
Gen 12 done, no improvement for 9 gens, already consumed 0.01 sec
already consumed 0.01 sec
After large neighbourhood search
Avg 3388.25, Best 3388.25 / m 3, Worst 3388.25
Gen 13 done, no improvement for 10 gens, already consumed 0.01 sec
already consumed 0.01 sec
After large neighbourhood search
Avg 3388.25, Best 3388.25 / m 3, Worst 3388.25
Gen 14 done, no improvement for 11 gens, already consumed 0.01 sec
already consumed 0.01 sec
After large neighbourhood search
Avg 3388.25, Best 3388.25 / m 3, Worst 3388.25
Gen 15 done, no improvement for 12 gens, already consumed 0.01 sec
already consumed 0.01 sec
After large neighbourhood search
Avg 3388.25, Best 3388.25 / m 3, Worst 3388.25
Gen 16 done, no improvement for 13 gens, already consumed 0.01 sec
already consumed 0.01 sec
After large neighbourhood search
Avg 3388.25, Best 3388.25 / m 3, Worst 3388.25
Gen 17 done, no improvement for 14 gens, already consumed 0.01 sec
already consumed 0.01 sec
After large neighbourhood search
Avg 3388.25, Best 3388.25 / m 3, Worst 3388.25
Gen 18 done, no improvement for 15 gens, already consumed 0.01 sec
already consumed 0.01 sec
After large neighbourhood search
Avg 3388.25, Best 3388.25 / m 3, Worst 3388.25
Gen 19 done, no improvement for 16 gens, already consumed 0.01 sec
already consumed 0.01 sec
After large neighbourhood search
Avg 3388.25, Best 3388.25 / m 3, Worst 3388.25
Gen 20 done, no improvement for 17 gens, already consumed 0.01 sec
already consumed 0.01 sec
After large neighbourhood search
Avg 3388.25, Best 3388.25 / m 3, Worst 3388.25
Gen 21 done, no improvement for 18 gens, already consumed 0.01 sec
already consumed 0.01 sec
After large neighbourhood search
Avg 3388.25, Best 3388.25 / m 3, Worst 3388.25
Gen 22 done, no improvement for 19 gens, already consumed 0.01 sec
already consumed 0.01 sec
After large neighbourhood search
Avg 3388.25, Best 3388.25 / m 3, Worst 3388.25
Gen 23 done, no improvement for 20 gens, already consumed 0.01 sec
sub_problem_num: 1
subproblem 1, customer: 10
Total edges 90, prune by time window 51(56.6667%), prune by capacity 0(0.0000%)
Initialization, using perturb method
Solution 0, cost 3419.59, m 3
Solution 1, cost 3397.16, m 3
Solution 2, cost 3398.86, m 3
Solution 3, cost 3398.86, m 3
Solution 4, cost 3501.03, m 3
Solution 5, cost 3388.25, m 3
Solution 6, cost 3398.86, m 3
Solution 7, cost 4493.27, m 4
Solution 8, cost 3393.76, m 3
best cost 3388.25, m 3
Initialization done.
already consumed 0.02 sec
already consumed 0.07 sec
After local search
Avg 3389.77, Best 3388.25 / m 3, Worst 3401.97
Do crossover.
already consumed 0.07 sec
Gen: 1. Avg 3388.25, Best 3388.25 / m 3, Worst 3388.25
Gen 1 done, no improvement for 1 gens, already consumed 0.07 sec
Do crossover.
already consumed 0.07 sec
Gen: 2. Avg 3388.25, Best 3388.25 / m 3, Worst 3388.25
Gen 2 done, no improvement for 2 gens, already consumed 0.07 sec
Do crossover.
already consumed 0.08 sec
Gen: 3. Avg 3388.25, Best 3388.25 / m 3, Worst 3388.25
Gen 3 done, no improvement for 3 gens, already consumed 0.08 sec
Do crossover.
already consumed 0.08 sec
Gen: 4. Avg 3388.25, Best 3388.25 / m 3, Worst 3388.25
Gen 4 done, no improvement for 4 gens, already consumed 0.08 sec
Do crossover.
already consumed 0.08 sec
Gen: 5. Avg 3388.25, Best 3388.25 / m 3, Worst 3388.25
Gen 5 done, no improvement for 5 gens, already consumed 0.09 sec
Do crossover.
already consumed 0.09 sec
Gen: 6. Avg 3388.25, Best 3388.25 / m 3, Worst 3388.25
Gen 6 done, no improvement for 6 gens, already consumed 0.09 sec
Do crossover.
already consumed 0.09 sec
Gen: 7. Avg 3388.25, Best 3388.25 / m 3, Worst 3388.25
Gen 7 done, no improvement for 7 gens, already consumed 0.09 sec
Do crossover.
already consumed 0.09 sec
Gen: 8. Avg 3388.25, Best 3388.25 / m 3, Worst 3388.25
Gen 8 done, no improvement for 8 gens, already consumed 0.10 sec
Do crossover.
already consumed 0.10 sec
Gen: 9. Avg 3388.25, Best 3388.25 / m 3, Worst 3388.25
Gen 9 done, no improvement for 9 gens, already consumed 0.10 sec
Do crossover.
already consumed 0.10 sec
Gen: 10. Avg 3388.25, Best 3388.25 / m 3, Worst 3388.25
Gen 10 done, no improvement for 10 gens, already consumed 0.10 sec
Do crossover.
already consumed 0.10 sec
Gen: 11. Avg 3388.25, Best 3388.25 / m 3, Worst 3388.25
Gen 11 done, no improvement for 11 gens, already consumed 0.11 sec
Do crossover.
already consumed 0.11 sec
Gen: 12. Avg 3388.25, Best 3388.25 / m 3, Worst 3388.25
Gen 12 done, no improvement for 12 gens, already consumed 0.11 sec
Do crossover.
already consumed 0.11 sec
Gen: 13. Avg 3388.25, Best 3388.25 / m 3, Worst 3388.25
Gen 13 done, no improvement for 13 gens, already consumed 0.12 sec
Do crossover.
already consumed 0.12 sec
Gen: 14. Avg 3388.25, Best 3388.25 / m 3, Worst 3388.25
Gen 14 done, no improvement for 14 gens, already consumed 0.12 sec
Do crossover.
already consumed 0.12 sec
Gen: 15. Avg 3388.25, Best 3388.25 / m 3, Worst 3388.25
Gen 15 done, no improvement for 15 gens, already consumed 0.12 sec
Do crossover.
already consumed 0.12 sec
Gen: 16. Avg 3388.25, Best 3388.25 / m 3, Worst 3388.25
Gen 16 done, no improvement for 16 gens, already consumed 0.13 sec
Do crossover.
already consumed 0.13 sec
Gen: 17. Avg 3388.25, Best 3388.25 / m 3, Worst 3388.25
Gen 17 done, no improvement for 17 gens, already consumed 0.13 sec
Do crossover.
already consumed 0.13 sec
Gen: 18. Avg 3388.25, Best 3388.25 / m 3, Worst 3388.25
Gen 18 done, no improvement for 18 gens, already consumed 0.14 sec
Do crossover.
already consumed 0.14 sec
Gen: 19. Avg 3388.25, Best 3388.25 / m 3, Worst 3388.25
Gen 19 done, no improvement for 19 gens, already consumed 0.14 sec
Do crossover.
already consumed 0.14 sec
Gen: 20. Avg 3388.25, Best 3388.25 / m 3, Worst 3388.25
Gen 20 done, no improvement for 20 gens, already consumed 0.14 sec
Do crossover.
already consumed 0.14 sec
Gen: 21. Avg 3388.25, Best 3388.25 / m 3, Worst 3388.25
Gen 21 done, no improvement for 21 gens, already consumed 0.15 sec
Run 1 finishes
Avg 3388.25, Best 3388.25 / m 3, Worst 3388.25
Decomposition done, already consumed 0.15 sec
After decomposition
Avg 3388.25, Best 3388.25 / m 3, Worst 3388.25
already consumed 0.15 sec
already consumed 0.15 sec
After local search
Avg 3388.25, Best 3388.25 / m 3, Worst 3388.25
already consumed 0.15 sec
already consumed 0.15 sec
After large neighbourhood search
Avg 3388.25, Best 3388.25 / m 3, Worst 3388.25
Gen 24 done, no improvement for 21 gens, already consumed 0.15 sec
Run 5 finishes
Avg 3388.25, Best 3388.25 / m 3, Worst 3388.25
---------------------------------Run 6---------------------------
Initialization, using rcrs method
Solution 0, cost 3401.97, m 3
best cost 3401.97, m 3
Initialization done.
already consumed 0.00 sec
already consumed 0.00 sec
After local search
Avg 3401.97, Best 3401.97 / m 3, Worst 3401.97
already consumed 0.01 sec
After large neighbourhood search
Avg 3401.97, Best 3401.97 / m 3, Worst 3401.97
Gen 1 done, no improvement for 1 gens, already consumed 0.01 sec
already consumed 0.01 sec
After large neighbourhood search
Avg 3401.97, Best 3401.97 / m 3, Worst 3401.97
Gen 2 done, no improvement for 2 gens, already consumed 0.01 sec
already consumed 0.01 sec
After large neighbourhood search
Avg 3401.97, Best 3401.97 / m 3, Worst 3401.97
Gen 3 done, no improvement for 3 gens, already consumed 0.01 sec
already consumed 0.01 sec
After large neighbourhood search
Avg 3401.97, Best 3401.97 / m 3, Worst 3401.97
Gen 4 done, no improvement for 4 gens, already consumed 0.01 sec
already consumed 0.01 sec
After large neighbourhood search
Avg 3388.25, Best 3388.25 / m 3, Worst 3388.25
Gen 5 done, no improvement for 0 gens, already consumed 0.01 sec
already consumed 0.01 sec
After large neighbourhood search
Avg 3388.25, Best 3388.25 / m 3, Worst 3388.25
Gen 6 done, no improvement for 1 gens, already consumed 0.01 sec
already consumed 0.01 sec
After large neighbourhood search
Avg 3388.25, Best 3388.25 / m 3, Worst 3388.25
Gen 7 done, no improvement for 2 gens, already consumed 0.01 sec
already consumed 0.01 sec
After large neighbourhood search
Avg 3388.25, Best 3388.25 / m 3, Worst 3388.25
Gen 8 done, no improvement for 3 gens, already consumed 0.01 sec
already consumed 0.01 sec
After large neighbourhood search
Avg 3388.25, Best 3388.25 / m 3, Worst 3388.25
Gen 9 done, no improvement for 4 gens, already consumed 0.01 sec
already consumed 0.01 sec
After large neighbourhood search
Avg 3388.25, Best 3388.25 / m 3, Worst 3388.25
Gen 10 done, no improvement for 5 gens, already consumed 0.01 sec
already consumed 0.01 sec
After large neighbourhood search
Avg 3388.25, Best 3388.25 / m 3, Worst 3388.25
Gen 11 done, no improvement for 6 gens, already consumed 0.01 sec
already consumed 0.01 sec
After large neighbourhood search
Avg 3388.25, Best 3388.25 / m 3, Worst 3388.25
Gen 12 done, no improvement for 7 gens, already consumed 0.01 sec
already consumed 0.01 sec
After large neighbourhood search
Avg 3388.25, Best 3388.25 / m 3, Worst 3388.25
Gen 13 done, no improvement for 8 gens, already consumed 0.01 sec
already consumed 0.01 sec
After large neighbourhood search
Avg 3388.25, Best 3388.25 / m 3, Worst 3388.25
Gen 14 done, no improvement for 9 gens, already consumed 0.01 sec
already consumed 0.01 sec
After large neighbourhood search
Avg 3388.25, Best 3388.25 / m 3, Worst 3388.25
Gen 15 done, no improvement for 10 gens, already consumed 0.01 sec
already consumed 0.01 sec
After large neighbourhood search
Avg 3388.25, Best 3388.25 / m 3, Worst 3388.25
Gen 16 done, no improvement for 11 gens, already consumed 0.01 sec
already consumed 0.01 sec
After large neighbourhood search
Avg 3388.25, Best 3388.25 / m 3, Worst 3388.25
Gen 17 done, no improvement for 12 gens, already consumed 0.01 sec
already consumed 0.01 sec
After large neighbourhood search
Avg 3388.25, Best 3388.25 / m 3, Worst 3388.25
Gen 18 done, no improvement for 13 gens, already consumed 0.01 sec
already consumed 0.01 sec
After large neighbourhood search
Avg 3388.25, Best 3388.25 / m 3, Worst 3388.25
Gen 19 done, no improvement for 14 gens, already consumed 0.01 sec
already consumed 0.01 sec
After large neighbourhood search
Avg 3388.25, Best 3388.25 / m 3, Worst 3388.25
Gen 20 done, no improvement for 15 gens, already consumed 0.01 sec
already consumed 0.01 sec
After large neighbourhood search
Avg 3388.25, Best 3388.25 / m 3, Worst 3388.25
Gen 21 done, no improvement for 16 gens, already consumed 0.01 sec
already consumed 0.01 sec
After large neighbourhood search
Avg 3388.25, Best 3388.25 / m 3, Worst 3388.25
Gen 22 done, no improvement for 17 gens, already consumed 0.01 sec
already consumed 0.01 sec
After large neighbourhood search
Avg 3388.25, Best 3388.25 / m 3, Worst 3388.25
Gen 23 done, no improvement for 18 gens, already consumed 0.01 sec
already consumed 0.02 sec
After large neighbourhood search
Avg 3388.25, Best 3388.25 / m 3, Worst 3388.25
Gen 24 done, no improvement for 19 gens, already consumed 0.02 sec
already consumed 0.02 sec
After large neighbourhood search
Avg 3388.25, Best 3388.25 / m 3, Worst 3388.25
Gen 25 done, no improvement for 20 gens, already consumed 0.02 sec
sub_problem_num: 1
subproblem 1, customer: 10
Total edges 90, prune by time window 51(56.6667%), prune by capacity 0(0.0000%)
Initialization, using perturb method
Solution 0, cost 3419.59, m 3
Solution 1, cost 3397.16, m 3
Solution 2, cost 3398.86, m 3
Solution 3, cost 3398.86, m 3
Solution 4, cost 3501.03, m 3
Solution 5, cost 3388.25, m 3
Solution 6, cost 3398.86, m 3
Solution 7, cost 4493.27, m 4
Solution 8, cost 3393.76, m 3
best cost 3388.25, m 3
Initialization done.
already consumed 0.02 sec
already consumed 0.07 sec
After local search
Avg 3389.77, Best 3388.25 / m 3, Worst 3401.97
Do crossover.
already consumed 0.07 sec
Gen: 1. Avg 3388.25, Best 3388.25 / m 3, Worst 3388.25
Gen 1 done, no improvement for 1 gens, already consumed 0.07 sec
Do crossover.
already consumed 0.07 sec
Gen: 2. Avg 3388.25, Best 3388.25 / m 3, Worst 3388.25
Gen 2 done, no improvement for 2 gens, already consumed 0.08 sec
Do crossover.
already consumed 0.08 sec
Gen: 3. Avg 3388.25, Best 3388.25 / m 3, Worst 3388.25
Gen 3 done, no improvement for 3 gens, already consumed 0.08 sec
Do crossover.
already consumed 0.08 sec
Gen: 4. Avg 3388.25, Best 3388.25 / m 3, Worst 3388.25
Gen 4 done, no improvement for 4 gens, already consumed 0.08 sec
Do crossover.
already consumed 0.08 sec
Gen: 5. Avg 3388.25, Best 3388.25 / m 3, Worst 3388.25
Gen 5 done, no improvement for 5 gens, already consumed 0.09 sec
Do crossover.
already consumed 0.09 sec
Gen: 6. Avg 3388.25, Best 3388.25 / m 3, Worst 3388.25
Gen 6 done, no improvement for 6 gens, already consumed 0.09 sec
Do crossover.
already consumed 0.09 sec
Gen: 7. Avg 3388.25, Best 3388.25 / m 3, Worst 3388.25
Gen 7 done, no improvement for 7 gens, already consumed 0.09 sec
Do crossover.
already consumed 0.09 sec
Gen: 8. Avg 3388.25, Best 3388.25 / m 3, Worst 3388.25
Gen 8 done, no improvement for 8 gens, already consumed 0.10 sec
Do crossover.
already consumed 0.10 sec
Gen: 9. Avg 3388.25, Best 3388.25 / m 3, Worst 3388.25
Gen 9 done, no improvement for 9 gens, already consumed 0.10 sec
Do crossover.
already consumed 0.10 sec
Gen: 10. Avg 3388.25, Best 3388.25 / m 3, Worst 3388.25
Gen 10 done, no improvement for 10 gens, already consumed 0.10 sec
Do crossover.
already consumed 0.10 sec
Gen: 11. Avg 3388.25, Best 3388.25 / m 3, Worst 3388.25
Gen 11 done, no improvement for 11 gens, already consumed 0.11 sec
Do crossover.
already consumed 0.11 sec
Gen: 12. Avg 3388.25, Best 3388.25 / m 3, Worst 3388.25
Gen 12 done, no improvement for 12 gens, already consumed 0.11 sec
Do crossover.
already consumed 0.11 sec
Gen: 13. Avg 3388.25, Best 3388.25 / m 3, Worst 3388.25
Gen 13 done, no improvement for 13 gens, already consumed 0.12 sec
Do crossover.
already consumed 0.12 sec
Gen: 14. Avg 3388.25, Best 3388.25 / m 3, Worst 3388.25
Gen 14 done, no improvement for 14 gens, already consumed 0.12 sec
Do crossover.
already consumed 0.12 sec
Gen: 15. Avg 3388.25, Best 3388.25 / m 3, Worst 3388.25
Gen 15 done, no improvement for 15 gens, already consumed 0.12 sec
Do crossover.
already consumed 0.12 sec
Gen: 16. Avg 3388.25, Best 3388.25 / m 3, Worst 3388.25
Gen 16 done, no improvement for 16 gens, already consumed 0.13 sec
Do crossover.
already consumed 0.13 sec
Gen: 17. Avg 3388.25, Best 3388.25 / m 3, Worst 3388.25
Gen 17 done, no improvement for 17 gens, already consumed 0.13 sec
Do crossover.
already consumed 0.13 sec
Gen: 18. Avg 3388.25, Best 3388.25 / m 3, Worst 3388.25
Gen 18 done, no improvement for 18 gens, already consumed 0.14 sec
Do crossover.
already consumed 0.14 sec
Gen: 19. Avg 3388.25, Best 3388.25 / m 3, Worst 3388.25
Gen 19 done, no improvement for 19 gens, already consumed 0.14 sec
Do crossover.
already consumed 0.14 sec
Gen: 20. Avg 3388.25, Best 3388.25 / m 3, Worst 3388.25
Gen 20 done, no improvement for 20 gens, already consumed 0.14 sec
Do crossover.
already consumed 0.14 sec
Gen: 21. Avg 3388.25, Best 3388.25 / m 3, Worst 3388.25
Gen 21 done, no improvement for 21 gens, already consumed 0.15 sec
Run 1 finishes
Avg 3388.25, Best 3388.25 / m 3, Worst 3388.25
Decomposition done, already consumed 0.15 sec
After decomposition
Avg 3388.25, Best 3388.25 / m 3, Worst 3388.25
already consumed 0.15 sec
already consumed 0.15 sec
After local search
Avg 3388.25, Best 3388.25 / m 3, Worst 3388.25
already consumed 0.15 sec
already consumed 0.15 sec
After large neighbourhood search
Avg 3388.25, Best 3388.25 / m 3, Worst 3388.25
Gen 26 done, no improvement for 21 gens, already consumed 0.15 sec
Run 6 finishes
Avg 3388.25, Best 3388.25 / m 3, Worst 3388.25
---------------------------------Run 7---------------------------
Initialization, using rcrs method
Solution 0, cost 3401.97, m 3
best cost 3401.97, m 3
Initialization done.
already consumed 0.00 sec
already consumed 0.00 sec
After local search
Avg 3388.25, Best 3388.25 / m 3, Worst 3388.25
already consumed 0.00 sec
After large neighbourhood search
Avg 3388.25, Best 3388.25 / m 3, Worst 3388.25
Gen 1 done, no improvement for 1 gens, already consumed 0.00 sec
already consumed 0.00 sec
After large neighbourhood search
Avg 3388.25, Best 3388.25 / m 3, Worst 3388.25
Gen 2 done, no improvement for 2 gens, already consumed 0.00 sec
already consumed 0.00 sec
After large neighbourhood search
Avg 3388.25, Best 3388.25 / m 3, Worst 3388.25
Gen 3 done, no improvement for 3 gens, already consumed 0.00 sec
already consumed 0.00 sec
After large neighbourhood search
Avg 3388.25, Best 3388.25 / m 3, Worst 3388.25
Gen 4 done, no improvement for 4 gens, already consumed 0.00 sec
already consumed 0.01 sec
After large neighbourhood search
Avg 3388.25, Best 3388.25 / m 3, Worst 3388.25
Gen 5 done, no improvement for 5 gens, already consumed 0.01 sec
already consumed 0.01 sec
After large neighbourhood search
Avg 3388.25, Best 3388.25 / m 3, Worst 3388.25
Gen 6 done, no improvement for 6 gens, already consumed 0.01 sec
already consumed 0.01 sec
After large neighbourhood search
Avg 3388.25, Best 3388.25 / m 3, Worst 3388.25
Gen 7 done, no improvement for 7 gens, already consumed 0.01 sec
already consumed 0.01 sec
After large neighbourhood search
Avg 3388.25, Best 3388.25 / m 3, Worst 3388.25
Gen 8 done, no improvement for 8 gens, already consumed 0.01 sec
already consumed 0.01 sec
After large neighbourhood search
Avg 3388.25, Best 3388.25 / m 3, Worst 3388.25
Gen 9 done, no improvement for 9 gens, already consumed 0.01 sec
already consumed 0.01 sec
After large neighbourhood search
Avg 3388.25, Best 3388.25 / m 3, Worst 3388.25
Gen 10 done, no improvement for 10 gens, already consumed 0.01 sec
already consumed 0.01 sec
After large neighbourhood search
Avg 3388.25, Best 3388.25 / m 3, Worst 3388.25
Gen 11 done, no improvement for 11 gens, already consumed 0.01 sec
already consumed 0.01 sec
After large neighbourhood search
Avg 3388.25, Best 3388.25 / m 3, Worst 3388.25
Gen 12 done, no improvement for 12 gens, already consumed 0.01 sec
already consumed 0.01 sec
After large neighbourhood search
Avg 3388.25, Best 3388.25 / m 3, Worst 3388.25
Gen 13 done, no improvement for 13 gens, already consumed 0.01 sec
already consumed 0.01 sec
After large neighbourhood search
Avg 3388.25, Best 3388.25 / m 3, Worst 3388.25
Gen 14 done, no improvement for 14 gens, already consumed 0.01 sec
already consumed 0.01 sec
After large neighbourhood search
Avg 3388.25, Best 3388.25 / m 3, Worst 3388.25
Gen 15 done, no improvement for 15 gens, already consumed 0.01 sec
already consumed 0.01 sec
After large neighbourhood search
Avg 3388.25, Best 3388.25 / m 3, Worst 3388.25
Gen 16 done, no improvement for 16 gens, already consumed 0.01 sec
already consumed 0.01 sec
After large neighbourhood search
Avg 3388.25, Best 3388.25 / m 3, Worst 3388.25
Gen 17 done, no improvement for 17 gens, already consumed 0.01 sec
already consumed 0.01 sec
After large neighbourhood search
Avg 3388.25, Best 3388.25 / m 3, Worst 3388.25
Gen 18 done, no improvement for 18 gens, already consumed 0.01 sec
already consumed 0.01 sec
After large neighbourhood search
Avg 3388.25, Best 3388.25 / m 3, Worst 3388.25
Gen 19 done, no improvement for 19 gens, already consumed 0.01 sec
already consumed 0.01 sec
After large neighbourhood search
Avg 3388.25, Best 3388.25 / m 3, Worst 3388.25
Gen 20 done, no improvement for 20 gens, already consumed 0.01 sec
sub_problem_num: 1
subproblem 1, customer: 10
Total edges 90, prune by time window 51(56.6667%), prune by capacity 0(0.0000%)
Initialization, using perturb method
Solution 0, cost 3419.59, m 3
Solution 1, cost 3397.16, m 3
Solution 2, cost 3398.86, m 3
Solution 3, cost 3398.86, m 3
Solution 4, cost 3501.03, m 3
Solution 5, cost 3388.25, m 3
Solution 6, cost 3398.86, m 3
Solution 7, cost 4493.27, m 4
Solution 8, cost 3393.76, m 3
best cost 3388.25, m 3
Initialization done.
already consumed 0.01 sec
already consumed 0.06 sec
After local search
Avg 3389.77, Best 3388.25 / m 3, Worst 3401.97
Do crossover.
already consumed 0.06 sec
Gen: 1. Avg 3388.25, Best 3388.25 / m 3, Worst 3388.25
Gen 1 done, no improvement for 1 gens, already consumed 0.07 sec
Do crossover.
already consumed 0.07 sec
Gen: 2. Avg 3388.25, Best 3388.25 / m 3, Worst 3388.25
Gen 2 done, no improvement for 2 gens, already consumed 0.07 sec
Do crossover.
already consumed 0.07 sec
Gen: 3. Avg 3388.25, Best 3388.25 / m 3, Worst 3388.25
Gen 3 done, no improvement for 3 gens, already consumed 0.07 sec
Do crossover.
already consumed 0.07 sec
Gen: 4. Avg 3388.25, Best 3388.25 / m 3, Worst 3388.25
Gen 4 done, no improvement for 4 gens, already consumed 0.08 sec
Do crossover.
already consumed 0.08 sec
Gen: 5. Avg 3388.25, Best 3388.25 / m 3, Worst 3388.25
Gen 5 done, no improvement for 5 gens, already consumed 0.08 sec
Do crossover.
already consumed 0.08 sec
Gen: 6. Avg 3388.25, Best 3388.25 / m 3, Worst 3388.25
Gen 6 done, no improvement for 6 gens, already consumed 0.08 sec
Do crossover.
already consumed 0.08 sec
Gen: 7. Avg 3388.25, Best 3388.25 / m 3, Worst 3388.25
Gen 7 done, no improvement for 7 gens, already consumed 0.09 sec
Do crossover.
already consumed 0.09 sec
Gen: 8. Avg 3388.25, Best 3388.25 / m 3, Worst 3388.25
Gen 8 done, no improvement for 8 gens, already consumed 0.09 sec
Do crossover.
already consumed 0.09 sec
Gen: 9. Avg 3388.25, Best 3388.25 / m 3, Worst 3388.25
Gen 9 done, no improvement for 9 gens, already consumed 0.09 sec
Do crossover.
already consumed 0.09 sec
Gen: 10. Avg 3388.25, Best 3388.25 / m 3, Worst 3388.25
Gen 10 done, no improvement for 10 gens, already consumed 0.10 sec
Do crossover.
already consumed 0.10 sec
Gen: 11. Avg 3388.25, Best 3388.25 / m 3, Worst 3388.25
Gen 11 done, no improvement for 11 gens, already consumed 0.10 sec
Do crossover.
already consumed 0.10 sec
Gen: 12. Avg 3388.25, Best 3388.25 / m 3, Worst 3388.25
Gen 12 done, no improvement for 12 gens, already consumed 0.11 sec
Do crossover.
already consumed 0.11 sec
Gen: 13. Avg 3388.25, Best 3388.25 / m 3, Worst 3388.25
Gen 13 done, no improvement for 13 gens, already consumed 0.11 sec
Do crossover.
already consumed 0.11 sec
Gen: 14. Avg 3388.25, Best 3388.25 / m 3, Worst 3388.25
Gen 14 done, no improvement for 14 gens, already consumed 0.11 sec
Do crossover.
already consumed 0.11 sec
Gen: 15. Avg 3388.25, Best 3388.25 / m 3, Worst 3388.25
Gen 15 done, no improvement for 15 gens, already consumed 0.12 sec
Do crossover.
already consumed 0.12 sec
Gen: 16. Avg 3388.25, Best 3388.25 / m 3, Worst 3388.25
Gen 16 done, no improvement for 16 gens, already consumed 0.12 sec
Do crossover.
already consumed 0.12 sec
Gen: 17. Avg 3388.25, Best 3388.25 / m 3, Worst 3388.25
Gen 17 done, no improvement for 17 gens, already consumed 0.13 sec
Do crossover.
already consumed 0.13 sec
Gen: 18. Avg 3388.25, Best 3388.25 / m 3, Worst 3388.25
Gen 18 done, no improvement for 18 gens, already consumed 0.13 sec
Do crossover.
already consumed 0.13 sec
Gen: 19. Avg 3388.25, Best 3388.25 / m 3, Worst 3388.25
Gen 19 done, no improvement for 19 gens, already consumed 0.14 sec
Do crossover.
already consumed 0.14 sec
Gen: 20. Avg 3388.25, Best 3388.25 / m 3, Worst 3388.25
Gen 20 done, no improvement for 20 gens, already consumed 0.14 sec
Do crossover.
already consumed 0.14 sec
Gen: 21. Avg 3388.25, Best 3388.25 / m 3, Worst 3388.25
Gen 21 done, no improvement for 21 gens, already consumed 0.14 sec
Run 1 finishes
Avg 3388.25, Best 3388.25 / m 3, Worst 3388.25
Decomposition done, already consumed 0.14 sec
After decomposition
Avg 3388.25, Best 3388.25 / m 3, Worst 3388.25
already consumed 0.14 sec
already consumed 0.14 sec
After local search
Avg 3388.25, Best 3388.25 / m 3, Worst 3388.25
already consumed 0.14 sec
already consumed 0.14 sec
After large neighbourhood search
Avg 3388.25, Best 3388.25 / m 3, Worst 3388.25
Gen 21 done, no improvement for 21 gens, already consumed 0.14 sec
Run 7 finishes
Avg 3388.25, Best 3388.25 / m 3, Worst 3388.25
---------------------------------Run 8---------------------------
Initialization, using rcrs method
Solution 0, cost 3415.80, m 3
best cost 3415.80, m 3
Initialization done.
already consumed 0.00 sec
already consumed 0.01 sec
After local search
Avg 3401.97, Best 3401.97 / m 3, Worst 3401.97
already consumed 0.01 sec
After large neighbourhood search
Avg 3401.97, Best 3401.97 / m 3, Worst 3401.97
Gen 1 done, no improvement for 1 gens, already consumed 0.01 sec
already consumed 0.01 sec
After large neighbourhood search
Avg 3401.97, Best 3401.97 / m 3, Worst 3401.97
Gen 2 done, no improvement for 2 gens, already consumed 0.01 sec
already consumed 0.01 sec
After large neighbourhood search
Avg 3401.97, Best 3401.97 / m 3, Worst 3401.97
Gen 3 done, no improvement for 3 gens, already consumed 0.01 sec
already consumed 0.01 sec
After large neighbourhood search
Avg 3401.97, Best 3401.97 / m 3, Worst 3401.97
Gen 4 done, no improvement for 4 gens, already consumed 0.01 sec
already consumed 0.01 sec
After large neighbourhood search
Avg 3388.25, Best 3388.25 / m 3, Worst 3388.25
Gen 5 done, no improvement for 0 gens, already consumed 0.01 sec
already consumed 0.01 sec
After large neighbourhood search
Avg 3388.25, Best 3388.25 / m 3, Worst 3388.25
Gen 6 done, no improvement for 1 gens, already consumed 0.01 sec
already consumed 0.01 sec
After large neighbourhood search
Avg 3388.25, Best 3388.25 / m 3, Worst 3388.25
Gen 7 done, no improvement for 2 gens, already consumed 0.01 sec
already consumed 0.02 sec
After large neighbourhood search
Avg 3388.25, Best 3388.25 / m 3, Worst 3388.25
Gen 8 done, no improvement for 3 gens, already consumed 0.02 sec
already consumed 0.02 sec
After large neighbourhood search
Avg 3388.25, Best 3388.25 / m 3, Worst 3388.25
Gen 9 done, no improvement for 4 gens, already consumed 0.02 sec
already consumed 0.02 sec
After large neighbourhood search
Avg 3388.25, Best 3388.25 / m 3, Worst 3388.25
Gen 10 done, no improvement for 5 gens, already consumed 0.02 sec
already consumed 0.02 sec
After large neighbourhood search
Avg 3388.25, Best 3388.25 / m 3, Worst 3388.25
Gen 11 done, no improvement for 6 gens, already consumed 0.02 sec
already consumed 0.02 sec
After large neighbourhood search
Avg 3388.25, Best 3388.25 / m 3, Worst 3388.25
Gen 12 done, no improvement for 7 gens, already consumed 0.02 sec
already consumed 0.02 sec
After large neighbourhood search
Avg 3388.25, Best 3388.25 / m 3, Worst 3388.25
Gen 13 done, no improvement for 8 gens, already consumed 0.02 sec
already consumed 0.02 sec
After large neighbourhood search
Avg 3388.25, Best 3388.25 / m 3, Worst 3388.25
Gen 14 done, no improvement for 9 gens, already consumed 0.02 sec
already consumed 0.02 sec
After large neighbourhood search
Avg 3388.25, Best 3388.25 / m 3, Worst 3388.25
Gen 15 done, no improvement for 10 gens, already consumed 0.02 sec
already consumed 0.02 sec
After large neighbourhood search
Avg 3388.25, Best 3388.25 / m 3, Worst 3388.25
Gen 16 done, no improvement for 11 gens, already consumed 0.02 sec
already consumed 0.02 sec
After large neighbourhood search
Avg 3388.25, Best 3388.25 / m 3, Worst 3388.25
Gen 17 done, no improvement for 12 gens, already consumed 0.02 sec
already consumed 0.02 sec
After large neighbourhood search
Avg 3388.25, Best 3388.25 / m 3, Worst 3388.25
Gen 18 done, no improvement for 13 gens, already consumed 0.02 sec
already consumed 0.02 sec
After large neighbourhood search
Avg 3388.25, Best 3388.25 / m 3, Worst 3388.25
Gen 19 done, no improvement for 14 gens, already consumed 0.02 sec
already consumed 0.02 sec
After large neighbourhood search
Avg 3388.25, Best 3388.25 / m 3, Worst 3388.25
Gen 20 done, no improvement for 15 gens, already consumed 0.02 sec
already consumed 0.02 sec
After large neighbourhood search
Avg 3388.25, Best 3388.25 / m 3, Worst 3388.25
Gen 21 done, no improvement for 16 gens, already consumed 0.02 sec
already consumed 0.02 sec
After large neighbourhood search
Avg 3388.25, Best 3388.25 / m 3, Worst 3388.25
Gen 22 done, no improvement for 17 gens, already consumed 0.02 sec
already consumed 0.02 sec
After large neighbourhood search
Avg 3388.25, Best 3388.25 / m 3, Worst 3388.25
Gen 23 done, no improvement for 18 gens, already consumed 0.02 sec
already consumed 0.02 sec
After large neighbourhood search
Avg 3388.25, Best 3388.25 / m 3, Worst 3388.25
Gen 24 done, no improvement for 19 gens, already consumed 0.02 sec
already consumed 0.02 sec
After large neighbourhood search
Avg 3388.25, Best 3388.25 / m 3, Worst 3388.25
Gen 25 done, no improvement for 20 gens, already consumed 0.02 sec
sub_problem_num: 1
subproblem 1, customer: 10
Total edges 90, prune by time window 51(56.6667%), prune by capacity 0(0.0000%)
Initialization, using perturb method
Solution 0, cost 4462.03, m 4
Solution 1, cost 3441.72, m 3
Solution 2, cost 3421.39, m 3
Solution 3, cost 3398.86, m 3
Solution 4, cost 3403.77, m 3
Solution 5, cost 3393.76, m 3
Solution 6, cost 3501.03, m 3
Solution 7, cost 3388.25, m 3
Solution 8, cost 3388.25, m 3
best cost 3388.25, m 3
Initialization done.
already consumed 0.03 sec
already consumed 0.05 sec
After local search
Avg 3391.30, Best 3388.25 / m 3, Worst 3401.97
Do crossover.
already consumed 0.05 sec
Gen: 1. Avg 3388.25, Best 3388.25 / m 3, Worst 3388.25
Gen 1 done, no improvement for 1 gens, already consumed 0.06 sec
Do crossover.
already consumed 0.06 sec
Gen: 2. Avg 3388.25, Best 3388.25 / m 3, Worst 3388.25
Gen 2 done, no improvement for 2 gens, already consumed 0.07 sec
Do crossover.
already consumed 0.07 sec
Gen: 3. Avg 3388.25, Best 3388.25 / m 3, Worst 3388.25
Gen 3 done, no improvement for 3 gens, already consumed 0.07 sec
Do crossover.
already consumed 0.07 sec
Gen: 4. Avg 3388.25, Best 3388.25 / m 3, Worst 3388.25
Gen 4 done, no improvement for 4 gens, already consumed 0.07 sec
Do crossover.
already consumed 0.07 sec
Gen: 5. Avg 3388.25, Best 3388.25 / m 3, Worst 3388.25
Gen 5 done, no improvement for 5 gens, already consumed 0.07 sec
Do crossover.
already consumed 0.07 sec
Gen: 6. Avg 3388.25, Best 3388.25 / m 3, Worst 3388.25
Gen 6 done, no improvement for 6 gens, already consumed 0.08 sec
Do crossover.
already consumed 0.08 sec
Gen: 7. Avg 3388.25, Best 3388.25 / m 3, Worst 3388.25
Gen 7 done, no improvement for 7 gens, already consumed 0.08 sec
Do crossover.
already consumed 0.08 sec
Gen: 8. Avg 3388.25, Best 3388.25 / m 3, Worst 3388.25
Gen 8 done, no improvement for 8 gens, already consumed 0.08 sec
Do crossover.
already consumed 0.08 sec
Gen: 9. Avg 3388.25, Best 3388.25 / m 3, Worst 3388.25
Gen 9 done, no improvement for 9 gens, already consumed 0.09 sec
Do crossover.
already consumed 0.09 sec
Gen: 10. Avg 3388.25, Best 3388.25 / m 3, Worst 3388.25
Gen 10 done, no improvement for 10 gens, already consumed 0.09 sec
Do crossover.
already consumed 0.09 sec
Gen: 11. Avg 3388.25, Best 3388.25 / m 3, Worst 3388.25
Gen 11 done, no improvement for 11 gens, already consumed 0.09 sec
Do crossover.
already consumed 0.09 sec
Gen: 12. Avg 3388.25, Best 3388.25 / m 3, Worst 3388.25
Gen 12 done, no improvement for 12 gens, already consumed 0.10 sec
Do crossover.
already consumed 0.10 sec
Gen: 13. Avg 3388.25, Best 3388.25 / m 3, Worst 3388.25
Gen 13 done, no improvement for 13 gens, already consumed 0.10 sec
Do crossover.
already consumed 0.10 sec
Gen: 14. Avg 3388.25, Best 3388.25 / m 3, Worst 3388.25
Gen 14 done, no improvement for 14 gens, already consumed 0.10 sec
Do crossover.
already consumed 0.10 sec
Gen: 15. Avg 3388.25, Best 3388.25 / m 3, Worst 3388.25
Gen 15 done, no improvement for 15 gens, already consumed 0.10 sec
Do crossover.
already consumed 0.10 sec
Gen: 16. Avg 3388.25, Best 3388.25 / m 3, Worst 3388.25
Gen 16 done, no improvement for 16 gens, already consumed 0.11 sec
Do crossover.
already consumed 0.11 sec
Gen: 17. Avg 3388.25, Best 3388.25 / m 3, Worst 3388.25
Gen 17 done, no improvement for 17 gens, already consumed 0.11 sec
Do crossover.
already consumed 0.11 sec
Gen: 18. Avg 3388.25, Best 3388.25 / m 3, Worst 3388.25
Gen 18 done, no improvement for 18 gens, already consumed 0.11 sec
Do crossover.
already consumed 0.11 sec
Gen: 19. Avg 3388.25, Best 3388.25 / m 3, Worst 3388.25
Gen 19 done, no improvement for 19 gens, already consumed 0.12 sec
Do crossover.
already consumed 0.12 sec
Gen: 20. Avg 3388.25, Best 3388.25 / m 3, Worst 3388.25
Gen 20 done, no improvement for 20 gens, already consumed 0.12 sec
Do crossover.
already consumed 0.12 sec
Gen: 21. Avg 3388.25, Best 3388.25 / m 3, Worst 3388.25
Gen 21 done, no improvement for 21 gens, already consumed 0.12 sec
Run 1 finishes
Avg 3388.25, Best 3388.25 / m 3, Worst 3388.25
Decomposition done, already consumed 0.12 sec
After decomposition
Avg 3388.25, Best 3388.25 / m 3, Worst 3388.25
already consumed 0.12 sec
already consumed 0.12 sec
After local search
Avg 3388.25, Best 3388.25 / m 3, Worst 3388.25
already consumed 0.12 sec
already consumed 0.12 sec
After large neighbourhood search
Avg 3388.25, Best 3388.25 / m 3, Worst 3388.25
Gen 26 done, no improvement for 21 gens, already consumed 0.12 sec
Run 8 finishes
Avg 3388.25, Best 3388.25 / m 3, Worst 3388.25
---------------------------------Run 9---------------------------
Initialization, using rcrs method
Solution 0, cost 3433.57, m 3
best cost 3433.57, m 3
Initialization done.
already consumed 0.00 sec
already consumed 0.00 sec
After local search
Avg 3388.25, Best 3388.25 / m 3, Worst 3388.25
already consumed 0.00 sec
After large neighbourhood search
Avg 3388.25, Best 3388.25 / m 3, Worst 3388.25
Gen 1 done, no improvement for 1 gens, already consumed 0.00 sec
already consumed 0.00 sec
After large neighbourhood search
Avg 3388.25, Best 3388.25 / m 3, Worst 3388.25
Gen 2 done, no improvement for 2 gens, already consumed 0.00 sec
already consumed 0.00 sec
After large neighbourhood search
Avg 3388.25, Best 3388.25 / m 3, Worst 3388.25
Gen 3 done, no improvement for 3 gens, already consumed 0.00 sec
already consumed 0.00 sec
After large neighbourhood search
Avg 3388.25, Best 3388.25 / m 3, Worst 3388.25
Gen 4 done, no improvement for 4 gens, already consumed 0.00 sec
already consumed 0.00 sec
After large neighbourhood search
Avg 3388.25, Best 3388.25 / m 3, Worst 3388.25
Gen 5 done, no improvement for 5 gens, already consumed 0.00 sec
already consumed 0.00 sec
After large neighbourhood search
Avg 3388.25, Best 3388.25 / m 3, Worst 3388.25
Gen 6 done, no improvement for 6 gens, already consumed 0.00 sec
already consumed 0.00 sec
After large neighbourhood search
Avg 3388.25, Best 3388.25 / m 3, Worst 3388.25
Gen 7 done, no improvement for 7 gens, already consumed 0.00 sec
already consumed 0.00 sec
After large neighbourhood search
Avg 3388.25, Best 3388.25 / m 3, Worst 3388.25
Gen 8 done, no improvement for 8 gens, already consumed 0.00 sec
already consumed 0.00 sec
After large neighbourhood search
Avg 3388.25, Best 3388.25 / m 3, Worst 3388.25
Gen 9 done, no improvement for 9 gens, already consumed 0.00 sec
already consumed 0.00 sec
After large neighbourhood search
Avg 3388.25, Best 3388.25 / m 3, Worst 3388.25
Gen 10 done, no improvement for 10 gens, already consumed 0.00 sec
already consumed 0.00 sec
After large neighbourhood search
Avg 3388.25, Best 3388.25 / m 3, Worst 3388.25
Gen 11 done, no improvement for 11 gens, already consumed 0.00 sec
already consumed 0.00 sec
After large neighbourhood search
Avg 3388.25, Best 3388.25 / m 3, Worst 3388.25
Gen 12 done, no improvement for 12 gens, already consumed 0.00 sec
already consumed 0.00 sec
After large neighbourhood search
Avg 3388.25, Best 3388.25 / m 3, Worst 3388.25
Gen 13 done, no improvement for 13 gens, already consumed 0.00 sec
already consumed 0.01 sec
After large neighbourhood search
Avg 3388.25, Best 3388.25 / m 3, Worst 3388.25
Gen 14 done, no improvement for 14 gens, already consumed 0.01 sec
already consumed 0.01 sec
After large neighbourhood search
Avg 3388.25, Best 3388.25 / m 3, Worst 3388.25
Gen 15 done, no improvement for 15 gens, already consumed 0.01 sec
already consumed 0.01 sec
After large neighbourhood search
Avg 3388.25, Best 3388.25 / m 3, Worst 3388.25
Gen 16 done, no improvement for 16 gens, already consumed 0.01 sec
already consumed 0.01 sec
After large neighbourhood search
Avg 3388.25, Best 3388.25 / m 3, Worst 3388.25
Gen 17 done, no improvement for 17 gens, already consumed 0.01 sec
already consumed 0.01 sec
After large neighbourhood search
Avg 3388.25, Best 3388.25 / m 3, Worst 3388.25
Gen 18 done, no improvement for 18 gens, already consumed 0.01 sec
already consumed 0.01 sec
After large neighbourhood search
Avg 3388.25, Best 3388.25 / m 3, Worst 3388.25
Gen 19 done, no improvement for 19 gens, already consumed 0.01 sec
already consumed 0.01 sec
After large neighbourhood search
Avg 3388.25, Best 3388.25 / m 3, Worst 3388.25
Gen 20 done, no improvement for 20 gens, already consumed 0.01 sec
sub_problem_num: 1
subproblem 1, customer: 10
Total edges 90, prune by time window 51(56.6667%), prune by capacity 0(0.0000%)
Initialization, using perturb method
Solution 0, cost 3393.76, m 3
Solution 1, cost 3460.45, m 3
Solution 2, cost 3401.97, m 3
Solution 3, cost 3393.56, m 3
Solution 4, cost 3398.86, m 3
Solution 5, cost 3398.86, m 3
Solution 6, cost 3393.55, m 3
Solution 7, cost 3406.19, m 3
Solution 8, cost 3388.25, m 3
best cost 3388.25, m 3
Initialization done.
already consumed 0.01 sec
already consumed 0.02 sec
After local search
Avg 3389.77, Best 3388.25 / m 3, Worst 3401.97
Do crossover.
already consumed 0.02 sec
Gen: 1. Avg 3388.25, Best 3388.25 / m 3, Worst 3388.25
Gen 1 done, no improvement for 1 gens, already consumed 0.02 sec
Do crossover.
already consumed 0.02 sec
Gen: 2. Avg 3388.25, Best 3388.25 / m 3, Worst 3388.25
Gen 2 done, no improvement for 2 gens, already consumed 0.03 sec
Do crossover.
already consumed 0.03 sec
Gen: 3. Avg 3388.25, Best 3388.25 / m 3, Worst 3388.25
Gen 3 done, no improvement for 3 gens, already consumed 0.03 sec
Do crossover.
already consumed 0.03 sec
Gen: 4. Avg 3388.25, Best 3388.25 / m 3, Worst 3388.25
Gen 4 done, no improvement for 4 gens, already consumed 0.04 sec
Do crossover.
already consumed 0.04 sec
Gen: 5. Avg 3388.25, Best 3388.25 / m 3, Worst 3388.25
Gen 5 done, no improvement for 5 gens, already consumed 0.04 sec
Do crossover.
already consumed 0.04 sec
Gen: 6. Avg 3388.25, Best 3388.25 / m 3, Worst 3388.25
Gen 6 done, no improvement for 6 gens, already consumed 0.04 sec
Do crossover.
already consumed 0.04 sec
Gen: 7. Avg 3388.25, Best 3388.25 / m 3, Worst 3388.25
Gen 7 done, no improvement for 7 gens, already consumed 0.05 sec
Do crossover.
already consumed 0.05 sec
Gen: 8. Avg 3388.25, Best 3388.25 / m 3, Worst 3388.25
Gen 8 done, no improvement for 8 gens, already consumed 0.05 sec
Do crossover.
already consumed 0.05 sec
Gen: 9. Avg 3388.25, Best 3388.25 / m 3, Worst 3388.25
Gen 9 done, no improvement for 9 gens, already consumed 0.05 sec
Do crossover.
already consumed 0.05 sec
Gen: 10. Avg 3388.25, Best 3388.25 / m 3, Worst 3388.25
Gen 10 done, no improvement for 10 gens, already consumed 0.06 sec
Do crossover.
already consumed 0.06 sec
Gen: 11. Avg 3388.25, Best 3388.25 / m 3, Worst 3388.25
Gen 11 done, no improvement for 11 gens, already consumed 0.06 sec
Do crossover.
already consumed 0.06 sec
Gen: 12. Avg 3388.25, Best 3388.25 / m 3, Worst 3388.25
Gen 12 done, no improvement for 12 gens, already consumed 0.06 sec
Do crossover.
already consumed 0.06 sec
Gen: 13. Avg 3388.25, Best 3388.25 / m 3, Worst 3388.25
Gen 13 done, no improvement for 13 gens, already consumed 0.07 sec
Do crossover.
already consumed 0.07 sec
Gen: 14. Avg 3388.25, Best 3388.25 / m 3, Worst 3388.25
Gen 14 done, no improvement for 14 gens, already consumed 0.07 sec
Do crossover.
already consumed 0.07 sec
Gen: 15. Avg 3388.25, Best 3388.25 / m 3, Worst 3388.25
Gen 15 done, no improvement for 15 gens, already consumed 0.07 sec
Do crossover.
already consumed 0.07 sec
Gen: 16. Avg 3388.25, Best 3388.25 / m 3, Worst 3388.25
Gen 16 done, no improvement for 16 gens, already consumed 0.08 sec
Do crossover.
already consumed 0.08 sec
Gen: 17. Avg 3388.25, Best 3388.25 / m 3, Worst 3388.25
Gen 17 done, no improvement for 17 gens, already consumed 0.08 sec
Do crossover.
already consumed 0.08 sec
Gen: 18. Avg 3388.25, Best 3388.25 / m 3, Worst 3388.25
Gen 18 done, no improvement for 18 gens, already consumed 0.08 sec
Do crossover.
already consumed 0.08 sec
Gen: 19. Avg 3388.25, Best 3388.25 / m 3, Worst 3388.25
Gen 19 done, no improvement for 19 gens, already consumed 0.09 sec
Do crossover.
already consumed 0.09 sec
Gen: 20. Avg 3388.25, Best 3388.25 / m 3, Worst 3388.25
Gen 20 done, no improvement for 20 gens, already consumed 0.09 sec
Do crossover.
already consumed 0.09 sec
Gen: 21. Avg 3388.25, Best 3388.25 / m 3, Worst 3388.25
Gen 21 done, no improvement for 21 gens, already consumed 0.09 sec
Run 1 finishes
Avg 3388.25, Best 3388.25 / m 3, Worst 3388.25
Decomposition done, already consumed 0.09 sec
After decomposition
Avg 3388.25, Best 3388.25 / m 3, Worst 3388.25
already consumed 0.09 sec
already consumed 0.09 sec
After local search
Avg 3388.25, Best 3388.25 / m 3, Worst 3388.25
already consumed 0.09 sec
already consumed 0.10 sec
After large neighbourhood search
Avg 3388.25, Best 3388.25 / m 3, Worst 3388.25
Gen 21 done, no improvement for 21 gens, already consumed 0.10 sec
Run 9 finishes
Avg 3388.25, Best 3388.25 / m 3, Worst 3388.25
---------------------------------Run 10---------------------------
Initialization, using rcrs method
Solution 0, cost 3401.97, m 3
best cost 3401.97, m 3
Initialization done.
already consumed 0.00 sec
already consumed 0.00 sec
After local search
Avg 3401.97, Best 3401.97 / m 3, Worst 3401.97
already consumed 0.01 sec
After large neighbourhood search
Avg 3401.97, Best 3401.97 / m 3, Worst 3401.97
Gen 1 done, no improvement for 1 gens, already consumed 0.01 sec
already consumed 0.01 sec
After large neighbourhood search
Avg 3388.25, Best 3388.25 / m 3, Worst 3388.25
Gen 2 done, no improvement for 0 gens, already consumed 0.01 sec
already consumed 0.01 sec
After large neighbourhood search
Avg 3388.25, Best 3388.25 / m 3, Worst 3388.25
Gen 3 done, no improvement for 1 gens, already consumed 0.01 sec
already consumed 0.01 sec
After large neighbourhood search
Avg 3388.25, Best 3388.25 / m 3, Worst 3388.25
Gen 4 done, no improvement for 2 gens, already consumed 0.01 sec
already consumed 0.01 sec
After large neighbourhood search
Avg 3388.25, Best 3388.25 / m 3, Worst 3388.25
Gen 5 done, no improvement for 3 gens, already consumed 0.01 sec
already consumed 0.01 sec
After large neighbourhood search
Avg 3388.25, Best 3388.25 / m 3, Worst 3388.25
Gen 6 done, no improvement for 4 gens, already consumed 0.01 sec
already consumed 0.01 sec
After large neighbourhood search
Avg 3388.25, Best 3388.25 / m 3, Worst 3388.25
Gen 7 done, no improvement for 5 gens, already consumed 0.01 sec
already consumed 0.01 sec
After large neighbourhood search
Avg 3388.25, Best 3388.25 / m 3, Worst 3388.25
Gen 8 done, no improvement for 6 gens, already consumed 0.01 sec
already consumed 0.01 sec
After large neighbourhood search
Avg 3388.25, Best 3388.25 / m 3, Worst 3388.25
Gen 9 done, no improvement for 7 gens, already consumed 0.01 sec
already consumed 0.01 sec
After large neighbourhood search
Avg 3388.25, Best 3388.25 / m 3, Worst 3388.25
Gen 10 done, no improvement for 8 gens, already consumed 0.01 sec
already consumed 0.01 sec
After large neighbourhood search
Avg 3388.25, Best 3388.25 / m 3, Worst 3388.25
Gen 11 done, no improvement for 9 gens, already consumed 0.01 sec
already consumed 0.01 sec
After large neighbourhood search
Avg 3388.25, Best 3388.25 / m 3, Worst 3388.25
Gen 12 done, no improvement for 10 gens, already consumed 0.01 sec
already consumed 0.01 sec
After large neighbourhood search
Avg 3388.25, Best 3388.25 / m 3, Worst 3388.25
Gen 13 done, no improvement for 11 gens, already consumed 0.01 sec
already consumed 0.01 sec
After large neighbourhood search
Avg 3388.25, Best 3388.25 / m 3, Worst 3388.25
Gen 14 done, no improvement for 12 gens, already consumed 0.01 sec
already consumed 0.01 sec
After large neighbourhood search
Avg 3388.25, Best 3388.25 / m 3, Worst 3388.25
Gen 15 done, no improvement for 13 gens, already consumed 0.01 sec
already consumed 0.01 sec
After large neighbourhood search
Avg 3388.25, Best 3388.25 / m 3, Worst 3388.25
Gen 16 done, no improvement for 14 gens, already consumed 0.01 sec
already consumed 0.01 sec
After large neighbourhood search
Avg 3388.25, Best 3388.25 / m 3, Worst 3388.25
Gen 17 done, no improvement for 15 gens, already consumed 0.01 sec
already consumed 0.01 sec
After large neighbourhood search
Avg 3388.25, Best 3388.25 / m 3, Worst 3388.25
Gen 18 done, no improvement for 16 gens, already consumed 0.01 sec
already consumed 0.01 sec
After large neighbourhood search
Avg 3388.25, Best 3388.25 / m 3, Worst 3388.25
Gen 19 done, no improvement for 17 gens, already consumed 0.01 sec
already consumed 0.01 sec
After large neighbourhood search
Avg 3388.25, Best 3388.25 / m 3, Worst 3388.25
Gen 20 done, no improvement for 18 gens, already consumed 0.01 sec
already consumed 0.01 sec
After large neighbourhood search
Avg 3388.25, Best 3388.25 / m 3, Worst 3388.25
Gen 21 done, no improvement for 19 gens, already consumed 0.01 sec
already consumed 0.01 sec
After large neighbourhood search
Avg 3388.25, Best 3388.25 / m 3, Worst 3388.25
Gen 22 done, no improvement for 20 gens, already consumed 0.01 sec
sub_problem_num: 1
subproblem 1, customer: 10
Total edges 90, prune by time window 51(56.6667%), prune by capacity 0(0.0000%)
Initialization, using perturb method
Solution 0, cost 3419.59, m 3
Solution 1, cost 3397.16, m 3
Solution 2, cost 3398.86, m 3
Solution 3, cost 3398.86, m 3
Solution 4, cost 3501.03, m 3
Solution 5, cost 3388.25, m 3
Solution 6, cost 3398.86, m 3
Solution 7, cost 4493.27, m 4
Solution 8, cost 3393.76, m 3
best cost 3388.25, m 3
Initialization done.
already consumed 0.02 sec
already consumed 0.06 sec
After local search
Avg 3389.77, Best 3388.25 / m 3, Worst 3401.97
Do crossover.
already consumed 0.06 sec
Gen: 1. Avg 3388.25, Best 3388.25 / m 3, Worst 3388.25
Gen 1 done, no improvement for 1 gens, already consumed 0.07 sec
Do crossover.
already consumed 0.07 sec
Gen: 2. Avg 3388.25, Best 3388.25 / m 3, Worst 3388.25
Gen 2 done, no improvement for 2 gens, already consumed 0.07 sec
Do crossover.
already consumed 0.07 sec
Gen: 3. Avg 3388.25, Best 3388.25 / m 3, Worst 3388.25
Gen 3 done, no improvement for 3 gens, already consumed 0.08 sec
Do crossover.
already consumed 0.08 sec
Gen: 4. Avg 3388.25, Best 3388.25 / m 3, Worst 3388.25
Gen 4 done, no improvement for 4 gens, already consumed 0.08 sec
Do crossover.
already consumed 0.08 sec
Gen: 5. Avg 3388.25, Best 3388.25 / m 3, Worst 3388.25
Gen 5 done, no improvement for 5 gens, already consumed 0.08 sec
Do crossover.
already consumed 0.08 sec
Gen: 6. Avg 3388.25, Best 3388.25 / m 3, Worst 3388.25
Gen 6 done, no improvement for 6 gens, already consumed 0.09 sec
Do crossover.
already consumed 0.09 sec
Gen: 7. Avg 3388.25, Best 3388.25 / m 3, Worst 3388.25
Gen 7 done, no improvement for 7 gens, already consumed 0.09 sec
Do crossover.
already consumed 0.09 sec
Gen: 8. Avg 3388.25, Best 3388.25 / m 3, Worst 3388.25
Gen 8 done, no improvement for 8 gens, already consumed 0.09 sec
Do crossover.
already consumed 0.09 sec
Gen: 9. Avg 3388.25, Best 3388.25 / m 3, Worst 3388.25
Gen 9 done, no improvement for 9 gens, already consumed 0.10 sec
Do crossover.
already consumed 0.10 sec
Gen: 10. Avg 3388.25, Best 3388.25 / m 3, Worst 3388.25
Gen 10 done, no improvement for 10 gens, already consumed 0.10 sec
Do crossover.
already consumed 0.10 sec
Gen: 11. Avg 3388.25, Best 3388.25 / m 3, Worst 3388.25
Gen 11 done, no improvement for 11 gens, already consumed 0.10 sec
Do crossover.
already consumed 0.10 sec
Gen: 12. Avg 3388.25, Best 3388.25 / m 3, Worst 3388.25
Gen 12 done, no improvement for 12 gens, already consumed 0.11 sec
Do crossover.
already consumed 0.11 sec
Gen: 13. Avg 3388.25, Best 3388.25 / m 3, Worst 3388.25
Gen 13 done, no improvement for 13 gens, already consumed 0.11 sec
Do crossover.
already consumed 0.11 sec
Gen: 14. Avg 3388.25, Best 3388.25 / m 3, Worst 3388.25
Gen 14 done, no improvement for 14 gens, already consumed 0.12 sec
Do crossover.
already consumed 0.12 sec
Gen: 15. Avg 3388.25, Best 3388.25 / m 3, Worst 3388.25
Gen 15 done, no improvement for 15 gens, already consumed 0.12 sec
Do crossover.
already consumed 0.12 sec
Gen: 16. Avg 3388.25, Best 3388.25 / m 3, Worst 3388.25
Gen 16 done, no improvement for 16 gens, already consumed 0.12 sec
Do crossover.
already consumed 0.12 sec
Gen: 17. Avg 3388.25, Best 3388.25 / m 3, Worst 3388.25
Gen 17 done, no improvement for 17 gens, already consumed 0.13 sec
Do crossover.
already consumed 0.13 sec
Gen: 18. Avg 3388.25, Best 3388.25 / m 3, Worst 3388.25
Gen 18 done, no improvement for 18 gens, already consumed 0.13 sec
Do crossover.
already consumed 0.13 sec
Gen: 19. Avg 3388.25, Best 3388.25 / m 3, Worst 3388.25
Gen 19 done, no improvement for 19 gens, already consumed 0.14 sec
Do crossover.
already consumed 0.14 sec
Gen: 20. Avg 3388.25, Best 3388.25 / m 3, Worst 3388.25
Gen 20 done, no improvement for 20 gens, already consumed 0.14 sec
Do crossover.
already consumed 0.14 sec
Gen: 21. Avg 3388.25, Best 3388.25 / m 3, Worst 3388.25
Gen 21 done, no improvement for 21 gens, already consumed 0.15 sec
Run 1 finishes
Avg 3388.25, Best 3388.25 / m 3, Worst 3388.25
Decomposition done, already consumed 0.15 sec
After decomposition
Avg 3388.25, Best 3388.25 / m 3, Worst 3388.25
already consumed 0.15 sec
already consumed 0.15 sec
After local search
Avg 3388.25, Best 3388.25 / m 3, Worst 3388.25
already consumed 0.15 sec
already consumed 0.15 sec
After large neighbourhood search
Avg 3388.25, Best 3388.25 / m 3, Worst 3388.25
Gen 23 done, no improvement for 21 gens, already consumed 0.15 sec
Run 10 finishes
Avg 3388.25, Best 3388.25 / m 3, Worst 3388.25
------------Summary-----------
Details of the solution:
route 0, node_num 7, cost 99.353614, nodes: 0 10 5 6 13 9 0
route 1, node_num 8, cost 184.551109, nodes: 0 1 12 2 14 7 14 0
route 2, node_num 6, cost 104.340720, nodes: 0 8 11 3 4 0
vehicle (route) number: 3
Total cost: 3388.25
This cost 3388.245443, check total cost 3388.245443, diff 0.000000
Total 10 runs, total consumed 1.43 sec
