NAME : c103C15
TYPE : EVRP-TW-SPD
DIMENSION : 21
VEHICLES : 25
DISPATCHINGCOST : 1000
UNITCOST : 1.0
CAPACITY : 200.0
ELECTRIC_POWER : 77.75
CONSUMPTION_RATE : 1.0
RECHARGING_RATE : 3.47
EDGE_WEIGHT_TYPE : EXPLICIT
Node number: 21
Customer number: 15
Station number: 5
Avg pick-up/dilvery demand: 8.8000,8.5333
Starting/end time of DC: 0.0000,1236.0000

Initial random seed: 42
Pruning: on
Time limit: 105 seconds
Runs: 10
g_1: 20
Population size: 9
Insertion for initialization: rcrs
k_init: 15
Insertion for crossover: regret
k_crossover: 15
Parent selection: circle
Replacement strategy: one_on_one
Local search probability: 1.00
O(1) evaluation: on
2-opt: on
2-opt*: on
or-opt: on
2-exchange: on
escape local optima number: 1
random_removal: off
related_removal: on
alpha: 1.000000, relateness norm factor: 1.000000
Destroy lower ration: 0.200000
Destroy upper ration: 0.400000
regret_insertion: on
greedy_insertion: off
Random removal and insertion: off
Station range: 5
Subproblem num: 1
Total edges 210, prune by time window 44(20.9524%), prune by capacity 0(0.0000%)
---------------------------------Run 1---------------------------
Initialization, using rcrs method
Solution 0, cost 3433.34, m 3
best cost 3433.34, m 3
Initialization done.
already consumed 0.01 sec
already consumed 0.04 sec
After local search
Avg 3349.48, Best 3349.48 / m 3, Worst 3349.48
already consumed 0.04 sec
Best solution update: 3349.4790
After large neighbourhood search
Avg 3349.48, Best 3349.48 / m 3, Worst 3349.48
Gen 1 done, no improvement for 1 gens, already consumed 0.04 sec
already consumed 0.04 sec
After large neighbourhood search
Avg 3349.48, Best 3349.48 / m 3, Worst 3349.48
Gen 2 done, no improvement for 2 gens, already consumed 0.04 sec
already consumed 0.05 sec
After large neighbourhood search
Avg 3349.48, Best 3349.48 / m 3, Worst 3349.48
Gen 3 done, no improvement for 3 gens, already consumed 0.05 sec
already consumed 0.06 sec
Best solution update: 3348.4630
After large neighbourhood search
Avg 3348.46, Best 3348.46 / m 3, Worst 3348.46
Gen 4 done, no improvement for 0 gens, already consumed 0.06 sec
already consumed 0.06 sec
After large neighbourhood search
Avg 3348.46, Best 3348.46 / m 3, Worst 3348.46
Gen 5 done, no improvement for 1 gens, already consumed 0.06 sec
already consumed 0.07 sec
After large neighbourhood search
Avg 3348.46, Best 3348.46 / m 3, Worst 3348.46
Gen 6 done, no improvement for 2 gens, already consumed 0.07 sec
already consumed 0.07 sec
After large neighbourhood search
Avg 3348.46, Best 3348.46 / m 3, Worst 3348.46
Gen 7 done, no improvement for 3 gens, already consumed 0.07 sec
already consumed 0.07 sec
After large neighbourhood search
Avg 3348.46, Best 3348.46 / m 3, Worst 3348.46
Gen 8 done, no improvement for 4 gens, already consumed 0.07 sec
already consumed 0.07 sec
After large neighbourhood search
Avg 3348.46, Best 3348.46 / m 3, Worst 3348.46
Gen 9 done, no improvement for 5 gens, already consumed 0.07 sec
already consumed 0.08 sec
After large neighbourhood search
Avg 3348.46, Best 3348.46 / m 3, Worst 3348.46
Gen 10 done, no improvement for 6 gens, already consumed 0.08 sec
already consumed 0.09 sec
After large neighbourhood search
Avg 3348.46, Best 3348.46 / m 3, Worst 3348.46
Gen 11 done, no improvement for 7 gens, already consumed 0.09 sec
already consumed 0.09 sec
After large neighbourhood search
Avg 3348.46, Best 3348.46 / m 3, Worst 3348.46
Gen 12 done, no improvement for 8 gens, already consumed 0.09 sec
already consumed 0.09 sec
After large neighbourhood search
Avg 3348.46, Best 3348.46 / m 3, Worst 3348.46
Gen 13 done, no improvement for 9 gens, already consumed 0.09 sec
already consumed 0.09 sec
After large neighbourhood search
Avg 3348.46, Best 3348.46 / m 3, Worst 3348.46
Gen 14 done, no improvement for 10 gens, already consumed 0.09 sec
already consumed 0.10 sec
After large neighbourhood search
Avg 3348.46, Best 3348.46 / m 3, Worst 3348.46
Gen 15 done, no improvement for 11 gens, already consumed 0.10 sec
already consumed 0.10 sec
After large neighbourhood search
Avg 3348.46, Best 3348.46 / m 3, Worst 3348.46
Gen 16 done, no improvement for 12 gens, already consumed 0.10 sec
already consumed 0.10 sec
After large neighbourhood search
Avg 3348.46, Best 3348.46 / m 3, Worst 3348.46
Gen 17 done, no improvement for 13 gens, already consumed 0.10 sec
already consumed 0.10 sec
After large neighbourhood search
Avg 3348.46, Best 3348.46 / m 3, Worst 3348.46
Gen 18 done, no improvement for 14 gens, already consumed 0.10 sec
already consumed 0.11 sec
After large neighbourhood search
Avg 3348.46, Best 3348.46 / m 3, Worst 3348.46
Gen 19 done, no improvement for 15 gens, already consumed 0.11 sec
already consumed 0.11 sec
After large neighbourhood search
Avg 3348.46, Best 3348.46 / m 3, Worst 3348.46
Gen 20 done, no improvement for 16 gens, already consumed 0.11 sec
already consumed 0.11 sec
After large neighbourhood search
Avg 3348.46, Best 3348.46 / m 3, Worst 3348.46
Gen 21 done, no improvement for 17 gens, already consumed 0.11 sec
already consumed 0.11 sec
After large neighbourhood search
Avg 3348.46, Best 3348.46 / m 3, Worst 3348.46
Gen 22 done, no improvement for 18 gens, already consumed 0.11 sec
already consumed 0.11 sec
After large neighbourhood search
Avg 3348.46, Best 3348.46 / m 3, Worst 3348.46
Gen 23 done, no improvement for 19 gens, already consumed 0.11 sec
already consumed 0.11 sec
After large neighbourhood search
Avg 3348.46, Best 3348.46 / m 3, Worst 3348.46
Gen 24 done, no improvement for 20 gens, already consumed 0.11 sec
sub_problem_num: 1
subproblem 1, customer: 15
Total edges 210, prune by time window 44(20.9524%), prune by capacity 0(0.0000%)
Initialization, using perturb method
Solution 0, cost 3441.06, m 3
Solution 1, cost 3411.15, m 3
Solution 2, cost 3421.52, m 3
Solution 3, cost 3392.82, m 3
Solution 4, cost 3380.77, m 3
Solution 5, cost 3396.71, m 3
Solution 6, cost 3348.46, m 3
Solution 7, cost 3368.60, m 3
Solution 8, cost 3396.78, m 3
best cost 3348.46, m 3
Initialization done.
already consumed 0.13 sec
already consumed 0.19 sec
After local search
Avg 3357.27, Best 3348.46 / m 3, Worst 3409.17
Do crossover.
already consumed 0.19 sec
Gen: 1. Avg 3352.21, Best 3348.46 / m 3, Worst 3365.02
Gen 1 done, no improvement for 1 gens, already consumed 0.28 sec
Do crossover.
already consumed 0.28 sec
Gen: 2. Avg 3350.25, Best 3348.46 / m 3, Worst 3364.58
Gen 2 done, no improvement for 2 gens, already consumed 0.34 sec
Do crossover.
already consumed 0.34 sec
Gen: 3. Avg 3350.25, Best 3348.46 / m 3, Worst 3364.58
Gen 3 done, no improvement for 3 gens, already consumed 0.38 sec
Do crossover.
already consumed 0.38 sec
Gen: 4. Avg 3348.46, Best 3348.46 / m 3, Worst 3348.46
Gen 4 done, no improvement for 4 gens, already consumed 0.43 sec
Do crossover.
already consumed 0.43 sec
Gen: 5. Avg 3348.46, Best 3348.46 / m 3, Worst 3348.46
Gen 5 done, no improvement for 5 gens, already consumed 0.48 sec
Do crossover.
already consumed 0.48 sec
Gen: 6. Avg 3348.46, Best 3348.46 / m 3, Worst 3348.46
Gen 6 done, no improvement for 6 gens, already consumed 0.51 sec
Do crossover.
already consumed 0.51 sec
Gen: 7. Avg 3348.46, Best 3348.46 / m 3, Worst 3348.46
Gen 7 done, no improvement for 7 gens, already consumed 0.55 sec
Do crossover.
already consumed 0.55 sec
Gen: 8. Avg 3348.46, Best 3348.46 / m 3, Worst 3348.46
Gen 8 done, no improvement for 8 gens, already consumed 0.59 sec
Do crossover.
already consumed 0.59 sec
Gen: 9. Avg 3348.46, Best 3348.46 / m 3, Worst 3348.46
Gen 9 done, no improvement for 9 gens, already consumed 0.65 sec
Do crossover.
already consumed 0.65 sec
Gen: 10. Avg 3348.46, Best 3348.46 / m 3, Worst 3348.46
Gen 10 done, no improvement for 10 gens, already consumed 0.69 sec
Do crossover.
already consumed 0.69 sec
Gen: 11. Avg 3348.46, Best 3348.46 / m 3, Worst 3348.46
Gen 11 done, no improvement for 11 gens, already consumed 0.74 sec
Do crossover.
already consumed 0.74 sec
Gen: 12. Avg 3348.46, Best 3348.46 / m 3, Worst 3348.46
Gen 12 done, no improvement for 12 gens, already consumed 0.78 sec
Do crossover.
already consumed 0.78 sec
Gen: 13. Avg 3348.46, Best 3348.46 / m 3, Worst 3348.46
Gen 13 done, no improvement for 13 gens, already consumed 0.82 sec
Do crossover.
already consumed 0.82 sec
Gen: 14. Avg 3348.46, Best 3348.46 / m 3, Worst 3348.46
Gen 14 done, no improvement for 14 gens, already consumed 0.86 sec
Do crossover.
already consumed 0.86 sec
Gen: 15. Avg 3348.46, Best 3348.46 / m 3, Worst 3348.46
Gen 15 done, no improvement for 15 gens, already consumed 0.90 sec
Do crossover.
already consumed 0.90 sec
Gen: 16. Avg 3348.46, Best 3348.46 / m 3, Worst 3348.46
Gen 16 done, no improvement for 16 gens, already consumed 0.94 sec
Do crossover.
already consumed 0.94 sec
Gen: 17. Avg 3348.46, Best 3348.46 / m 3, Worst 3348.46
Gen 17 done, no improvement for 17 gens, already consumed 0.98 sec
Do crossover.
already consumed 0.98 sec
Gen: 18. Avg 3348.46, Best 3348.46 / m 3, Worst 3348.46
Gen 18 done, no improvement for 18 gens, already consumed 1.01 sec
Do crossover.
already consumed 1.01 sec
Gen: 19. Avg 3348.46, Best 3348.46 / m 3, Worst 3348.46
Gen 19 done, no improvement for 19 gens, already consumed 1.05 sec
Do crossover.
already consumed 1.05 sec
Gen: 20. Avg 3348.46, Best 3348.46 / m 3, Worst 3348.46
Gen 20 done, no improvement for 20 gens, already consumed 1.09 sec
Do crossover.
already consumed 1.09 sec
Gen: 21. Avg 3348.46, Best 3348.46 / m 3, Worst 3348.46
Gen 21 done, no improvement for 21 gens, already consumed 1.13 sec
Run 1 finishes
Avg 3348.46, Best 3348.46 / m 3, Worst 3348.46
Decomposition done, already consumed 1.13 sec
After decomposition
Avg 3348.46, Best 3348.46 / m 3, Worst 3348.46
already consumed 1.13 sec
already consumed 1.13 sec
After local search
Avg 3348.46, Best 3348.46 / m 3, Worst 3348.46
already consumed 1.13 sec
already consumed 1.13 sec
After large neighbourhood search
Avg 3348.46, Best 3348.46 / m 3, Worst 3348.46
Gen 25 done, no improvement for 21 gens, already consumed 1.13 sec
Run 1 finishes
Avg 3348.46, Best 3348.46 / m 3, Worst 3348.46
---------------------------------Run 2---------------------------
Initialization, using rcrs method
Solution 0, cost 3441.55, m 3
best cost 3441.55, m 3
Initialization done.
already consumed 0.00 sec
already consumed 0.01 sec
After local search
Avg 3349.48, Best 3349.48 / m 3, Worst 3349.48
already consumed 0.03 sec
After large neighbourhood search
Avg 3348.46, Best 3348.46 / m 3, Worst 3348.46
Gen 1 done, no improvement for 0 gens, already consumed 0.03 sec
already consumed 0.03 sec
After large neighbourhood search
Avg 3348.46, Best 3348.46 / m 3, Worst 3348.46
Gen 2 done, no improvement for 1 gens, already consumed 0.03 sec
already consumed 0.03 sec
After large neighbourhood search
Avg 3348.46, Best 3348.46 / m 3, Worst 3348.46
Gen 3 done, no improvement for 2 gens, already consumed 0.03 sec
already consumed 0.03 sec
After large neighbourhood search
Avg 3348.46, Best 3348.46 / m 3, Worst 3348.46
Gen 4 done, no improvement for 3 gens, already consumed 0.03 sec
already consumed 0.03 sec
After large neighbourhood search
Avg 3348.46, Best 3348.46 / m 3, Worst 3348.46
Gen 5 done, no improvement for 4 gens, already consumed 0.03 sec
already consumed 0.04 sec
After large neighbourhood search
Avg 3348.46, Best 3348.46 / m 3, Worst 3348.46
Gen 6 done, no improvement for 5 gens, already consumed 0.04 sec
already consumed 0.04 sec
After large neighbourhood search
Avg 3348.46, Best 3348.46 / m 3, Worst 3348.46
Gen 7 done, no improvement for 6 gens, already consumed 0.04 sec
already consumed 0.04 sec
After large neighbourhood search
Avg 3348.46, Best 3348.46 / m 3, Worst 3348.46
Gen 8 done, no improvement for 7 gens, already consumed 0.04 sec
already consumed 0.05 sec
After large neighbourhood search
Avg 3348.46, Best 3348.46 / m 3, Worst 3348.46
Gen 9 done, no improvement for 8 gens, already consumed 0.05 sec
already consumed 0.05 sec
After large neighbourhood search
Avg 3348.46, Best 3348.46 / m 3, Worst 3348.46
Gen 10 done, no improvement for 9 gens, already consumed 0.05 sec
already consumed 0.05 sec
After large neighbourhood search
Avg 3348.46, Best 3348.46 / m 3, Worst 3348.46
Gen 11 done, no improvement for 10 gens, already consumed 0.05 sec
already consumed 0.05 sec
After large neighbourhood search
Avg 3348.46, Best 3348.46 / m 3, Worst 3348.46
Gen 12 done, no improvement for 11 gens, already consumed 0.05 sec
already consumed 0.06 sec
After large neighbourhood search
Avg 3348.46, Best 3348.46 / m 3, Worst 3348.46
Gen 13 done, no improvement for 12 gens, already consumed 0.06 sec
already consumed 0.06 sec
After large neighbourhood search
Avg 3348.46, Best 3348.46 / m 3, Worst 3348.46
Gen 14 done, no improvement for 13 gens, already consumed 0.06 sec
already consumed 0.07 sec
After large neighbourhood search
Avg 3348.46, Best 3348.46 / m 3, Worst 3348.46
Gen 15 done, no improvement for 14 gens, already consumed 0.07 sec
already consumed 0.07 sec
After large neighbourhood search
Avg 3348.46, Best 3348.46 / m 3, Worst 3348.46
Gen 16 done, no improvement for 15 gens, already consumed 0.07 sec
already consumed 0.08 sec
After large neighbourhood search
Avg 3348.46, Best 3348.46 / m 3, Worst 3348.46
Gen 17 done, no improvement for 16 gens, already consumed 0.08 sec
already consumed 0.08 sec
After large neighbourhood search
Avg 3348.46, Best 3348.46 / m 3, Worst 3348.46
Gen 18 done, no improvement for 17 gens, already consumed 0.08 sec
already consumed 0.09 sec
After large neighbourhood search
Avg 3348.46, Best 3348.46 / m 3, Worst 3348.46
Gen 19 done, no improvement for 18 gens, already consumed 0.09 sec
already consumed 0.10 sec
After large neighbourhood search
Avg 3348.46, Best 3348.46 / m 3, Worst 3348.46
Gen 20 done, no improvement for 19 gens, already consumed 0.10 sec
already consumed 0.10 sec
After large neighbourhood search
Avg 3348.46, Best 3348.46 / m 3, Worst 3348.46
Gen 21 done, no improvement for 20 gens, already consumed 0.10 sec
sub_problem_num: 1
subproblem 1, customer: 15
Total edges 210, prune by time window 44(20.9524%), prune by capacity 0(0.0000%)
Initialization, using perturb method
Solution 0, cost 3441.06, m 3
Solution 1, cost 3411.15, m 3
Solution 2, cost 3421.52, m 3
Solution 3, cost 3392.82, m 3
Solution 4, cost 3380.77, m 3
Solution 5, cost 3396.71, m 3
Solution 6, cost 3348.46, m 3
Solution 7, cost 3368.60, m 3
Solution 8, cost 3396.78, m 3
best cost 3348.46, m 3
Initialization done.
already consumed 0.11 sec
already consumed 0.18 sec
After local search
Avg 3357.27, Best 3348.46 / m 3, Worst 3409.17
Do crossover.
already consumed 0.18 sec
Gen: 1. Avg 3352.21, Best 3348.46 / m 3, Worst 3365.02
Gen 1 done, no improvement for 1 gens, already consumed 0.25 sec
Do crossover.
already consumed 0.25 sec
Gen: 2. Avg 3350.25, Best 3348.46 / m 3, Worst 3364.58
Gen 2 done, no improvement for 2 gens, already consumed 0.31 sec
Do crossover.
already consumed 0.31 sec
Gen: 3. Avg 3350.25, Best 3348.46 / m 3, Worst 3364.58
Gen 3 done, no improvement for 3 gens, already consumed 0.35 sec
Do crossover.
already consumed 0.35 sec
Gen: 4. Avg 3348.46, Best 3348.46 / m 3, Worst 3348.46
Gen 4 done, no improvement for 4 gens, already consumed 0.40 sec
Do crossover.
already consumed 0.40 sec
Gen: 5. Avg 3348.46, Best 3348.46 / m 3, Worst 3348.46
Gen 5 done, no improvement for 5 gens, already consumed 0.45 sec
Do crossover.
already consumed 0.45 sec
Gen: 6. Avg 3348.46, Best 3348.46 / m 3, Worst 3348.46
Gen 6 done, no improvement for 6 gens, already consumed 0.48 sec
Do crossover.
already consumed 0.48 sec
Gen: 7. Avg 3348.46, Best 3348.46 / m 3, Worst 3348.46
Gen 7 done, no improvement for 7 gens, already consumed 0.52 sec
Do crossover.
already consumed 0.52 sec
Gen: 8. Avg 3348.46, Best 3348.46 / m 3, Worst 3348.46
Gen 8 done, no improvement for 8 gens, already consumed 0.56 sec
Do crossover.
already consumed 0.56 sec
Gen: 9. Avg 3348.46, Best 3348.46 / m 3, Worst 3348.46
Gen 9 done, no improvement for 9 gens, already consumed 0.62 sec
Do crossover.
already consumed 0.62 sec
Gen: 10. Avg 3348.46, Best 3348.46 / m 3, Worst 3348.46
Gen 10 done, no improvement for 10 gens, already consumed 0.66 sec
Do crossover.
already consumed 0.66 sec
Gen: 11. Avg 3348.46, Best 3348.46 / m 3, Worst 3348.46
Gen 11 done, no improvement for 11 gens, already consumed 0.71 sec
Do crossover.
already consumed 0.71 sec
Gen: 12. Avg 3348.46, Best 3348.46 / m 3, Worst 3348.46
Gen 12 done, no improvement for 12 gens, already consumed 0.75 sec
Do crossover.
already consumed 0.75 sec
Gen: 13. Avg 3348.46, Best 3348.46 / m 3, Worst 3348.46
Gen 13 done, no improvement for 13 gens, already consumed 0.79 sec
Do crossover.
already consumed 0.79 sec
Gen: 14. Avg 3348.46, Best 3348.46 / m 3, Worst 3348.46
Gen 14 done, no improvement for 14 gens, already consumed 0.83 sec
Do crossover.
already consumed 0.83 sec
Gen: 15. Avg 3348.46, Best 3348.46 / m 3, Worst 3348.46
Gen 15 done, no improvement for 15 gens, already consumed 0.87 sec
Do crossover.
already consumed 0.87 sec
Gen: 16. Avg 3348.46, Best 3348.46 / m 3, Worst 3348.46
Gen 16 done, no improvement for 16 gens, already consumed 0.91 sec
Do crossover.
already consumed 0.91 sec
Gen: 17. Avg 3348.46, Best 3348.46 / m 3, Worst 3348.46
Gen 17 done, no improvement for 17 gens, already consumed 0.95 sec
Do crossover.
already consumed 0.95 sec
Gen: 18. Avg 3348.46, Best 3348.46 / m 3, Worst 3348.46
Gen 18 done, no improvement for 18 gens, already consumed 0.98 sec
Do crossover.
already consumed 0.98 sec
Gen: 19. Avg 3348.46, Best 3348.46 / m 3, Worst 3348.46
Gen 19 done, no improvement for 19 gens, already consumed 1.02 sec
Do crossover.
already consumed 1.02 sec
Gen: 20. Avg 3348.46, Best 3348.46 / m 3, Worst 3348.46
Gen 20 done, no improvement for 20 gens, already consumed 1.06 sec
Do crossover.
already consumed 1.06 sec
Gen: 21. Avg 3348.46, Best 3348.46 / m 3, Worst 3348.46
Gen 21 done, no improvement for 21 gens, already consumed 1.10 sec
Run 1 finishes
Avg 3348.46, Best 3348.46 / m 3, Worst 3348.46
Decomposition done, already consumed 1.10 sec
After decomposition
Avg 3348.46, Best 3348.46 / m 3, Worst 3348.46
already consumed 1.10 sec
already consumed 1.10 sec
After local search
Avg 3348.46, Best 3348.46 / m 3, Worst 3348.46
already consumed 1.10 sec
already consumed 1.11 sec
After large neighbourhood search
Avg 3348.46, Best 3348.46 / m 3, Worst 3348.46
Gen 22 done, no improvement for 21 gens, already consumed 1.11 sec
Run 2 finishes
Avg 3348.46, Best 3348.46 / m 3, Worst 3348.46
---------------------------------Run 3---------------------------
Initialization, using rcrs method
Solution 0, cost 3465.91, m 3
best cost 3465.91, m 3
Initialization done.
already consumed 0.00 sec
already consumed 0.02 sec
After local search
Avg 3396.97, Best 3396.97 / m 3, Worst 3396.97
already consumed 0.02 sec
After large neighbourhood search
Avg 3396.97, Best 3396.97 / m 3, Worst 3396.97
Gen 1 done, no improvement for 1 gens, already consumed 0.02 sec
already consumed 0.02 sec
After large neighbourhood search
Avg 3396.97, Best 3396.97 / m 3, Worst 3396.97
Gen 2 done, no improvement for 2 gens, already consumed 0.02 sec
already consumed 0.03 sec
After large neighbourhood search
Avg 3396.97, Best 3396.97 / m 3, Worst 3396.97
Gen 3 done, no improvement for 3 gens, already consumed 0.03 sec
already consumed 0.03 sec
After large neighbourhood search
Avg 3396.97, Best 3396.97 / m 3, Worst 3396.97
Gen 4 done, no improvement for 4 gens, already consumed 0.03 sec
already consumed 0.04 sec
After large neighbourhood search
Avg 3396.97, Best 3396.97 / m 3, Worst 3396.97
Gen 5 done, no improvement for 5 gens, already consumed 0.04 sec
already consumed 0.05 sec
After large neighbourhood search
Avg 3350.40, Best 3350.40 / m 3, Worst 3350.40
Gen 6 done, no improvement for 0 gens, already consumed 0.05 sec
already consumed 0.06 sec
After large neighbourhood search
Avg 3348.46, Best 3348.46 / m 3, Worst 3348.46
Gen 7 done, no improvement for 0 gens, already consumed 0.06 sec
already consumed 0.06 sec
After large neighbourhood search
Avg 3348.46, Best 3348.46 / m 3, Worst 3348.46
Gen 8 done, no improvement for 1 gens, already consumed 0.06 sec
already consumed 0.07 sec
After large neighbourhood search
Avg 3348.46, Best 3348.46 / m 3, Worst 3348.46
Gen 9 done, no improvement for 2 gens, already consumed 0.07 sec
already consumed 0.08 sec
After large neighbourhood search
Avg 3348.46, Best 3348.46 / m 3, Worst 3348.46
Gen 10 done, no improvement for 3 gens, already consumed 0.08 sec
already consumed 0.08 sec
After large neighbourhood search
Avg 3348.46, Best 3348.46 / m 3, Worst 3348.46
Gen 11 done, no improvement for 4 gens, already consumed 0.08 sec
already consumed 0.08 sec
After large neighbourhood search
Avg 3348.46, Best 3348.46 / m 3, Worst 3348.46
Gen 12 done, no improvement for 5 gens, already consumed 0.08 sec
already consumed 0.09 sec
After large neighbourhood search
Avg 3348.46, Best 3348.46 / m 3, Worst 3348.46
Gen 13 done, no improvement for 6 gens, already consumed 0.09 sec
already consumed 0.09 sec
After large neighbourhood search
Avg 3348.46, Best 3348.46 / m 3, Worst 3348.46
Gen 14 done, no improvement for 7 gens, already consumed 0.09 sec
already consumed 0.09 sec
After large neighbourhood search
Avg 3348.46, Best 3348.46 / m 3, Worst 3348.46
Gen 15 done, no improvement for 8 gens, already consumed 0.09 sec
already consumed 0.09 sec
After large neighbourhood search
Avg 3348.46, Best 3348.46 / m 3, Worst 3348.46
Gen 16 done, no improvement for 9 gens, already consumed 0.09 sec
already consumed 0.10 sec
After large neighbourhood search
Avg 3348.46, Best 3348.46 / m 3, Worst 3348.46
Gen 17 done, no improvement for 10 gens, already consumed 0.10 sec
already consumed 0.11 sec
After large neighbourhood search
Avg 3348.46, Best 3348.46 / m 3, Worst 3348.46
Gen 18 done, no improvement for 11 gens, already consumed 0.11 sec
already consumed 0.11 sec
After large neighbourhood search
Avg 3348.46, Best 3348.46 / m 3, Worst 3348.46
Gen 19 done, no improvement for 12 gens, already consumed 0.11 sec
already consumed 0.11 sec
After large neighbourhood search
Avg 3348.46, Best 3348.46 / m 3, Worst 3348.46
Gen 20 done, no improvement for 13 gens, already consumed 0.11 sec
already consumed 0.11 sec
After large neighbourhood search
Avg 3348.46, Best 3348.46 / m 3, Worst 3348.46
Gen 21 done, no improvement for 14 gens, already consumed 0.11 sec
already consumed 0.12 sec
After large neighbourhood search
Avg 3348.46, Best 3348.46 / m 3, Worst 3348.46
Gen 22 done, no improvement for 15 gens, already consumed 0.12 sec
already consumed 0.12 sec
After large neighbourhood search
Avg 3348.46, Best 3348.46 / m 3, Worst 3348.46
Gen 23 done, no improvement for 16 gens, already consumed 0.12 sec
already consumed 0.12 sec
After large neighbourhood search
Avg 3348.46, Best 3348.46 / m 3, Worst 3348.46
Gen 24 done, no improvement for 17 gens, already consumed 0.12 sec
already consumed 0.12 sec
After large neighbourhood search
Avg 3348.46, Best 3348.46 / m 3, Worst 3348.46
Gen 25 done, no improvement for 18 gens, already consumed 0.12 sec
already consumed 0.12 sec
After large neighbourhood search
Avg 3348.46, Best 3348.46 / m 3, Worst 3348.46
Gen 26 done, no improvement for 19 gens, already consumed 0.12 sec
already consumed 0.12 sec
After large neighbourhood search
Avg 3348.46, Best 3348.46 / m 3, Worst 3348.46
Gen 27 done, no improvement for 20 gens, already consumed 0.12 sec
sub_problem_num: 1
subproblem 1, customer: 15
Total edges 210, prune by time window 44(20.9524%), prune by capacity 0(0.0000%)
Initialization, using perturb method
Solution 0, cost 3460.40, m 3
Solution 1, cost 3424.91, m 3
Solution 2, cost 3348.46, m 3
Solution 3, cost 3433.34, m 3
Solution 4, cost 3368.60, m 3
Solution 5, cost 3348.46, m 3
Solution 6, cost 3410.80, m 3
Solution 7, cost 3382.25, m 3
Solution 8, cost 3392.82, m 3
best cost 3348.46, m 3
Initialization done.
already consumed 0.13 sec
already consumed 0.24 sec
After local search
Avg 3362.86, Best 3348.46 / m 3, Worst 3409.17
Do crossover.
already consumed 0.24 sec
Gen: 1. Avg 3355.56, Best 3348.46 / m 3, Worst 3395.74
Gen 1 done, no improvement for 1 gens, already consumed 0.31 sec
Do crossover.
already consumed 0.31 sec
Gen: 2. Avg 3348.46, Best 3348.46 / m 3, Worst 3348.46
Gen 2 done, no improvement for 2 gens, already consumed 0.40 sec
Do crossover.
already consumed 0.40 sec
Gen: 3. Avg 3348.46, Best 3348.46 / m 3, Worst 3348.46
Gen 3 done, no improvement for 3 gens, already consumed 0.43 sec
Do crossover.
already consumed 0.43 sec
Gen: 4. Avg 3348.46, Best 3348.46 / m 3, Worst 3348.46
Gen 4 done, no improvement for 4 gens, already consumed 0.46 sec
Do crossover.
already consumed 0.46 sec
Gen: 5. Avg 3348.46, Best 3348.46 / m 3, Worst 3348.46
Gen 5 done, no improvement for 5 gens, already consumed 0.51 sec
Do crossover.
already consumed 0.51 sec
Gen: 6. Avg 3348.46, Best 3348.46 / m 3, Worst 3348.46
Gen 6 done, no improvement for 6 gens, already consumed 0.55 sec
Do crossover.
already consumed 0.55 sec
Gen: 7. Avg 3348.46, Best 3348.46 / m 3, Worst 3348.46
Gen 7 done, no improvement for 7 gens, already consumed 0.58 sec
Do crossover.
already consumed 0.58 sec
Gen: 8. Avg 3348.46, Best 3348.46 / m 3, Worst 3348.46
Gen 8 done, no improvement for 8 gens, already consumed 0.62 sec
Do crossover.
already consumed 0.62 sec
Gen: 9. Avg 3348.46, Best 3348.46 / m 3, Worst 3348.46
Gen 9 done, no improvement for 9 gens, already consumed 0.66 sec
Do crossover.
already consumed 0.66 sec
Gen: 10. Avg 3348.46, Best 3348.46 / m 3, Worst 3348.46
Gen 10 done, no improvement for 10 gens, already consumed 0.69 sec
Do crossover.
already consumed 0.69 sec
Gen: 11. Avg 3348.46, Best 3348.46 / m 3, Worst 3348.46
Gen 11 done, no improvement for 11 gens, already consumed 0.73 sec
Do crossover.
already consumed 0.73 sec
Gen: 12. Avg 3348.46, Best 3348.46 / m 3, Worst 3348.46
Gen 12 done, no improvement for 12 gens, already consumed 0.77 sec
Do crossover.
already consumed 0.77 sec
Gen: 13. Avg 3348.46, Best 3348.46 / m 3, Worst 3348.46
Gen 13 done, no improvement for 13 gens, already consumed 0.80 sec
Do crossover.
already consumed 0.80 sec
Gen: 14. Avg 3348.46, Best 3348.46 / m 3, Worst 3348.46
Gen 14 done, no improvement for 14 gens, already consumed 0.84 sec
Do crossover.
already consumed 0.84 sec
Gen: 15. Avg 3348.46, Best 3348.46 / m 3, Worst 3348.46
Gen 15 done, no improvement for 15 gens, already consumed 0.88 sec
Do crossover.
already consumed 0.88 sec
Gen: 16. Avg 3348.46, Best 3348.46 / m 3, Worst 3348.46
Gen 16 done, no improvement for 16 gens, already consumed 0.93 sec
Do crossover.
already consumed 0.93 sec
Gen: 17. Avg 3348.46, Best 3348.46 / m 3, Worst 3348.46
Gen 17 done, no improvement for 17 gens, already consumed 0.97 sec
Do crossover.
already consumed 0.97 sec
Gen: 18. Avg 3348.46, Best 3348.46 / m 3, Worst 3348.46
Gen 18 done, no improvement for 18 gens, already consumed 1.01 sec
Do crossover.
already consumed 1.01 sec
Gen: 19. Avg 3348.46, Best 3348.46 / m 3, Worst 3348.46
Gen 19 done, no improvement for 19 gens, already consumed 1.05 sec
Do crossover.
already consumed 1.05 sec
Gen: 20. Avg 3348.46, Best 3348.46 / m 3, Worst 3348.46
Gen 20 done, no improvement for 20 gens, already consumed 1.10 sec
Do crossover.
already consumed 1.10 sec
Gen: 21. Avg 3348.46, Best 3348.46 / m 3, Worst 3348.46
Gen 21 done, no improvement for 21 gens, already consumed 1.14 sec
Run 1 finishes
Avg 3348.46, Best 3348.46 / m 3, Worst 3348.46
Decomposition done, already consumed 1.14 sec
After decomposition
Avg 3348.46, Best 3348.46 / m 3, Worst 3348.46
already consumed 1.14 sec
already consumed 1.14 sec
After local search
Avg 3348.46, Best 3348.46 / m 3, Worst 3348.46
already consumed 1.14 sec
already consumed 1.14 sec
After large neighbourhood search
Avg 3348.46, Best 3348.46 / m 3, Worst 3348.46
Gen 28 done, no improvement for 21 gens, already consumed 1.14 sec
Run 3 finishes
Avg 3348.46, Best 3348.46 / m 3, Worst 3348.46
---------------------------------Run 4---------------------------
Initialization, using rcrs method
Solution 0, cost 3421.29, m 3
best cost 3421.29, m 3
Initialization done.
already consumed 0.00 sec
already consumed 0.00 sec
After local search
Avg 3349.48, Best 3349.48 / m 3, Worst 3349.48
already consumed 0.01 sec
After large neighbourhood search
Avg 3349.48, Best 3349.48 / m 3, Worst 3349.48
Gen 1 done, no improvement for 1 gens, already consumed 0.01 sec
already consumed 0.01 sec
After large neighbourhood search
Avg 3349.48, Best 3349.48 / m 3, Worst 3349.48
Gen 2 done, no improvement for 2 gens, already consumed 0.01 sec
already consumed 0.01 sec
After large neighbourhood search
Avg 3349.48, Best 3349.48 / m 3, Worst 3349.48
Gen 3 done, no improvement for 3 gens, already consumed 0.01 sec
already consumed 0.02 sec
After large neighbourhood search
Avg 3348.46, Best 3348.46 / m 3, Worst 3348.46
Gen 4 done, no improvement for 0 gens, already consumed 0.02 sec
already consumed 0.02 sec
After large neighbourhood search
Avg 3348.46, Best 3348.46 / m 3, Worst 3348.46
Gen 5 done, no improvement for 1 gens, already consumed 0.02 sec
already consumed 0.03 sec
After large neighbourhood search
Avg 3348.46, Best 3348.46 / m 3, Worst 3348.46
Gen 6 done, no improvement for 2 gens, already consumed 0.03 sec
already consumed 0.03 sec
After large neighbourhood search
Avg 3348.46, Best 3348.46 / m 3, Worst 3348.46
Gen 7 done, no improvement for 3 gens, already consumed 0.03 sec
already consumed 0.03 sec
After large neighbourhood search
Avg 3348.46, Best 3348.46 / m 3, Worst 3348.46
Gen 8 done, no improvement for 4 gens, already consumed 0.03 sec
already consumed 0.04 sec
After large neighbourhood search
Avg 3348.46, Best 3348.46 / m 3, Worst 3348.46
Gen 9 done, no improvement for 5 gens, already consumed 0.04 sec
already consumed 0.04 sec
After large neighbourhood search
Avg 3348.46, Best 3348.46 / m 3, Worst 3348.46
Gen 10 done, no improvement for 6 gens, already consumed 0.04 sec
already consumed 0.04 sec
After large neighbourhood search
Avg 3348.46, Best 3348.46 / m 3, Worst 3348.46
Gen 11 done, no improvement for 7 gens, already consumed 0.04 sec
already consumed 0.04 sec
After large neighbourhood search
Avg 3348.46, Best 3348.46 / m 3, Worst 3348.46
Gen 12 done, no improvement for 8 gens, already consumed 0.04 sec
already consumed 0.05 sec
After large neighbourhood search
Avg 3348.46, Best 3348.46 / m 3, Worst 3348.46
Gen 13 done, no improvement for 9 gens, already consumed 0.05 sec
already consumed 0.05 sec
After large neighbourhood search
Avg 3348.46, Best 3348.46 / m 3, Worst 3348.46
Gen 14 done, no improvement for 10 gens, already consumed 0.05 sec
already consumed 0.06 sec
After large neighbourhood search
Avg 3348.46, Best 3348.46 / m 3, Worst 3348.46
Gen 15 done, no improvement for 11 gens, already consumed 0.06 sec
already consumed 0.06 sec
After large neighbourhood search
Avg 3348.46, Best 3348.46 / m 3, Worst 3348.46
Gen 16 done, no improvement for 12 gens, already consumed 0.06 sec
already consumed 0.07 sec
After large neighbourhood search
Avg 3348.46, Best 3348.46 / m 3, Worst 3348.46
Gen 17 done, no improvement for 13 gens, already consumed 0.07 sec
already consumed 0.07 sec
After large neighbourhood search
Avg 3348.46, Best 3348.46 / m 3, Worst 3348.46
Gen 18 done, no improvement for 14 gens, already consumed 0.07 sec
already consumed 0.08 sec
After large neighbourhood search
Avg 3348.46, Best 3348.46 / m 3, Worst 3348.46
Gen 19 done, no improvement for 15 gens, already consumed 0.08 sec
already consumed 0.09 sec
After large neighbourhood search
Avg 3348.46, Best 3348.46 / m 3, Worst 3348.46
Gen 20 done, no improvement for 16 gens, already consumed 0.09 sec
already consumed 0.09 sec
After large neighbourhood search
Avg 3348.46, Best 3348.46 / m 3, Worst 3348.46
Gen 21 done, no improvement for 17 gens, already consumed 0.09 sec
already consumed 0.09 sec
After large neighbourhood search
Avg 3348.46, Best 3348.46 / m 3, Worst 3348.46
Gen 22 done, no improvement for 18 gens, already consumed 0.09 sec
already consumed 0.10 sec
After large neighbourhood search
Avg 3348.46, Best 3348.46 / m 3, Worst 3348.46
Gen 23 done, no improvement for 19 gens, already consumed 0.10 sec
already consumed 0.10 sec
After large neighbourhood search
Avg 3348.46, Best 3348.46 / m 3, Worst 3348.46
Gen 24 done, no improvement for 20 gens, already consumed 0.10 sec
sub_problem_num: 1
subproblem 1, customer: 15
Total edges 210, prune by time window 44(20.9524%), prune by capacity 0(0.0000%)
Initialization, using perturb method
Solution 0, cost 3440.16, m 3
Solution 1, cost 3451.22, m 3
Solution 2, cost 3437.05, m 3
Solution 3, cost 3392.82, m 3
Solution 4, cost 3348.46, m 3
Solution 5, cost 4506.47, m 4
Solution 6, cost 3379.01, m 3
Solution 7, cost 3421.52, m 3
Solution 8, cost 3348.46, m 3
best cost 3348.46, m 3
Initialization done.
already consumed 0.11 sec
already consumed 0.22 sec
After local search
Avg 3365.47, Best 3348.46 / m 3, Worst 3409.85
Do crossover.
already consumed 0.22 sec
Gen: 1. Avg 3352.05, Best 3348.46 / m 3, Worst 3364.58
Gen 1 done, no improvement for 1 gens, already consumed 0.30 sec
Do crossover.
already consumed 0.30 sec
Gen: 2. Avg 3348.46, Best 3348.46 / m 3, Worst 3348.46
Gen 2 done, no improvement for 2 gens, already consumed 0.34 sec
Do crossover.
already consumed 0.34 sec
Gen: 3. Avg 3348.46, Best 3348.46 / m 3, Worst 3348.46
Gen 3 done, no improvement for 3 gens, already consumed 0.37 sec
Do crossover.
already consumed 0.37 sec
Gen: 4. Avg 3348.46, Best 3348.46 / m 3, Worst 3348.46
Gen 4 done, no improvement for 4 gens, already consumed 0.41 sec
Do crossover.
already consumed 0.41 sec
Gen: 5. Avg 3348.46, Best 3348.46 / m 3, Worst 3348.46
Gen 5 done, no improvement for 5 gens, already consumed 0.44 sec
Do crossover.
already consumed 0.44 sec
Gen: 6. Avg 3348.46, Best 3348.46 / m 3, Worst 3348.46
Gen 6 done, no improvement for 6 gens, already consumed 0.49 sec
Do crossover.
already consumed 0.49 sec
Gen: 7. Avg 3348.46, Best 3348.46 / m 3, Worst 3348.46
Gen 7 done, no improvement for 7 gens, already consumed 0.54 sec
Do crossover.
already consumed 0.54 sec
Gen: 8. Avg 3348.46, Best 3348.46 / m 3, Worst 3348.46
Gen 8 done, no improvement for 8 gens, already consumed 0.57 sec
Do crossover.
already consumed 0.57 sec
Gen: 9. Avg 3348.46, Best 3348.46 / m 3, Worst 3348.46
Gen 9 done, no improvement for 9 gens, already consumed 0.60 sec
Do crossover.
already consumed 0.60 sec
Gen: 10. Avg 3348.46, Best 3348.46 / m 3, Worst 3348.46
Gen 10 done, no improvement for 10 gens, already consumed 0.64 sec
Do crossover.
already consumed 0.64 sec
Gen: 11. Avg 3348.46, Best 3348.46 / m 3, Worst 3348.46
Gen 11 done, no improvement for 11 gens, already consumed 0.69 sec
Do crossover.
already consumed 0.69 sec
Gen: 12. Avg 3348.46, Best 3348.46 / m 3, Worst 3348.46
Gen 12 done, no improvement for 12 gens, already consumed 0.72 sec
Do crossover.
already consumed 0.72 sec
Gen: 13. Avg 3348.46, Best 3348.46 / m 3, Worst 3348.46
Gen 13 done, no improvement for 13 gens, already consumed 0.76 sec
Do crossover.
already consumed 0.76 sec
Gen: 14. Avg 3348.46, Best 3348.46 / m 3, Worst 3348.46
Gen 14 done, no improvement for 14 gens, already consumed 0.81 sec
Do crossover.
already consumed 0.81 sec
Gen: 15. Avg 3348.46, Best 3348.46 / m 3, Worst 3348.46
Gen 15 done, no improvement for 15 gens, already consumed 0.85 sec
Do crossover.
already consumed 0.85 sec
Gen: 16. Avg 3348.46, Best 3348.46 / m 3, Worst 3348.46
Gen 16 done, no improvement for 16 gens, already consumed 0.88 sec
Do crossover.
already consumed 0.88 sec
Gen: 17. Avg 3348.46, Best 3348.46 / m 3, Worst 3348.46
Gen 17 done, no improvement for 17 gens, already consumed 0.91 sec
Do crossover.
already consumed 0.91 sec
Gen: 18. Avg 3348.46, Best 3348.46 / m 3, Worst 3348.46
Gen 18 done, no improvement for 18 gens, already consumed 0.95 sec
Do crossover.
already consumed 0.95 sec
Gen: 19. Avg 3348.46, Best 3348.46 / m 3, Worst 3348.46
Gen 19 done, no improvement for 19 gens, already consumed 0.99 sec
Do crossover.
already consumed 0.99 sec
Gen: 20. Avg 3348.46, Best 3348.46 / m 3, Worst 3348.46
Gen 20 done, no improvement for 20 gens, already consumed 1.02 sec
Do crossover.
already consumed 1.02 sec
Gen: 21. Avg 3348.46, Best 3348.46 / m 3, Worst 3348.46
Gen 21 done, no improvement for 21 gens, already consumed 1.06 sec
Run 1 finishes
Avg 3348.46, Best 3348.46 / m 3, Worst 3348.46
Decomposition done, already consumed 1.06 sec
After decomposition
Avg 3348.46, Best 3348.46 / m 3, Worst 3348.46
already consumed 1.06 sec
already consumed 1.06 sec
After local search
Avg 3348.46, Best 3348.46 / m 3, Worst 3348.46
already consumed 1.06 sec
already consumed 1.07 sec
After large neighbourhood search
Avg 3348.46, Best 3348.46 / m 3, Worst 3348.46
Gen 25 done, no improvement for 21 gens, already consumed 1.07 sec
Run 4 finishes
Avg 3348.46, Best 3348.46 / m 3, Worst 3348.46
---------------------------------Run 5---------------------------
Initialization, using rcrs method
Solution 0, cost 3416.96, m 3
best cost 3416.96, m 3
Initialization done.
already consumed 0.00 sec
already consumed 0.01 sec
After local search
Avg 3348.46, Best 3348.46 / m 3, Worst 3348.46
already consumed 0.01 sec
After large neighbourhood search
Avg 3348.46, Best 3348.46 / m 3, Worst 3348.46
Gen 1 done, no improvement for 1 gens, already consumed 0.01 sec
already consumed 0.01 sec
After large neighbourhood search
Avg 3348.46, Best 3348.46 / m 3, Worst 3348.46
Gen 2 done, no improvement for 2 gens, already consumed 0.01 sec
already consumed 0.01 sec
After large neighbourhood search
Avg 3348.46, Best 3348.46 / m 3, Worst 3348.46
Gen 3 done, no improvement for 3 gens, already consumed 0.01 sec
already consumed 0.02 sec
After large neighbourhood search
Avg 3348.46, Best 3348.46 / m 3, Worst 3348.46
Gen 4 done, no improvement for 4 gens, already consumed 0.02 sec
already consumed 0.02 sec
After large neighbourhood search
Avg 3348.46, Best 3348.46 / m 3, Worst 3348.46
Gen 5 done, no improvement for 5 gens, already consumed 0.02 sec
already consumed 0.02 sec
After large neighbourhood search
Avg 3348.46, Best 3348.46 / m 3, Worst 3348.46
Gen 6 done, no improvement for 6 gens, already consumed 0.02 sec
already consumed 0.02 sec
After large neighbourhood search
Avg 3348.46, Best 3348.46 / m 3, Worst 3348.46
Gen 7 done, no improvement for 7 gens, already consumed 0.02 sec
already consumed 0.02 sec
After large neighbourhood search
Avg 3348.46, Best 3348.46 / m 3, Worst 3348.46
Gen 8 done, no improvement for 8 gens, already consumed 0.02 sec
already consumed 0.03 sec
After large neighbourhood search
Avg 3348.46, Best 3348.46 / m 3, Worst 3348.46
Gen 9 done, no improvement for 9 gens, already consumed 0.03 sec
already consumed 0.03 sec
After large neighbourhood search
Avg 3348.46, Best 3348.46 / m 3, Worst 3348.46
Gen 10 done, no improvement for 10 gens, already consumed 0.03 sec
already consumed 0.03 sec
After large neighbourhood search
Avg 3348.46, Best 3348.46 / m 3, Worst 3348.46
Gen 11 done, no improvement for 11 gens, already consumed 0.03 sec
already consumed 0.04 sec
After large neighbourhood search
Avg 3348.46, Best 3348.46 / m 3, Worst 3348.46
Gen 12 done, no improvement for 12 gens, already consumed 0.04 sec
already consumed 0.04 sec
After large neighbourhood search
Avg 3348.46, Best 3348.46 / m 3, Worst 3348.46
Gen 13 done, no improvement for 13 gens, already consumed 0.04 sec
already consumed 0.05 sec
After large neighbourhood search
Avg 3348.46, Best 3348.46 / m 3, Worst 3348.46
Gen 14 done, no improvement for 14 gens, already consumed 0.05 sec
already consumed 0.05 sec
After large neighbourhood search
Avg 3348.46, Best 3348.46 / m 3, Worst 3348.46
Gen 15 done, no improvement for 15 gens, already consumed 0.05 sec
already consumed 0.05 sec
After large neighbourhood search
Avg 3348.46, Best 3348.46 / m 3, Worst 3348.46
Gen 16 done, no improvement for 16 gens, already consumed 0.05 sec
already consumed 0.05 sec
After large neighbourhood search
Avg 3348.46, Best 3348.46 / m 3, Worst 3348.46
Gen 17 done, no improvement for 17 gens, already consumed 0.05 sec
already consumed 0.05 sec
After large neighbourhood search
Avg 3348.46, Best 3348.46 / m 3, Worst 3348.46
Gen 18 done, no improvement for 18 gens, already consumed 0.05 sec
already consumed 0.06 sec
After large neighbourhood search
Avg 3348.46, Best 3348.46 / m 3, Worst 3348.46
Gen 19 done, no improvement for 19 gens, already consumed 0.06 sec
already consumed 0.06 sec
After large neighbourhood search
Avg 3348.46, Best 3348.46 / m 3, Worst 3348.46
Gen 20 done, no improvement for 20 gens, already consumed 0.06 sec
sub_problem_num: 1
subproblem 1, customer: 15
Total edges 210, prune by time window 44(20.9524%), prune by capacity 0(0.0000%)
Initialization, using perturb method
Solution 0, cost 3440.16, m 3
Solution 1, cost 3451.22, m 3
Solution 2, cost 3437.05, m 3
Solution 3, cost 3392.82, m 3
Solution 4, cost 3348.46, m 3
Solution 5, cost 4506.47, m 4
Solution 6, cost 3379.01, m 3
Solution 7, cost 3421.52, m 3
Solution 8, cost 3348.46, m 3
best cost 3348.46, m 3
Initialization done.
already consumed 0.07 sec
already consumed 0.17 sec
After local search
Avg 3365.47, Best 3348.46 / m 3, Worst 3409.85
Do crossover.
already consumed 0.17 sec
Gen: 1. Avg 3352.05, Best 3348.46 / m 3, Worst 3364.58
Gen 1 done, no improvement for 1 gens, already consumed 0.25 sec
Do crossover.
already consumed 0.25 sec
Gen: 2. Avg 3348.46, Best 3348.46 / m 3, Worst 3348.46
Gen 2 done, no improvement for 2 gens, already consumed 0.29 sec
Do crossover.
already consumed 0.29 sec
Gen: 3. Avg 3348.46, Best 3348.46 / m 3, Worst 3348.46
Gen 3 done, no improvement for 3 gens, already consumed 0.33 sec
Do crossover.
already consumed 0.33 sec
Gen: 4. Avg 3348.46, Best 3348.46 / m 3, Worst 3348.46
Gen 4 done, no improvement for 4 gens, already consumed 0.37 sec
Do crossover.
already consumed 0.37 sec
Gen: 5. Avg 3348.46, Best 3348.46 / m 3, Worst 3348.46
Gen 5 done, no improvement for 5 gens, already consumed 0.40 sec
Do crossover.
already consumed 0.40 sec
Gen: 6. Avg 3348.46, Best 3348.46 / m 3, Worst 3348.46
Gen 6 done, no improvement for 6 gens, already consumed 0.44 sec
Do crossover.
already consumed 0.44 sec
Gen: 7. Avg 3348.46, Best 3348.46 / m 3, Worst 3348.46
Gen 7 done, no improvement for 7 gens, already consumed 0.49 sec
Do crossover.
already consumed 0.49 sec
Gen: 8. Avg 3348.46, Best 3348.46 / m 3, Worst 3348.46
Gen 8 done, no improvement for 8 gens, already consumed 0.53 sec
Do crossover.
already consumed 0.53 sec
Gen: 9. Avg 3348.46, Best 3348.46 / m 3, Worst 3348.46
Gen 9 done, no improvement for 9 gens, already consumed 0.56 sec
Do crossover.
already consumed 0.56 sec
Gen: 10. Avg 3348.46, Best 3348.46 / m 3, Worst 3348.46
Gen 10 done, no improvement for 10 gens, already consumed 0.60 sec
Do crossover.
already consumed 0.60 sec
Gen: 11. Avg 3348.46, Best 3348.46 / m 3, Worst 3348.46
Gen 11 done, no improvement for 11 gens, already consumed 0.64 sec
Do crossover.
already consumed 0.64 sec
Gen: 12. Avg 3348.46, Best 3348.46 / m 3, Worst 3348.46
Gen 12 done, no improvement for 12 gens, already consumed 0.68 sec
Do crossover.
already consumed 0.68 sec
Gen: 13. Avg 3348.46, Best 3348.46 / m 3, Worst 3348.46
Gen 13 done, no improvement for 13 gens, already consumed 0.71 sec
Do crossover.
already consumed 0.71 sec
Gen: 14. Avg 3348.46, Best 3348.46 / m 3, Worst 3348.46
Gen 14 done, no improvement for 14 gens, already consumed 0.77 sec
Do crossover.
already consumed 0.77 sec
Gen: 15. Avg 3348.46, Best 3348.46 / m 3, Worst 3348.46
Gen 15 done, no improvement for 15 gens, already consumed 0.81 sec
Do crossover.
already consumed 0.81 sec
Gen: 16. Avg 3348.46, Best 3348.46 / m 3, Worst 3348.46
Gen 16 done, no improvement for 16 gens, already consumed 0.84 sec
Do crossover.
already consumed 0.84 sec
Gen: 17. Avg 3348.46, Best 3348.46 / m 3, Worst 3348.46
Gen 17 done, no improvement for 17 gens, already consumed 0.87 sec
Do crossover.
already consumed 0.87 sec
Gen: 18. Avg 3348.46, Best 3348.46 / m 3, Worst 3348.46
Gen 18 done, no improvement for 18 gens, already consumed 0.91 sec
Do crossover.
already consumed 0.91 sec
Gen: 19. Avg 3348.46, Best 3348.46 / m 3, Worst 3348.46
Gen 19 done, no improvement for 19 gens, already consumed 0.95 sec
Do crossover.
already consumed 0.95 sec
Gen: 20. Avg 3348.46, Best 3348.46 / m 3, Worst 3348.46
Gen 20 done, no improvement for 20 gens, already consumed 0.98 sec
Do crossover.
already consumed 0.98 sec
Gen: 21. Avg 3348.46, Best 3348.46 / m 3, Worst 3348.46
Gen 21 done, no improvement for 21 gens, already consumed 1.02 sec
Run 1 finishes
Avg 3348.46, Best 3348.46 / m 3, Worst 3348.46
Decomposition done, already consumed 1.02 sec
After decomposition
Avg 3348.46, Best 3348.46 / m 3, Worst 3348.46
already consumed 1.02 sec
already consumed 1.03 sec
After local search
Avg 3348.46, Best 3348.46 / m 3, Worst 3348.46
already consumed 1.03 sec
already consumed 1.04 sec
After large neighbourhood search
Avg 3348.46, Best 3348.46 / m 3, Worst 3348.46
Gen 21 done, no improvement for 21 gens, already consumed 1.04 sec
Run 5 finishes
Avg 3348.46, Best 3348.46 / m 3, Worst 3348.46
---------------------------------Run 6---------------------------
Initialization, using rcrs method
Solution 0, cost 3421.52, m 3
best cost 3421.52, m 3
Initialization done.
already consumed 0.00 sec
already consumed 0.02 sec
After local search
Avg 3409.17, Best 3409.17 / m 3, Worst 3409.17
already consumed 0.03 sec
After large neighbourhood search
Avg 3349.48, Best 3349.48 / m 3, Worst 3349.48
Gen 1 done, no improvement for 0 gens, already consumed 0.03 sec
already consumed 0.03 sec
After large neighbourhood search
Avg 3349.48, Best 3349.48 / m 3, Worst 3349.48
Gen 2 done, no improvement for 1 gens, already consumed 0.03 sec
already consumed 0.03 sec
After large neighbourhood search
Avg 3349.48, Best 3349.48 / m 3, Worst 3349.48
Gen 3 done, no improvement for 2 gens, already consumed 0.03 sec
already consumed 0.03 sec
After large neighbourhood search
Avg 3349.48, Best 3349.48 / m 3, Worst 3349.48
Gen 4 done, no improvement for 3 gens, already consumed 0.03 sec
already consumed 0.04 sec
After large neighbourhood search
Avg 3349.48, Best 3349.48 / m 3, Worst 3349.48
Gen 5 done, no improvement for 4 gens, already consumed 0.04 sec
already consumed 0.04 sec
After large neighbourhood search
Avg 3349.48, Best 3349.48 / m 3, Worst 3349.48
Gen 6 done, no improvement for 5 gens, already consumed 0.04 sec
already consumed 0.05 sec
After large neighbourhood search
Avg 3349.48, Best 3349.48 / m 3, Worst 3349.48
Gen 7 done, no improvement for 6 gens, already consumed 0.05 sec
already consumed 0.05 sec
After large neighbourhood search
Avg 3349.48, Best 3349.48 / m 3, Worst 3349.48
Gen 8 done, no improvement for 7 gens, already consumed 0.05 sec
already consumed 0.05 sec
After large neighbourhood search
Avg 3349.48, Best 3349.48 / m 3, Worst 3349.48
Gen 9 done, no improvement for 8 gens, already consumed 0.05 sec
already consumed 0.06 sec
After large neighbourhood search
Avg 3348.46, Best 3348.46 / m 3, Worst 3348.46
Gen 10 done, no improvement for 0 gens, already consumed 0.06 sec
already consumed 0.06 sec
After large neighbourhood search
Avg 3348.46, Best 3348.46 / m 3, Worst 3348.46
Gen 11 done, no improvement for 1 gens, already consumed 0.06 sec
already consumed 0.06 sec
After large neighbourhood search
Avg 3348.46, Best 3348.46 / m 3, Worst 3348.46
Gen 12 done, no improvement for 2 gens, already consumed 0.06 sec
already consumed 0.07 sec
After large neighbourhood search
Avg 3348.46, Best 3348.46 / m 3, Worst 3348.46
Gen 13 done, no improvement for 3 gens, already consumed 0.07 sec
already consumed 0.07 sec
After large neighbourhood search
Avg 3348.46, Best 3348.46 / m 3, Worst 3348.46
Gen 14 done, no improvement for 4 gens, already consumed 0.07 sec
already consumed 0.07 sec
After large neighbourhood search
Avg 3348.46, Best 3348.46 / m 3, Worst 3348.46
Gen 15 done, no improvement for 5 gens, already consumed 0.07 sec
already consumed 0.08 sec
After large neighbourhood search
Avg 3348.46, Best 3348.46 / m 3, Worst 3348.46
Gen 16 done, no improvement for 6 gens, already consumed 0.08 sec
already consumed 0.09 sec
After large neighbourhood search
Avg 3348.46, Best 3348.46 / m 3, Worst 3348.46
Gen 17 done, no improvement for 7 gens, already consumed 0.09 sec
already consumed 0.09 sec
After large neighbourhood search
Avg 3348.46, Best 3348.46 / m 3, Worst 3348.46
Gen 18 done, no improvement for 8 gens, already consumed 0.09 sec
already consumed 0.09 sec
After large neighbourhood search
Avg 3348.46, Best 3348.46 / m 3, Worst 3348.46
Gen 19 done, no improvement for 9 gens, already consumed 0.09 sec
already consumed 0.09 sec
After large neighbourhood search
Avg 3348.46, Best 3348.46 / m 3, Worst 3348.46
Gen 20 done, no improvement for 10 gens, already consumed 0.09 sec
already consumed 0.09 sec
After large neighbourhood search
Avg 3348.46, Best 3348.46 / m 3, Worst 3348.46
Gen 21 done, no improvement for 11 gens, already consumed 0.09 sec
already consumed 0.10 sec
After large neighbourhood search
Avg 3348.46, Best 3348.46 / m 3, Worst 3348.46
Gen 22 done, no improvement for 12 gens, already consumed 0.10 sec
already consumed 0.10 sec
After large neighbourhood search
Avg 3348.46, Best 3348.46 / m 3, Worst 3348.46
Gen 23 done, no improvement for 13 gens, already consumed 0.10 sec
already consumed 0.10 sec
After large neighbourhood search
Avg 3348.46, Best 3348.46 / m 3, Worst 3348.46
Gen 24 done, no improvement for 14 gens, already consumed 0.10 sec
already consumed 0.10 sec
After large neighbourhood search
Avg 3348.46, Best 3348.46 / m 3, Worst 3348.46
Gen 25 done, no improvement for 15 gens, already consumed 0.10 sec
already consumed 0.11 sec
After large neighbourhood search
Avg 3348.46, Best 3348.46 / m 3, Worst 3348.46
Gen 26 done, no improvement for 16 gens, already consumed 0.11 sec
already consumed 0.11 sec
After large neighbourhood search
Avg 3348.46, Best 3348.46 / m 3, Worst 3348.46
Gen 27 done, no improvement for 17 gens, already consumed 0.11 sec
already consumed 0.11 sec
After large neighbourhood search
Avg 3348.46, Best 3348.46 / m 3, Worst 3348.46
Gen 28 done, no improvement for 18 gens, already consumed 0.11 sec
already consumed 0.11 sec
After large neighbourhood search
Avg 3348.46, Best 3348.46 / m 3, Worst 3348.46
Gen 29 done, no improvement for 19 gens, already consumed 0.11 sec
already consumed 0.12 sec
After large neighbourhood search
Avg 3348.46, Best 3348.46 / m 3, Worst 3348.46
Gen 30 done, no improvement for 20 gens, already consumed 0.12 sec
sub_problem_num: 1
subproblem 1, customer: 15
Total edges 210, prune by time window 44(20.9524%), prune by capacity 0(0.0000%)
Initialization, using perturb method
Solution 0, cost 3460.41, m 3
Solution 1, cost 3424.91, m 3
Solution 2, cost 3348.46, m 3
Solution 3, cost 3435.06, m 3
Solution 4, cost 3378.69, m 3
Solution 5, cost 3348.46, m 3
Solution 6, cost 3436.20, m 3
Solution 7, cost 3389.44, m 3
Solution 8, cost 3445.80, m 3
best cost 3348.46, m 3
Initialization done.
already consumed 0.13 sec
already consumed 0.19 sec
After local search
Avg 3359.75, Best 3348.46 / m 3, Worst 3399.73
Do crossover.
already consumed 0.20 sec
Gen: 1. Avg 3348.58, Best 3348.46 / m 3, Worst 3349.48
Gen 1 done, no improvement for 1 gens, already consumed 0.36 sec
Do crossover.
already consumed 0.36 sec
Gen: 2. Avg 3348.46, Best 3348.46 / m 3, Worst 3348.46
Gen 2 done, no improvement for 2 gens, already consumed 0.40 sec
Do crossover.
already consumed 0.40 sec
Gen: 3. Avg 3348.46, Best 3348.46 / m 3, Worst 3348.46
Gen 3 done, no improvement for 3 gens, already consumed 0.44 sec
Do crossover.
already consumed 0.44 sec
Gen: 4. Avg 3348.46, Best 3348.46 / m 3, Worst 3348.46
Gen 4 done, no improvement for 4 gens, already consumed 0.47 sec
Do crossover.
already consumed 0.47 sec
Gen: 5. Avg 3348.46, Best 3348.46 / m 3, Worst 3348.46
Gen 5 done, no improvement for 5 gens, already consumed 0.51 sec
Do crossover.
already consumed 0.51 sec
Gen: 6. Avg 3348.46, Best 3348.46 / m 3, Worst 3348.46
Gen 6 done, no improvement for 6 gens, already consumed 0.55 sec
Do crossover.
already consumed 0.55 sec
Gen: 7. Avg 3348.46, Best 3348.46 / m 3, Worst 3348.46
Gen 7 done, no improvement for 7 gens, already consumed 0.59 sec
Do crossover.
already consumed 0.59 sec
Gen: 8. Avg 3348.46, Best 3348.46 / m 3, Worst 3348.46
Gen 8 done, no improvement for 8 gens, already consumed 0.62 sec
Do crossover.
already consumed 0.62 sec
Gen: 9. Avg 3348.46, Best 3348.46 / m 3, Worst 3348.46
Gen 9 done, no improvement for 9 gens, already consumed 0.67 sec
Do crossover.
already consumed 0.67 sec
Gen: 10. Avg 3348.46, Best 3348.46 / m 3, Worst 3348.46
Gen 10 done, no improvement for 10 gens, already consumed 0.71 sec
Do crossover.
already consumed 0.71 sec
Gen: 11. Avg 3348.46, Best 3348.46 / m 3, Worst 3348.46
Gen 11 done, no improvement for 11 gens, already consumed 0.74 sec
Do crossover.
already consumed 0.74 sec
Gen: 12. Avg 3348.46, Best 3348.46 / m 3, Worst 3348.46
Gen 12 done, no improvement for 12 gens, already consumed 0.78 sec
Do crossover.
already consumed 0.78 sec
Gen: 13. Avg 3348.46, Best 3348.46 / m 3, Worst 3348.46
Gen 13 done, no improvement for 13 gens, already consumed 0.81 sec
Do crossover.
already consumed 0.81 sec
Gen: 14. Avg 3348.46, Best 3348.46 / m 3, Worst 3348.46
Gen 14 done, no improvement for 14 gens, already consumed 0.84 sec
Do crossover.
already consumed 0.84 sec
Gen: 15. Avg 3348.46, Best 3348.46 / m 3, Worst 3348.46
Gen 15 done, no improvement for 15 gens, already consumed 0.87 sec
Do crossover.
already consumed 0.87 sec
Gen: 16. Avg 3348.46, Best 3348.46 / m 3, Worst 3348.46
Gen 16 done, no improvement for 16 gens, already consumed 0.91 sec
Do crossover.
already consumed 0.91 sec
Gen: 17. Avg 3348.46, Best 3348.46 / m 3, Worst 3348.46
Gen 17 done, no improvement for 17 gens, already consumed 0.95 sec
Do crossover.
already consumed 0.95 sec
Gen: 18. Avg 3348.46, Best 3348.46 / m 3, Worst 3348.46
Gen 18 done, no improvement for 18 gens, already consumed 0.99 sec
Do crossover.
already consumed 0.99 sec
Gen: 19. Avg 3348.46, Best 3348.46 / m 3, Worst 3348.46
Gen 19 done, no improvement for 19 gens, already consumed 1.03 sec
Do crossover.
already consumed 1.03 sec
Gen: 20. Avg 3348.46, Best 3348.46 / m 3, Worst 3348.46
Gen 20 done, no improvement for 20 gens, already consumed 1.06 sec
Do crossover.
already consumed 1.06 sec
Gen: 21. Avg 3348.46, Best 3348.46 / m 3, Worst 3348.46
Gen 21 done, no improvement for 21 gens, already consumed 1.11 sec
Run 1 finishes
Avg 3348.46, Best 3348.46 / m 3, Worst 3348.46
Decomposition done, already consumed 1.11 sec
After decomposition
Avg 3348.46, Best 3348.46 / m 3, Worst 3348.46
already consumed 1.11 sec
already consumed 1.12 sec
After local search
Avg 3348.46, Best 3348.46 / m 3, Worst 3348.46
already consumed 1.12 sec
already consumed 1.12 sec
After large neighbourhood search
Avg 3348.46, Best 3348.46 / m 3, Worst 3348.46
Gen 31 done, no improvement for 21 gens, already consumed 1.12 sec
Run 6 finishes
Avg 3348.46, Best 3348.46 / m 3, Worst 3348.46
---------------------------------Run 7---------------------------
Initialization, using rcrs method
Solution 0, cost 3421.29, m 3
best cost 3421.29, m 3
Initialization done.
already consumed 0.00 sec
already consumed 0.00 sec
After local search
Avg 3349.48, Best 3349.48 / m 3, Worst 3349.48
already consumed 0.01 sec
After large neighbourhood search
Avg 3349.48, Best 3349.48 / m 3, Worst 3349.48
Gen 1 done, no improvement for 1 gens, already consumed 0.01 sec
already consumed 0.01 sec
After large neighbourhood search
Avg 3349.48, Best 3349.48 / m 3, Worst 3349.48
Gen 2 done, no improvement for 2 gens, already consumed 0.01 sec
already consumed 0.01 sec
After large neighbourhood search
Avg 3349.48, Best 3349.48 / m 3, Worst 3349.48
Gen 3 done, no improvement for 3 gens, already consumed 0.01 sec
already consumed 0.02 sec
After large neighbourhood search
Avg 3348.46, Best 3348.46 / m 3, Worst 3348.46
Gen 4 done, no improvement for 0 gens, already consumed 0.02 sec
already consumed 0.02 sec
After large neighbourhood search
Avg 3348.46, Best 3348.46 / m 3, Worst 3348.46
Gen 5 done, no improvement for 1 gens, already consumed 0.02 sec
already consumed 0.02 sec
After large neighbourhood search
Avg 3348.46, Best 3348.46 / m 3, Worst 3348.46
Gen 6 done, no improvement for 2 gens, already consumed 0.02 sec
already consumed 0.02 sec
After large neighbourhood search
Avg 3348.46, Best 3348.46 / m 3, Worst 3348.46
Gen 7 done, no improvement for 3 gens, already consumed 0.02 sec
already consumed 0.04 sec
After large neighbourhood search
Avg 3348.46, Best 3348.46 / m 3, Worst 3348.46
Gen 8 done, no improvement for 4 gens, already consumed 0.04 sec
already consumed 0.05 sec
After large neighbourhood search
Avg 3348.46, Best 3348.46 / m 3, Worst 3348.46
Gen 9 done, no improvement for 5 gens, already consumed 0.05 sec
already consumed 0.05 sec
After large neighbourhood search
Avg 3348.46, Best 3348.46 / m 3, Worst 3348.46
Gen 10 done, no improvement for 6 gens, already consumed 0.05 sec
already consumed 0.05 sec
After large neighbourhood search
Avg 3348.46, Best 3348.46 / m 3, Worst 3348.46
Gen 11 done, no improvement for 7 gens, already consumed 0.05 sec
already consumed 0.05 sec
After large neighbourhood search
Avg 3348.46, Best 3348.46 / m 3, Worst 3348.46
Gen 12 done, no improvement for 8 gens, already consumed 0.05 sec
already consumed 0.05 sec
After large neighbourhood search
Avg 3348.46, Best 3348.46 / m 3, Worst 3348.46
Gen 13 done, no improvement for 9 gens, already consumed 0.05 sec
already consumed 0.05 sec
After large neighbourhood search
Avg 3348.46, Best 3348.46 / m 3, Worst 3348.46
Gen 14 done, no improvement for 10 gens, already consumed 0.05 sec
already consumed 0.06 sec
After large neighbourhood search
Avg 3348.46, Best 3348.46 / m 3, Worst 3348.46
Gen 15 done, no improvement for 11 gens, already consumed 0.06 sec
already consumed 0.07 sec
After large neighbourhood search
Avg 3348.46, Best 3348.46 / m 3, Worst 3348.46
Gen 16 done, no improvement for 12 gens, already consumed 0.07 sec
already consumed 0.08 sec
After large neighbourhood search
Avg 3348.46, Best 3348.46 / m 3, Worst 3348.46
Gen 17 done, no improvement for 13 gens, already consumed 0.08 sec
already consumed 0.08 sec
After large neighbourhood search
Avg 3348.46, Best 3348.46 / m 3, Worst 3348.46
Gen 18 done, no improvement for 14 gens, already consumed 0.08 sec
already consumed 0.08 sec
After large neighbourhood search
Avg 3348.46, Best 3348.46 / m 3, Worst 3348.46
Gen 19 done, no improvement for 15 gens, already consumed 0.08 sec
already consumed 0.08 sec
After large neighbourhood search
Avg 3348.46, Best 3348.46 / m 3, Worst 3348.46
Gen 20 done, no improvement for 16 gens, already consumed 0.08 sec
already consumed 0.08 sec
After large neighbourhood search
Avg 3348.46, Best 3348.46 / m 3, Worst 3348.46
Gen 21 done, no improvement for 17 gens, already consumed 0.08 sec
already consumed 0.08 sec
After large neighbourhood search
Avg 3348.46, Best 3348.46 / m 3, Worst 3348.46
Gen 22 done, no improvement for 18 gens, already consumed 0.08 sec
already consumed 0.09 sec
After large neighbourhood search
Avg 3348.46, Best 3348.46 / m 3, Worst 3348.46
Gen 23 done, no improvement for 19 gens, already consumed 0.09 sec
already consumed 0.09 sec
After large neighbourhood search
Avg 3348.46, Best 3348.46 / m 3, Worst 3348.46
Gen 24 done, no improvement for 20 gens, already consumed 0.09 sec
sub_problem_num: 1
subproblem 1, customer: 15
Total edges 210, prune by time window 44(20.9524%), prune by capacity 0(0.0000%)
Initialization, using perturb method
Solution 0, cost 3460.41, m 3
Solution 1, cost 3424.91, m 3
Solution 2, cost 3348.46, m 3
Solution 3, cost 3435.06, m 3
Solution 4, cost 3378.69, m 3
Solution 5, cost 3348.46, m 3
Solution 6, cost 3436.20, m 3
Solution 7, cost 3389.44, m 3
Solution 8, cost 3445.80, m 3
best cost 3348.46, m 3
Initialization done.
already consumed 0.10 sec
already consumed 0.16 sec
After local search
Avg 3359.75, Best 3348.46 / m 3, Worst 3399.73
Do crossover.
already consumed 0.17 sec
Gen: 1. Avg 3348.58, Best 3348.46 / m 3, Worst 3349.48
Gen 1 done, no improvement for 1 gens, already consumed 0.33 sec
Do crossover.
already consumed 0.33 sec
Gen: 2. Avg 3348.46, Best 3348.46 / m 3, Worst 3348.46
Gen 2 done, no improvement for 2 gens, already consumed 0.37 sec
Do crossover.
already consumed 0.37 sec
Gen: 3. Avg 3348.46, Best 3348.46 / m 3, Worst 3348.46
Gen 3 done, no improvement for 3 gens, already consumed 0.41 sec
Do crossover.
already consumed 0.41 sec
Gen: 4. Avg 3348.46, Best 3348.46 / m 3, Worst 3348.46
Gen 4 done, no improvement for 4 gens, already consumed 0.44 sec
Do crossover.
already consumed 0.44 sec
Gen: 5. Avg 3348.46, Best 3348.46 / m 3, Worst 3348.46
Gen 5 done, no improvement for 5 gens, already consumed 0.48 sec
Do crossover.
already consumed 0.48 sec
Gen: 6. Avg 3348.46, Best 3348.46 / m 3, Worst 3348.46
Gen 6 done, no improvement for 6 gens, already consumed 0.52 sec
Do crossover.
already consumed 0.52 sec
Gen: 7. Avg 3348.46, Best 3348.46 / m 3, Worst 3348.46
Gen 7 done, no improvement for 7 gens, already consumed 0.56 sec
Do crossover.
already consumed 0.56 sec
Gen: 8. Avg 3348.46, Best 3348.46 / m 3, Worst 3348.46
Gen 8 done, no improvement for 8 gens, already consumed 0.59 sec
Do crossover.
already consumed 0.59 sec
Gen: 9. Avg 3348.46, Best 3348.46 / m 3, Worst 3348.46
Gen 9 done, no improvement for 9 gens, already consumed 0.64 sec
Do crossover.
already consumed 0.64 sec
Gen: 10. Avg 3348.46, Best 3348.46 / m 3, Worst 3348.46
Gen 10 done, no improvement for 10 gens, already consumed 0.68 sec
Do crossover.
already consumed 0.68 sec
Gen: 11. Avg 3348.46, Best 3348.46 / m 3, Worst 3348.46
Gen 11 done, no improvement for 11 gens, already consumed 0.71 sec
Do crossover.
already consumed 0.71 sec
Gen: 12. Avg 3348.46, Best 3348.46 / m 3, Worst 3348.46
Gen 12 done, no improvement for 12 gens, already consumed 0.75 sec
Do crossover.
already consumed 0.75 sec
Gen: 13. Avg 3348.46, Best 3348.46 / m 3, Worst 3348.46
Gen 13 done, no improvement for 13 gens, already consumed 0.78 sec
Do crossover.
already consumed 0.78 sec
Gen: 14. Avg 3348.46, Best 3348.46 / m 3, Worst 3348.46
Gen 14 done, no improvement for 14 gens, already consumed 0.81 sec
Do crossover.
already consumed 0.81 sec
Gen: 15. Avg 3348.46, Best 3348.46 / m 3, Worst 3348.46
Gen 15 done, no improvement for 15 gens, already consumed 0.84 sec
Do crossover.
already consumed 0.84 sec
Gen: 16. Avg 3348.46, Best 3348.46 / m 3, Worst 3348.46
Gen 16 done, no improvement for 16 gens, already consumed 0.88 sec
Do crossover.
already consumed 0.88 sec
Gen: 17. Avg 3348.46, Best 3348.46 / m 3, Worst 3348.46
Gen 17 done, no improvement for 17 gens, already consumed 0.92 sec
Do crossover.
already consumed 0.92 sec
Gen: 18. Avg 3348.46, Best 3348.46 / m 3, Worst 3348.46
Gen 18 done, no improvement for 18 gens, already consumed 0.96 sec
Do crossover.
already consumed 0.96 sec
Gen: 19. Avg 3348.46, Best 3348.46 / m 3, Worst 3348.46
Gen 19 done, no improvement for 19 gens, already consumed 1.00 sec
Do crossover.
already consumed 1.00 sec
Gen: 20. Avg 3348.46, Best 3348.46 / m 3, Worst 3348.46
Gen 20 done, no improvement for 20 gens, already consumed 1.03 sec
Do crossover.
already consumed 1.03 sec
Gen: 21. Avg 3348.46, Best 3348.46 / m 3, Worst 3348.46
Gen 21 done, no improvement for 21 gens, already consumed 1.08 sec
Run 1 finishes
Avg 3348.46, Best 3348.46 / m 3, Worst 3348.46
Decomposition done, already consumed 1.08 sec
After decomposition
Avg 3348.46, Best 3348.46 / m 3, Worst 3348.46
already consumed 1.08 sec
already consumed 1.09 sec
After local search
Avg 3348.46, Best 3348.46 / m 3, Worst 3348.46
already consumed 1.09 sec
already consumed 1.09 sec
After large neighbourhood search
Avg 3348.46, Best 3348.46 / m 3, Worst 3348.46
Gen 25 done, no improvement for 21 gens, already consumed 1.09 sec
Run 7 finishes
Avg 3348.46, Best 3348.46 / m 3, Worst 3348.46
---------------------------------Run 8---------------------------
Initialization, using rcrs method
Solution 0, cost 3421.52, m 3
best cost 3421.52, m 3
Initialization done.
already consumed 0.00 sec
already consumed 0.04 sec
After local search
Avg 3348.46, Best 3348.46 / m 3, Worst 3348.46
already consumed 0.04 sec
After large neighbourhood search
Avg 3348.46, Best 3348.46 / m 3, Worst 3348.46
Gen 1 done, no improvement for 1 gens, already consumed 0.04 sec
already consumed 0.04 sec
After large neighbourhood search
Avg 3348.46, Best 3348.46 / m 3, Worst 3348.46
Gen 2 done, no improvement for 2 gens, already consumed 0.04 sec
already consumed 0.04 sec
After large neighbourhood search
Avg 3348.46, Best 3348.46 / m 3, Worst 3348.46
Gen 3 done, no improvement for 3 gens, already consumed 0.04 sec
already consumed 0.04 sec
After large neighbourhood search
Avg 3348.46, Best 3348.46 / m 3, Worst 3348.46
Gen 4 done, no improvement for 4 gens, already consumed 0.04 sec
already consumed 0.05 sec
After large neighbourhood search
Avg 3348.46, Best 3348.46 / m 3, Worst 3348.46
Gen 5 done, no improvement for 5 gens, already consumed 0.05 sec
already consumed 0.05 sec
After large neighbourhood search
Avg 3348.46, Best 3348.46 / m 3, Worst 3348.46
Gen 6 done, no improvement for 6 gens, already consumed 0.05 sec
already consumed 0.05 sec
After large neighbourhood search
Avg 3348.46, Best 3348.46 / m 3, Worst 3348.46
Gen 7 done, no improvement for 7 gens, already consumed 0.05 sec
already consumed 0.05 sec
After large neighbourhood search
Avg 3348.46, Best 3348.46 / m 3, Worst 3348.46
Gen 8 done, no improvement for 8 gens, already consumed 0.05 sec
already consumed 0.06 sec
After large neighbourhood search
Avg 3348.46, Best 3348.46 / m 3, Worst 3348.46
Gen 9 done, no improvement for 9 gens, already consumed 0.06 sec
already consumed 0.06 sec
After large neighbourhood search
Avg 3348.46, Best 3348.46 / m 3, Worst 3348.46
Gen 10 done, no improvement for 10 gens, already consumed 0.06 sec
already consumed 0.07 sec
After large neighbourhood search
Avg 3348.46, Best 3348.46 / m 3, Worst 3348.46
Gen 11 done, no improvement for 11 gens, already consumed 0.07 sec
already consumed 0.07 sec
After large neighbourhood search
Avg 3348.46, Best 3348.46 / m 3, Worst 3348.46
Gen 12 done, no improvement for 12 gens, already consumed 0.07 sec
already consumed 0.07 sec
After large neighbourhood search
Avg 3348.46, Best 3348.46 / m 3, Worst 3348.46
Gen 13 done, no improvement for 13 gens, already consumed 0.07 sec
already consumed 0.07 sec
After large neighbourhood search
Avg 3348.46, Best 3348.46 / m 3, Worst 3348.46
Gen 14 done, no improvement for 14 gens, already consumed 0.07 sec
already consumed 0.08 sec
After large neighbourhood search
Avg 3348.46, Best 3348.46 / m 3, Worst 3348.46
Gen 15 done, no improvement for 15 gens, already consumed 0.08 sec
already consumed 0.08 sec
After large neighbourhood search
Avg 3348.46, Best 3348.46 / m 3, Worst 3348.46
Gen 16 done, no improvement for 16 gens, already consumed 0.08 sec
already consumed 0.08 sec
After large neighbourhood search
Avg 3348.46, Best 3348.46 / m 3, Worst 3348.46
Gen 17 done, no improvement for 17 gens, already consumed 0.08 sec
already consumed 0.08 sec
After large neighbourhood search
Avg 3348.46, Best 3348.46 / m 3, Worst 3348.46
Gen 18 done, no improvement for 18 gens, already consumed 0.08 sec
already consumed 0.09 sec
After large neighbourhood search
Avg 3348.46, Best 3348.46 / m 3, Worst 3348.46
Gen 19 done, no improvement for 19 gens, already consumed 0.09 sec
already consumed 0.10 sec
After large neighbourhood search
Avg 3348.46, Best 3348.46 / m 3, Worst 3348.46
Gen 20 done, no improvement for 20 gens, already consumed 0.10 sec
sub_problem_num: 1
subproblem 1, customer: 15
Total edges 210, prune by time window 44(20.9524%), prune by capacity 0(0.0000%)
Initialization, using perturb method
Solution 0, cost 3460.41, m 3
Solution 1, cost 3424.91, m 3
Solution 2, cost 3348.46, m 3
Solution 3, cost 3435.06, m 3
Solution 4, cost 3378.69, m 3
Solution 5, cost 3348.46, m 3
Solution 6, cost 3436.20, m 3
Solution 7, cost 3389.44, m 3
Solution 8, cost 3445.80, m 3
best cost 3348.46, m 3
Initialization done.
already consumed 0.11 sec
already consumed 0.17 sec
After local search
Avg 3359.75, Best 3348.46 / m 3, Worst 3399.73
Do crossover.
already consumed 0.17 sec
Gen: 1. Avg 3348.58, Best 3348.46 / m 3, Worst 3349.48
Gen 1 done, no improvement for 1 gens, already consumed 0.33 sec
Do crossover.
already consumed 0.33 sec
Gen: 2. Avg 3348.46, Best 3348.46 / m 3, Worst 3348.46
Gen 2 done, no improvement for 2 gens, already consumed 0.37 sec
Do crossover.
already consumed 0.37 sec
Gen: 3. Avg 3348.46, Best 3348.46 / m 3, Worst 3348.46
Gen 3 done, no improvement for 3 gens, already consumed 0.42 sec
Do crossover.
already consumed 0.42 sec
Gen: 4. Avg 3348.46, Best 3348.46 / m 3, Worst 3348.46
Gen 4 done, no improvement for 4 gens, already consumed 0.45 sec
Do crossover.
already consumed 0.45 sec
Gen: 5. Avg 3348.46, Best 3348.46 / m 3, Worst 3348.46
Gen 5 done, no improvement for 5 gens, already consumed 0.49 sec
Do crossover.
already consumed 0.49 sec
Gen: 6. Avg 3348.46, Best 3348.46 / m 3, Worst 3348.46
Gen 6 done, no improvement for 6 gens, already consumed 0.52 sec
Do crossover.
already consumed 0.52 sec
Gen: 7. Avg 3348.46, Best 3348.46 / m 3, Worst 3348.46
Gen 7 done, no improvement for 7 gens, already consumed 0.56 sec
Do crossover.
already consumed 0.56 sec
Gen: 8. Avg 3348.46, Best 3348.46 / m 3, Worst 3348.46
Gen 8 done, no improvement for 8 gens, already consumed 0.60 sec
Do crossover.
already consumed 0.60 sec
Gen: 9. Avg 3348.46, Best 3348.46 / m 3, Worst 3348.46
Gen 9 done, no improvement for 9 gens, already consumed 0.65 sec
Do crossover.
already consumed 0.65 sec
Gen: 10. Avg 3348.46, Best 3348.46 / m 3, Worst 3348.46
Gen 10 done, no improvement for 10 gens, already consumed 0.69 sec
Do crossover.
already consumed 0.69 sec
Gen: 11. Avg 3348.46, Best 3348.46 / m 3, Worst 3348.46
Gen 11 done, no improvement for 11 gens, already consumed 0.72 sec
Do crossover.
already consumed 0.72 sec
Gen: 12. Avg 3348.46, Best 3348.46 / m 3, Worst 3348.46
Gen 12 done, no improvement for 12 gens, already consumed 0.75 sec
Do crossover.
already consumed 0.75 sec
Gen: 13. Avg 3348.46, Best 3348.46 / m 3, Worst 3348.46
Gen 13 done, no improvement for 13 gens, already consumed 0.78 sec
Do crossover.
already consumed 0.78 sec
Gen: 14. Avg 3348.46, Best 3348.46 / m 3, Worst 3348.46
Gen 14 done, no improvement for 14 gens, already consumed 0.81 sec
Do crossover.
already consumed 0.81 sec
Gen: 15. Avg 3348.46, Best 3348.46 / m 3, Worst 3348.46
Gen 15 done, no improvement for 15 gens, already consumed 0.84 sec
Do crossover.
already consumed 0.84 sec
Gen: 16. Avg 3348.46, Best 3348.46 / m 3, Worst 3348.46
Gen 16 done, no improvement for 16 gens, already consumed 0.89 sec
Do crossover.
already consumed 0.89 sec
Gen: 17. Avg 3348.46, Best 3348.46 / m 3, Worst 3348.46
Gen 17 done, no improvement for 17 gens, already consumed 0.92 sec
Do crossover.
already consumed 0.92 sec
Gen: 18. Avg 3348.46, Best 3348.46 / m 3, Worst 3348.46
Gen 18 done, no improvement for 18 gens, already consumed 0.96 sec
Do crossover.
already consumed 0.96 sec
Gen: 19. Avg 3348.46, Best 3348.46 / m 3, Worst 3348.46
Gen 19 done, no improvement for 19 gens, already consumed 1.01 sec
Do crossover.
already consumed 1.01 sec
Gen: 20. Avg 3348.46, Best 3348.46 / m 3, Worst 3348.46
Gen 20 done, no improvement for 20 gens, already consumed 1.04 sec
Do crossover.
already consumed 1.04 sec
Gen: 21. Avg 3348.46, Best 3348.46 / m 3, Worst 3348.46
Gen 21 done, no improvement for 21 gens, already consumed 1.09 sec
Run 1 finishes
Avg 3348.46, Best 3348.46 / m 3, Worst 3348.46
Decomposition done, already consumed 1.09 sec
After decomposition
Avg 3348.46, Best 3348.46 / m 3, Worst 3348.46
already consumed 1.09 sec
already consumed 1.09 sec
After local search
Avg 3348.46, Best 3348.46 / m 3, Worst 3348.46
already consumed 1.09 sec
already consumed 1.10 sec
After large neighbourhood search
Avg 3348.46, Best 3348.46 / m 3, Worst 3348.46
Gen 21 done, no improvement for 21 gens, already consumed 1.10 sec
Run 8 finishes
Avg 3348.46, Best 3348.46 / m 3, Worst 3348.46
---------------------------------Run 9---------------------------
Initialization, using rcrs method
Solution 0, cost 3440.16, m 3
best cost 3440.16, m 3
Initialization done.
already consumed 0.00 sec
already consumed 0.03 sec
After local search
Avg 3348.46, Best 3348.46 / m 3, Worst 3348.46
already consumed 0.03 sec
After large neighbourhood search
Avg 3348.46, Best 3348.46 / m 3, Worst 3348.46
Gen 1 done, no improvement for 1 gens, already consumed 0.03 sec
already consumed 0.03 sec
After large neighbourhood search
Avg 3348.46, Best 3348.46 / m 3, Worst 3348.46
Gen 2 done, no improvement for 2 gens, already consumed 0.03 sec
already consumed 0.03 sec
After large neighbourhood search
Avg 3348.46, Best 3348.46 / m 3, Worst 3348.46
Gen 3 done, no improvement for 3 gens, already consumed 0.03 sec
already consumed 0.04 sec
After large neighbourhood search
Avg 3348.46, Best 3348.46 / m 3, Worst 3348.46
Gen 4 done, no improvement for 4 gens, already consumed 0.04 sec
already consumed 0.04 sec
After large neighbourhood search
Avg 3348.46, Best 3348.46 / m 3, Worst 3348.46
Gen 5 done, no improvement for 5 gens, already consumed 0.04 sec
already consumed 0.04 sec
After large neighbourhood search
Avg 3348.46, Best 3348.46 / m 3, Worst 3348.46
Gen 6 done, no improvement for 6 gens, already consumed 0.04 sec
already consumed 0.04 sec
After large neighbourhood search
Avg 3348.46, Best 3348.46 / m 3, Worst 3348.46
Gen 7 done, no improvement for 7 gens, already consumed 0.04 sec
already consumed 0.04 sec
After large neighbourhood search
Avg 3348.46, Best 3348.46 / m 3, Worst 3348.46
Gen 8 done, no improvement for 8 gens, already consumed 0.04 sec
already consumed 0.05 sec
After large neighbourhood search
Avg 3348.46, Best 3348.46 / m 3, Worst 3348.46
Gen 9 done, no improvement for 9 gens, already consumed 0.05 sec
already consumed 0.05 sec
After large neighbourhood search
Avg 3348.46, Best 3348.46 / m 3, Worst 3348.46
Gen 10 done, no improvement for 10 gens, already consumed 0.05 sec
already consumed 0.05 sec
After large neighbourhood search
Avg 3348.46, Best 3348.46 / m 3, Worst 3348.46
Gen 11 done, no improvement for 11 gens, already consumed 0.05 sec
already consumed 0.05 sec
After large neighbourhood search
Avg 3348.46, Best 3348.46 / m 3, Worst 3348.46
Gen 12 done, no improvement for 12 gens, already consumed 0.05 sec
already consumed 0.06 sec
After large neighbourhood search
Avg 3348.46, Best 3348.46 / m 3, Worst 3348.46
Gen 13 done, no improvement for 13 gens, already consumed 0.06 sec
already consumed 0.06 sec
After large neighbourhood search
Avg 3348.46, Best 3348.46 / m 3, Worst 3348.46
Gen 14 done, no improvement for 14 gens, already consumed 0.06 sec
already consumed 0.06 sec
After large neighbourhood search
Avg 3348.46, Best 3348.46 / m 3, Worst 3348.46
Gen 15 done, no improvement for 15 gens, already consumed 0.06 sec
already consumed 0.06 sec
After large neighbourhood search
Avg 3348.46, Best 3348.46 / m 3, Worst 3348.46
Gen 16 done, no improvement for 16 gens, already consumed 0.06 sec
already consumed 0.07 sec
After large neighbourhood search
Avg 3348.46, Best 3348.46 / m 3, Worst 3348.46
Gen 17 done, no improvement for 17 gens, already consumed 0.07 sec
already consumed 0.07 sec
After large neighbourhood search
Avg 3348.46, Best 3348.46 / m 3, Worst 3348.46
Gen 18 done, no improvement for 18 gens, already consumed 0.07 sec
already consumed 0.08 sec
After large neighbourhood search
Avg 3348.46, Best 3348.46 / m 3, Worst 3348.46
Gen 19 done, no improvement for 19 gens, already consumed 0.08 sec
already consumed 0.09 sec
After large neighbourhood search
Avg 3348.46, Best 3348.46 / m 3, Worst 3348.46
Gen 20 done, no improvement for 20 gens, already consumed 0.09 sec
sub_problem_num: 1
subproblem 1, customer: 15
Total edges 210, prune by time window 44(20.9524%), prune by capacity 0(0.0000%)
Initialization, using perturb method
Solution 0, cost 3400.96, m 3
Solution 1, cost 3380.77, m 3
Solution 2, cost 3411.15, m 3
Solution 3, cost 3410.80, m 3
Solution 4, cost 3348.46, m 3
Solution 5, cost 3420.27, m 3
Solution 6, cost 3365.23, m 3
Solution 7, cost 3433.34, m 3
Solution 8, cost 3348.46, m 3
best cost 3348.46, m 3
Initialization done.
already consumed 0.10 sec
already consumed 0.19 sec
After local search
Avg 3355.43, Best 3348.46 / m 3, Worst 3409.17
Do crossover.
already consumed 0.19 sec
Gen: 1. Avg 3350.48, Best 3348.46 / m 3, Worst 3364.58
Gen 1 done, no improvement for 1 gens, already consumed 0.26 sec
Do crossover.
already consumed 0.26 sec
Gen: 2. Avg 3348.58, Best 3348.46 / m 3, Worst 3349.48
Gen 2 done, no improvement for 2 gens, already consumed 0.29 sec
Do crossover.
already consumed 0.29 sec
Gen: 3. Avg 3348.46, Best 3348.46 / m 3, Worst 3348.46
Gen 3 done, no improvement for 3 gens, already consumed 0.32 sec
Do crossover.
already consumed 0.32 sec
Gen: 4. Avg 3348.46, Best 3348.46 / m 3, Worst 3348.46
Gen 4 done, no improvement for 4 gens, already consumed 0.35 sec
Do crossover.
already consumed 0.35 sec
Gen: 5. Avg 3348.46, Best 3348.46 / m 3, Worst 3348.46
Gen 5 done, no improvement for 5 gens, already consumed 0.38 sec
Do crossover.
already consumed 0.38 sec
Gen: 6. Avg 3348.46, Best 3348.46 / m 3, Worst 3348.46
Gen 6 done, no improvement for 6 gens, already consumed 0.42 sec
Do crossover.
already consumed 0.42 sec
Gen: 7. Avg 3348.46, Best 3348.46 / m 3, Worst 3348.46
Gen 7 done, no improvement for 7 gens, already consumed 0.45 sec
Do crossover.
already consumed 0.45 sec
Gen: 8. Avg 3348.46, Best 3348.46 / m 3, Worst 3348.46
Gen 8 done, no improvement for 8 gens, already consumed 0.49 sec
Do crossover.
already consumed 0.49 sec
Gen: 9. Avg 3348.46, Best 3348.46 / m 3, Worst 3348.46
Gen 9 done, no improvement for 9 gens, already consumed 0.53 sec
Do crossover.
already consumed 0.53 sec
Gen: 10. Avg 3348.46, Best 3348.46 / m 3, Worst 3348.46
Gen 10 done, no improvement for 10 gens, already consumed 0.55 sec
Do crossover.
already consumed 0.55 sec
Gen: 11. Avg 3348.46, Best 3348.46 / m 3, Worst 3348.46
Gen 11 done, no improvement for 11 gens, already consumed 0.58 sec
Do crossover.
already consumed 0.58 sec
Gen: 12. Avg 3348.46, Best 3348.46 / m 3, Worst 3348.46
Gen 12 done, no improvement for 12 gens, already consumed 0.63 sec
Do crossover.
already consumed 0.63 sec
Gen: 13. Avg 3348.46, Best 3348.46 / m 3, Worst 3348.46
Gen 13 done, no improvement for 13 gens, already consumed 0.67 sec
Do crossover.
already consumed 0.67 sec
Gen: 14. Avg 3348.46, Best 3348.46 / m 3, Worst 3348.46
Gen 14 done, no improvement for 14 gens, already consumed 0.71 sec
Do crossover.
already consumed 0.71 sec
Gen: 15. Avg 3348.46, Best 3348.46 / m 3, Worst 3348.46
Gen 15 done, no improvement for 15 gens, already consumed 0.75 sec
Do crossover.
already consumed 0.75 sec
Gen: 16. Avg 3348.46, Best 3348.46 / m 3, Worst 3348.46
Gen 16 done, no improvement for 16 gens, already consumed 0.79 sec
Do crossover.
already consumed 0.79 sec
Gen: 17. Avg 3348.46, Best 3348.46 / m 3, Worst 3348.46
Gen 17 done, no improvement for 17 gens, already consumed 0.83 sec
Do crossover.
already consumed 0.83 sec
Gen: 18. Avg 3348.46, Best 3348.46 / m 3, Worst 3348.46
Gen 18 done, no improvement for 18 gens, already consumed 0.86 sec
Do crossover.
already consumed 0.86 sec
Gen: 19. Avg 3348.46, Best 3348.46 / m 3, Worst 3348.46
Gen 19 done, no improvement for 19 gens, already consumed 0.91 sec
Do crossover.
already consumed 0.91 sec
Gen: 20. Avg 3348.46, Best 3348.46 / m 3, Worst 3348.46
Gen 20 done, no improvement for 20 gens, already consumed 0.94 sec
Do crossover.
already consumed 0.95 sec
Gen: 21. Avg 3348.46, Best 3348.46 / m 3, Worst 3348.46
Gen 21 done, no improvement for 21 gens, already consumed 0.98 sec
Run 1 finishes
Avg 3348.46, Best 3348.46 / m 3, Worst 3348.46
Decomposition done, already consumed 0.98 sec
After decomposition
Avg 3348.46, Best 3348.46 / m 3, Worst 3348.46
already consumed 0.98 sec
already consumed 0.98 sec
After local search
Avg 3348.46, Best 3348.46 / m 3, Worst 3348.46
already consumed 0.98 sec
already consumed 0.99 sec
After large neighbourhood search
Avg 3348.46, Best 3348.46 / m 3, Worst 3348.46
Gen 21 done, no improvement for 21 gens, already consumed 0.99 sec
Run 9 finishes
Avg 3348.46, Best 3348.46 / m 3, Worst 3348.46
---------------------------------Run 10---------------------------
Initialization, using rcrs method
Solution 0, cost 3428.55, m 3
best cost 3428.55, m 3
Initialization done.
already consumed 0.00 sec
already consumed 0.02 sec
After local search
Avg 3349.48, Best 3349.48 / m 3, Worst 3349.48
already consumed 0.02 sec
After large neighbourhood search
Avg 3349.48, Best 3349.48 / m 3, Worst 3349.48
Gen 1 done, no improvement for 1 gens, already consumed 0.02 sec
already consumed 0.02 sec
After large neighbourhood search
Avg 3348.46, Best 3348.46 / m 3, Worst 3348.46
Gen 2 done, no improvement for 0 gens, already consumed 0.02 sec
already consumed 0.03 sec
After large neighbourhood search
Avg 3348.46, Best 3348.46 / m 3, Worst 3348.46
Gen 3 done, no improvement for 1 gens, already consumed 0.03 sec
already consumed 0.04 sec
After large neighbourhood search
Avg 3348.46, Best 3348.46 / m 3, Worst 3348.46
Gen 4 done, no improvement for 2 gens, already consumed 0.04 sec
already consumed 0.04 sec
After large neighbourhood search
Avg 3348.46, Best 3348.46 / m 3, Worst 3348.46
Gen 5 done, no improvement for 3 gens, already consumed 0.04 sec
already consumed 0.04 sec
After large neighbourhood search
Avg 3348.46, Best 3348.46 / m 3, Worst 3348.46
Gen 6 done, no improvement for 4 gens, already consumed 0.04 sec
already consumed 0.05 sec
After large neighbourhood search
Avg 3348.46, Best 3348.46 / m 3, Worst 3348.46
Gen 7 done, no improvement for 5 gens, already consumed 0.05 sec
already consumed 0.05 sec
After large neighbourhood search
Avg 3348.46, Best 3348.46 / m 3, Worst 3348.46
Gen 8 done, no improvement for 6 gens, already consumed 0.05 sec
already consumed 0.05 sec
After large neighbourhood search
Avg 3348.46, Best 3348.46 / m 3, Worst 3348.46
Gen 9 done, no improvement for 7 gens, already consumed 0.05 sec
already consumed 0.05 sec
After large neighbourhood search
Avg 3348.46, Best 3348.46 / m 3, Worst 3348.46
Gen 10 done, no improvement for 8 gens, already consumed 0.05 sec
already consumed 0.05 sec
After large neighbourhood search
Avg 3348.46, Best 3348.46 / m 3, Worst 3348.46
Gen 11 done, no improvement for 9 gens, already consumed 0.05 sec
already consumed 0.06 sec
After large neighbourhood search
Avg 3348.46, Best 3348.46 / m 3, Worst 3348.46
Gen 12 done, no improvement for 10 gens, already consumed 0.06 sec
already consumed 0.06 sec
After large neighbourhood search
Avg 3348.46, Best 3348.46 / m 3, Worst 3348.46
Gen 13 done, no improvement for 11 gens, already consumed 0.06 sec
already consumed 0.07 sec
After large neighbourhood search
Avg 3348.46, Best 3348.46 / m 3, Worst 3348.46
Gen 14 done, no improvement for 12 gens, already consumed 0.07 sec
already consumed 0.07 sec
After large neighbourhood search
Avg 3348.46, Best 3348.46 / m 3, Worst 3348.46
Gen 15 done, no improvement for 13 gens, already consumed 0.07 sec
already consumed 0.08 sec
After large neighbourhood search
Avg 3348.46, Best 3348.46 / m 3, Worst 3348.46
Gen 16 done, no improvement for 14 gens, already consumed 0.08 sec
already consumed 0.08 sec
After large neighbourhood search
Avg 3348.46, Best 3348.46 / m 3, Worst 3348.46
Gen 17 done, no improvement for 15 gens, already consumed 0.08 sec
already consumed 0.09 sec
After large neighbourhood search
Avg 3348.46, Best 3348.46 / m 3, Worst 3348.46
Gen 18 done, no improvement for 16 gens, already consumed 0.09 sec
already consumed 0.09 sec
After large neighbourhood search
Avg 3348.46, Best 3348.46 / m 3, Worst 3348.46
Gen 19 done, no improvement for 17 gens, already consumed 0.09 sec
already consumed 0.09 sec
After large neighbourhood search
Avg 3348.46, Best 3348.46 / m 3, Worst 3348.46
Gen 20 done, no improvement for 18 gens, already consumed 0.09 sec
already consumed 0.09 sec
After large neighbourhood search
Avg 3348.46, Best 3348.46 / m 3, Worst 3348.46
Gen 21 done, no improvement for 19 gens, already consumed 0.09 sec
already consumed 0.09 sec
After large neighbourhood search
Avg 3348.46, Best 3348.46 / m 3, Worst 3348.46
Gen 22 done, no improvement for 20 gens, already consumed 0.09 sec
sub_problem_num: 1
subproblem 1, customer: 15
Total edges 210, prune by time window 44(20.9524%), prune by capacity 0(0.0000%)
Initialization, using perturb method
Solution 0, cost 3441.06, m 3
Solution 1, cost 3411.15, m 3
Solution 2, cost 3421.52, m 3
Solution 3, cost 3392.82, m 3
Solution 4, cost 3380.77, m 3
Solution 5, cost 3396.71, m 3
Solution 6, cost 3348.46, m 3
Solution 7, cost 3368.60, m 3
Solution 8, cost 3396.78, m 3
best cost 3348.46, m 3
Initialization done.
already consumed 0.10 sec
already consumed 0.17 sec
After local search
Avg 3357.27, Best 3348.46 / m 3, Worst 3409.17
Do crossover.
already consumed 0.17 sec
Gen: 1. Avg 3352.21, Best 3348.46 / m 3, Worst 3365.02
Gen 1 done, no improvement for 1 gens, already consumed 0.24 sec
Do crossover.
already consumed 0.24 sec
Gen: 2. Avg 3350.25, Best 3348.46 / m 3, Worst 3364.58
Gen 2 done, no improvement for 2 gens, already consumed 0.30 sec
Do crossover.
already consumed 0.30 sec
Gen: 3. Avg 3350.25, Best 3348.46 / m 3, Worst 3364.58
Gen 3 done, no improvement for 3 gens, already consumed 0.34 sec
Do crossover.
already consumed 0.34 sec
Gen: 4. Avg 3348.46, Best 3348.46 / m 3, Worst 3348.46
Gen 4 done, no improvement for 4 gens, already consumed 0.40 sec
Do crossover.
already consumed 0.40 sec
Gen: 5. Avg 3348.46, Best 3348.46 / m 3, Worst 3348.46
Gen 5 done, no improvement for 5 gens, already consumed 0.45 sec
Do crossover.
already consumed 0.45 sec
Gen: 6. Avg 3348.46, Best 3348.46 / m 3, Worst 3348.46
Gen 6 done, no improvement for 6 gens, already consumed 0.48 sec
Do crossover.
already consumed 0.48 sec
Gen: 7. Avg 3348.46, Best 3348.46 / m 3, Worst 3348.46
Gen 7 done, no improvement for 7 gens, already consumed 0.51 sec
Do crossover.
already consumed 0.51 sec
Gen: 8. Avg 3348.46, Best 3348.46 / m 3, Worst 3348.46
Gen 8 done, no improvement for 8 gens, already consumed 0.55 sec
Do crossover.
already consumed 0.55 sec
Gen: 9. Avg 3348.46, Best 3348.46 / m 3, Worst 3348.46
Gen 9 done, no improvement for 9 gens, already consumed 0.61 sec
Do crossover.
already consumed 0.61 sec
Gen: 10. Avg 3348.46, Best 3348.46 / m 3, Worst 3348.46
Gen 10 done, no improvement for 10 gens, already consumed 0.65 sec
Do crossover.
already consumed 0.65 sec
Gen: 11. Avg 3348.46, Best 3348.46 / m 3, Worst 3348.46
Gen 11 done, no improvement for 11 gens, already consumed 0.70 sec
Do crossover.
already consumed 0.70 sec
Gen: 12. Avg 3348.46, Best 3348.46 / m 3, Worst 3348.46
Gen 12 done, no improvement for 12 gens, already consumed 0.74 sec
Do crossover.
already consumed 0.74 sec
Gen: 13. Avg 3348.46, Best 3348.46 / m 3, Worst 3348.46
Gen 13 done, no improvement for 13 gens, already consumed 0.78 sec
Do crossover.
already consumed 0.78 sec
Gen: 14. Avg 3348.46, Best 3348.46 / m 3, Worst 3348.46
Gen 14 done, no improvement for 14 gens, already consumed 0.82 sec
Do crossover.
already consumed 0.82 sec
Gen: 15. Avg 3348.46, Best 3348.46 / m 3, Worst 3348.46
Gen 15 done, no improvement for 15 gens, already consumed 0.86 sec
Do crossover.
already consumed 0.86 sec
Gen: 16. Avg 3348.46, Best 3348.46 / m 3, Worst 3348.46
Gen 16 done, no improvement for 16 gens, already consumed 0.90 sec
Do crossover.
already consumed 0.90 sec
Gen: 17. Avg 3348.46, Best 3348.46 / m 3, Worst 3348.46
Gen 17 done, no improvement for 17 gens, already consumed 0.94 sec
Do crossover.
already consumed 0.94 sec
Gen: 18. Avg 3348.46, Best 3348.46 / m 3, Worst 3348.46
Gen 18 done, no improvement for 18 gens, already consumed 0.97 sec
Do crossover.
already consumed 0.97 sec
Gen: 19. Avg 3348.46, Best 3348.46 / m 3, Worst 3348.46
Gen 19 done, no improvement for 19 gens, already consumed 1.01 sec
Do crossover.
already consumed 1.01 sec
Gen: 20. Avg 3348.46, Best 3348.46 / m 3, Worst 3348.46
Gen 20 done, no improvement for 20 gens, already consumed 1.05 sec
Do crossover.
already consumed 1.05 sec
Gen: 21. Avg 3348.46, Best 3348.46 / m 3, Worst 3348.46
Gen 21 done, no improvement for 21 gens, already consumed 1.09 sec
Run 1 finishes
Avg 3348.46, Best 3348.46 / m 3, Worst 3348.46
Decomposition done, already consumed 1.09 sec
After decomposition
Avg 3348.46, Best 3348.46 / m 3, Worst 3348.46
already consumed 1.09 sec
already consumed 1.10 sec
After local search
Avg 3348.46, Best 3348.46 / m 3, Worst 3348.46
already consumed 1.10 sec
already consumed 1.10 sec
After large neighbourhood search
Avg 3348.46, Best 3348.46 / m 3, Worst 3348.46
Gen 23 done, no improvement for 21 gens, already consumed 1.10 sec
Run 10 finishes
Avg 3348.46, Best 3348.46 / m 3, Worst 3348.46
------------Summary-----------
Details of the solution:
route 0, node_num 12, cost 153.141463, nodes: 0 20 4 15 8 19 12 5 19 9 1 0
route 1, node_num 7, cost 91.807362, nodes: 0 2 11 14 18 6 0
route 2, node_num 7, cost 103.514179, nodes: 0 13 3 10 17 7 0
vehicle (route) number: 3
Total cost: 3348.46
This cost 3348.463003, check total cost 3348.463003, diff 0.000000
Total 10 runs, total consumed 10.89 sec
