NAME : c101_21
TYPE : EVRP-TW-SPD
DIMENSION : 122
VEHICLES : 25
DISPATCHINGCOST : 1000
UNITCOST : 1.0
CAPACITY : 200.0
ELECTRIC_POWER : 79.69
CONSUMPTION_RATE : 1.0
RECHARGING_RATE : 3.39
EDGE_WEIGHT_TYPE : EXPLICIT
Node number: 122
Customer number: 100
Station number: 21
Avg pick-up/dilvery demand: 9.1000,9.0000
Starting/end time of DC: 0.0000,1236.0000

Initial random seed: 42
Pruning: on
Time limit: 630 seconds
Runs: 10
g_1: 20
Population size: 4
Insertion for initialization: rcrs
k_init: 100
Insertion for crossover: regret
k_crossover: 100
Parent selection: circle
Replacement strategy: one_on_one
Local search probability: 1.00
O(1) evaluation: on
2-opt: on
2-opt*: on
or-opt: on
2-exchange: on
escape local optima number: 1
random_removal: off
related_removal: on
alpha: 1.000000, relateness norm factor: 1.000000
Destroy lower ration: 0.100000
Destroy upper ration: 0.200000
regret_insertion: on
greedy_insertion: off
Random removal and insertion: off
Station range: 11
Subproblem num: 1
Total edges 9900, prune by time window 5507(55.6263%), prune by capacity 0(0.0000%)
---------------------------------Run 1---------------------------
Initialization, using rcrs method
Solution 0, cost 13129.96, m 12
best cost 13129.96, m 12
Initialization done.
already consumed 0.34 sec
already consumed 0.36 sec
After local search
Avg 13043.38, Best 13043.38 / m 12, Worst 13043.38
already consumed 0.37 sec
Best solution update: 13043.3818
After large neighbourhood search
Avg 13043.38, Best 13043.38 / m 12, Worst 13043.38
Gen 1 done, no improvement for 1 gens, already consumed 0.37 sec
already consumed 0.38 sec
After large neighbourhood search
Avg 13043.38, Best 13043.38 / m 12, Worst 13043.38
Gen 2 done, no improvement for 2 gens, already consumed 0.38 sec
already consumed 0.38 sec
After large neighbourhood search
Avg 13043.38, Best 13043.38 / m 12, Worst 13043.38
Gen 3 done, no improvement for 3 gens, already consumed 0.38 sec
already consumed 0.39 sec
After large neighbourhood search
Avg 13043.38, Best 13043.38 / m 12, Worst 13043.38
Gen 4 done, no improvement for 4 gens, already consumed 0.39 sec
already consumed 0.40 sec
After large neighbourhood search
Avg 13043.38, Best 13043.38 / m 12, Worst 13043.38
Gen 5 done, no improvement for 5 gens, already consumed 0.40 sec
already consumed 0.41 sec
After large neighbourhood search
Avg 13043.38, Best 13043.38 / m 12, Worst 13043.38
Gen 6 done, no improvement for 6 gens, already consumed 0.41 sec
already consumed 0.41 sec
After large neighbourhood search
Avg 13043.38, Best 13043.38 / m 12, Worst 13043.38
Gen 7 done, no improvement for 7 gens, already consumed 0.41 sec
already consumed 0.42 sec
After large neighbourhood search
Avg 13043.38, Best 13043.38 / m 12, Worst 13043.38
Gen 8 done, no improvement for 8 gens, already consumed 0.42 sec
already consumed 0.42 sec
After large neighbourhood search
Avg 13043.38, Best 13043.38 / m 12, Worst 13043.38
Gen 9 done, no improvement for 9 gens, already consumed 0.42 sec
already consumed 0.43 sec
After large neighbourhood search
Avg 13043.38, Best 13043.38 / m 12, Worst 13043.38
Gen 10 done, no improvement for 10 gens, already consumed 0.43 sec
already consumed 0.44 sec
After large neighbourhood search
Avg 13043.38, Best 13043.38 / m 12, Worst 13043.38
Gen 11 done, no improvement for 11 gens, already consumed 0.44 sec
already consumed 0.45 sec
After large neighbourhood search
Avg 13043.38, Best 13043.38 / m 12, Worst 13043.38
Gen 12 done, no improvement for 12 gens, already consumed 0.45 sec
already consumed 0.45 sec
After large neighbourhood search
Avg 13043.38, Best 13043.38 / m 12, Worst 13043.38
Gen 13 done, no improvement for 13 gens, already consumed 0.45 sec
already consumed 0.46 sec
After large neighbourhood search
Avg 13043.38, Best 13043.38 / m 12, Worst 13043.38
Gen 14 done, no improvement for 14 gens, already consumed 0.46 sec
already consumed 0.47 sec
After large neighbourhood search
Avg 13043.38, Best 13043.38 / m 12, Worst 13043.38
Gen 15 done, no improvement for 15 gens, already consumed 0.47 sec
already consumed 0.47 sec
After large neighbourhood search
Avg 13043.38, Best 13043.38 / m 12, Worst 13043.38
Gen 16 done, no improvement for 16 gens, already consumed 0.47 sec
already consumed 0.48 sec
After large neighbourhood search
Avg 13043.38, Best 13043.38 / m 12, Worst 13043.38
Gen 17 done, no improvement for 17 gens, already consumed 0.48 sec
already consumed 0.50 sec
After large neighbourhood search
Avg 13043.38, Best 13043.38 / m 12, Worst 13043.38
Gen 18 done, no improvement for 18 gens, already consumed 0.50 sec
already consumed 0.52 sec
After large neighbourhood search
Avg 13043.38, Best 13043.38 / m 12, Worst 13043.38
Gen 19 done, no improvement for 19 gens, already consumed 0.52 sec
already consumed 0.52 sec
After large neighbourhood search
Avg 13043.38, Best 13043.38 / m 12, Worst 13043.38
Gen 20 done, no improvement for 20 gens, already consumed 0.52 sec
sub_problem_num: 1
subproblem 1, customer: 100
Total edges 9900, prune by time window 5507(55.6263%), prune by capacity 0(0.0000%)
Initialization, using perturb method
Solution 0, cost 13162.05, m 12
Solution 1, cost 13103.43, m 12
Solution 2, cost 13043.38, m 12
Solution 3, cost 14488.61, m 13
best cost 13043.38, m 12
Initialization done.
already consumed 0.90 sec
already consumed 1.26 sec
After local search
Avg 13043.40, Best 13043.38 / m 12, Worst 13043.45
Do crossover.
already consumed 1.26 sec
Gen: 1. Avg 13043.38, Best 13043.38 / m 12, Worst 13043.38
Gen 1 done, no improvement for 1 gens, already consumed 1.31 sec
Do crossover.
already consumed 1.31 sec
Gen: 2. Avg 13043.38, Best 13043.38 / m 12, Worst 13043.38
Gen 2 done, no improvement for 2 gens, already consumed 1.35 sec
Do crossover.
already consumed 1.35 sec
Gen: 3. Avg 13043.38, Best 13043.38 / m 12, Worst 13043.38
Gen 3 done, no improvement for 3 gens, already consumed 1.41 sec
Do crossover.
already consumed 1.41 sec
Gen: 4. Avg 13043.38, Best 13043.38 / m 12, Worst 13043.38
Gen 4 done, no improvement for 4 gens, already consumed 1.45 sec
Do crossover.
already consumed 1.45 sec
Gen: 5. Avg 13043.38, Best 13043.38 / m 12, Worst 13043.38
Gen 5 done, no improvement for 5 gens, already consumed 1.49 sec
Do crossover.
already consumed 1.49 sec
Gen: 6. Avg 13043.38, Best 13043.38 / m 12, Worst 13043.38
Gen 6 done, no improvement for 6 gens, already consumed 1.53 sec
Do crossover.
already consumed 1.54 sec
Gen: 7. Avg 13043.38, Best 13043.38 / m 12, Worst 13043.38
Gen 7 done, no improvement for 7 gens, already consumed 1.60 sec
Do crossover.
already consumed 1.60 sec
Gen: 8. Avg 13043.38, Best 13043.38 / m 12, Worst 13043.38
Gen 8 done, no improvement for 8 gens, already consumed 1.64 sec
Do crossover.
already consumed 1.64 sec
Gen: 9. Avg 13043.38, Best 13043.38 / m 12, Worst 13043.38
Gen 9 done, no improvement for 9 gens, already consumed 1.69 sec
Do crossover.
already consumed 1.69 sec
Gen: 10. Avg 13043.38, Best 13043.38 / m 12, Worst 13043.38
Gen 10 done, no improvement for 10 gens, already consumed 1.75 sec
Do crossover.
already consumed 1.75 sec
Gen: 11. Avg 13043.38, Best 13043.38 / m 12, Worst 13043.38
Gen 11 done, no improvement for 11 gens, already consumed 1.86 sec
Do crossover.
already consumed 1.86 sec
Gen: 12. Avg 13043.38, Best 13043.38 / m 12, Worst 13043.38
Gen 12 done, no improvement for 12 gens, already consumed 1.92 sec
Do crossover.
already consumed 1.92 sec
Gen: 13. Avg 13043.38, Best 13043.38 / m 12, Worst 13043.38
Gen 13 done, no improvement for 13 gens, already consumed 1.98 sec
Do crossover.
already consumed 1.98 sec
Gen: 14. Avg 13043.38, Best 13043.38 / m 12, Worst 13043.38
Gen 14 done, no improvement for 14 gens, already consumed 2.04 sec
Do crossover.
already consumed 2.04 sec
Gen: 15. Avg 13043.38, Best 13043.38 / m 12, Worst 13043.38
Gen 15 done, no improvement for 15 gens, already consumed 2.09 sec
Do crossover.
already consumed 2.09 sec
Gen: 16. Avg 13043.38, Best 13043.38 / m 12, Worst 13043.38
Gen 16 done, no improvement for 16 gens, already consumed 2.14 sec
Do crossover.
already consumed 2.14 sec
Gen: 17. Avg 13043.38, Best 13043.38 / m 12, Worst 13043.38
Gen 17 done, no improvement for 17 gens, already consumed 2.19 sec
Do crossover.
already consumed 2.19 sec
Gen: 18. Avg 13043.38, Best 13043.38 / m 12, Worst 13043.38
Gen 18 done, no improvement for 18 gens, already consumed 2.25 sec
Do crossover.
already consumed 2.25 sec
Gen: 19. Avg 13043.38, Best 13043.38 / m 12, Worst 13043.38
Gen 19 done, no improvement for 19 gens, already consumed 2.29 sec
Do crossover.
already consumed 2.29 sec
Gen: 20. Avg 13043.38, Best 13043.38 / m 12, Worst 13043.38
Gen 20 done, no improvement for 20 gens, already consumed 2.34 sec
Do crossover.
already consumed 2.34 sec
Gen: 21. Avg 13043.38, Best 13043.38 / m 12, Worst 13043.38
Gen 21 done, no improvement for 21 gens, already consumed 2.40 sec
Run 1 finishes
Avg 13043.38, Best 13043.38 / m 12, Worst 13043.38
Decomposition done, already consumed 2.40 sec
After decomposition
Avg 13043.38, Best 13043.38 / m 12, Worst 13043.38
already consumed 2.40 sec
already consumed 2.41 sec
After local search
Avg 13043.38, Best 13043.38 / m 12, Worst 13043.38
already consumed 2.41 sec
already consumed 2.43 sec
After large neighbourhood search
Avg 13043.38, Best 13043.38 / m 12, Worst 13043.38
Gen 21 done, no improvement for 21 gens, already consumed 2.43 sec
Run 1 finishes
Avg 13043.38, Best 13043.38 / m 12, Worst 13043.38
---------------------------------Run 2---------------------------
Initialization, using rcrs method
Solution 0, cost 13153.97, m 12
best cost 13153.97, m 12
Initialization done.
already consumed 0.30 sec
already consumed 0.32 sec
After local search
Avg 13043.45, Best 13043.45 / m 12, Worst 13043.45
already consumed 0.33 sec
After large neighbourhood search
Avg 13043.45, Best 13043.45 / m 12, Worst 13043.45
Gen 1 done, no improvement for 1 gens, already consumed 0.33 sec
already consumed 0.34 sec
After large neighbourhood search
Avg 13043.45, Best 13043.45 / m 12, Worst 13043.45
Gen 2 done, no improvement for 2 gens, already consumed 0.34 sec
already consumed 0.35 sec
After large neighbourhood search
Avg 13043.45, Best 13043.45 / m 12, Worst 13043.45
Gen 3 done, no improvement for 3 gens, already consumed 0.35 sec
already consumed 0.35 sec
After large neighbourhood search
Avg 13043.45, Best 13043.45 / m 12, Worst 13043.45
Gen 4 done, no improvement for 4 gens, already consumed 0.35 sec
already consumed 0.36 sec
After large neighbourhood search
Avg 13043.45, Best 13043.45 / m 12, Worst 13043.45
Gen 5 done, no improvement for 5 gens, already consumed 0.36 sec
already consumed 0.36 sec
After large neighbourhood search
Avg 13043.45, Best 13043.45 / m 12, Worst 13043.45
Gen 6 done, no improvement for 6 gens, already consumed 0.36 sec
already consumed 0.37 sec
After large neighbourhood search
Avg 13043.45, Best 13043.45 / m 12, Worst 13043.45
Gen 7 done, no improvement for 7 gens, already consumed 0.37 sec
already consumed 0.38 sec
After large neighbourhood search
Avg 13043.45, Best 13043.45 / m 12, Worst 13043.45
Gen 8 done, no improvement for 8 gens, already consumed 0.38 sec
already consumed 0.39 sec
After large neighbourhood search
Avg 13043.45, Best 13043.45 / m 12, Worst 13043.45
Gen 9 done, no improvement for 9 gens, already consumed 0.39 sec
already consumed 0.40 sec
After large neighbourhood search
Avg 13043.45, Best 13043.45 / m 12, Worst 13043.45
Gen 10 done, no improvement for 10 gens, already consumed 0.40 sec
already consumed 0.43 sec
After large neighbourhood search
Avg 13043.45, Best 13043.45 / m 12, Worst 13043.45
Gen 11 done, no improvement for 11 gens, already consumed 0.43 sec
already consumed 0.44 sec
After large neighbourhood search
Avg 13043.45, Best 13043.45 / m 12, Worst 13043.45
Gen 12 done, no improvement for 12 gens, already consumed 0.44 sec
already consumed 0.45 sec
After large neighbourhood search
Avg 13043.45, Best 13043.45 / m 12, Worst 13043.45
Gen 13 done, no improvement for 13 gens, already consumed 0.45 sec
already consumed 0.45 sec
After large neighbourhood search
Avg 13043.45, Best 13043.45 / m 12, Worst 13043.45
Gen 14 done, no improvement for 14 gens, already consumed 0.45 sec
already consumed 0.47 sec
After large neighbourhood search
Avg 13043.45, Best 13043.45 / m 12, Worst 13043.45
Gen 15 done, no improvement for 15 gens, already consumed 0.47 sec
already consumed 0.47 sec
After large neighbourhood search
Avg 13043.45, Best 13043.45 / m 12, Worst 13043.45
Gen 16 done, no improvement for 16 gens, already consumed 0.47 sec
already consumed 0.48 sec
After large neighbourhood search
Avg 13043.45, Best 13043.45 / m 12, Worst 13043.45
Gen 17 done, no improvement for 17 gens, already consumed 0.48 sec
already consumed 0.49 sec
After large neighbourhood search
Avg 13043.45, Best 13043.45 / m 12, Worst 13043.45
Gen 18 done, no improvement for 18 gens, already consumed 0.49 sec
already consumed 0.49 sec
After large neighbourhood search
Avg 13043.45, Best 13043.45 / m 12, Worst 13043.45
Gen 19 done, no improvement for 19 gens, already consumed 0.49 sec
already consumed 0.50 sec
After large neighbourhood search
Avg 13043.45, Best 13043.45 / m 12, Worst 13043.45
Gen 20 done, no improvement for 20 gens, already consumed 0.50 sec
sub_problem_num: 1
subproblem 1, customer: 100
Total edges 9900, prune by time window 5507(55.6263%), prune by capacity 0(0.0000%)
Initialization, using perturb method
Solution 0, cost 13419.40, m 12
Solution 1, cost 13043.45, m 12
Solution 2, cost 13108.39, m 12
Solution 3, cost 13213.60, m 12
best cost 13043.45, m 12
Initialization done.
already consumed 0.85 sec
already consumed 1.18 sec
After local search
Avg 13043.74, Best 13043.45 / m 12, Worst 13044.60
Do crossover.
already consumed 1.18 sec
Gen: 1. Avg 13043.45, Best 13043.45 / m 12, Worst 13043.45
Gen 1 done, no improvement for 1 gens, already consumed 1.24 sec
Do crossover.
already consumed 1.24 sec
Gen: 2. Avg 13043.45, Best 13043.45 / m 12, Worst 13043.45
Gen 2 done, no improvement for 2 gens, already consumed 1.39 sec
Do crossover.
already consumed 1.39 sec
Gen: 3. Avg 13043.45, Best 13043.45 / m 12, Worst 13043.45
Gen 3 done, no improvement for 3 gens, already consumed 1.54 sec
Do crossover.
already consumed 1.54 sec
Gen: 4. Avg 13043.45, Best 13043.45 / m 12, Worst 13043.45
Gen 4 done, no improvement for 4 gens, already consumed 1.59 sec
Do crossover.
already consumed 1.59 sec
Gen: 5. Avg 13043.45, Best 13043.45 / m 12, Worst 13043.45
Gen 5 done, no improvement for 5 gens, already consumed 1.62 sec
Do crossover.
already consumed 1.62 sec
Gen: 6. Avg 13043.45, Best 13043.45 / m 12, Worst 13043.45
Gen 6 done, no improvement for 6 gens, already consumed 1.64 sec
Do crossover.
already consumed 1.64 sec
Gen: 7. Avg 13043.45, Best 13043.45 / m 12, Worst 13043.45
Gen 7 done, no improvement for 7 gens, already consumed 1.74 sec
Do crossover.
already consumed 1.74 sec
Gen: 8. Avg 13043.45, Best 13043.45 / m 12, Worst 13043.45
Gen 8 done, no improvement for 8 gens, already consumed 1.78 sec
Do crossover.
already consumed 1.78 sec
Gen: 9. Avg 13043.45, Best 13043.45 / m 12, Worst 13043.45
Gen 9 done, no improvement for 9 gens, already consumed 1.81 sec
Do crossover.
already consumed 1.81 sec
Gen: 10. Avg 13043.45, Best 13043.45 / m 12, Worst 13043.45
Gen 10 done, no improvement for 10 gens, already consumed 1.96 sec
Do crossover.
already consumed 1.96 sec
Gen: 11. Avg 13043.45, Best 13043.45 / m 12, Worst 13043.45
Gen 11 done, no improvement for 11 gens, already consumed 1.98 sec
Do crossover.
already consumed 1.98 sec
Gen: 12. Avg 13043.45, Best 13043.45 / m 12, Worst 13043.45
Gen 12 done, no improvement for 12 gens, already consumed 2.02 sec
Do crossover.
already consumed 2.02 sec
Gen: 13. Avg 13043.45, Best 13043.45 / m 12, Worst 13043.45
Gen 13 done, no improvement for 13 gens, already consumed 2.06 sec
Do crossover.
already consumed 2.06 sec
Gen: 14. Avg 13043.45, Best 13043.45 / m 12, Worst 13043.45
Gen 14 done, no improvement for 14 gens, already consumed 2.10 sec
Do crossover.
already consumed 2.10 sec
Gen: 15. Avg 13043.45, Best 13043.45 / m 12, Worst 13043.45
Gen 15 done, no improvement for 15 gens, already consumed 2.15 sec
Do crossover.
already consumed 2.15 sec
Gen: 16. Avg 13043.45, Best 13043.45 / m 12, Worst 13043.45
Gen 16 done, no improvement for 16 gens, already consumed 2.19 sec
Do crossover.
already consumed 2.19 sec
Gen: 17. Avg 13043.45, Best 13043.45 / m 12, Worst 13043.45
Gen 17 done, no improvement for 17 gens, already consumed 2.22 sec
Do crossover.
already consumed 2.22 sec
Gen: 18. Avg 13043.45, Best 13043.45 / m 12, Worst 13043.45
Gen 18 done, no improvement for 18 gens, already consumed 2.27 sec
Do crossover.
already consumed 2.27 sec
Gen: 19. Avg 13043.45, Best 13043.45 / m 12, Worst 13043.45
Gen 19 done, no improvement for 19 gens, already consumed 2.31 sec
Do crossover.
already consumed 2.31 sec
Gen: 20. Avg 13043.45, Best 13043.45 / m 12, Worst 13043.45
Gen 20 done, no improvement for 20 gens, already consumed 2.35 sec
Do crossover.
already consumed 2.35 sec
Gen: 21. Avg 13043.45, Best 13043.45 / m 12, Worst 13043.45
Gen 21 done, no improvement for 21 gens, already consumed 2.38 sec
Run 1 finishes
Avg 13043.45, Best 13043.45 / m 12, Worst 13043.45
Decomposition done, already consumed 2.38 sec
After decomposition
Avg 13043.45, Best 13043.45 / m 12, Worst 13043.45
already consumed 2.38 sec
already consumed 2.39 sec
After local search
Avg 13043.45, Best 13043.45 / m 12, Worst 13043.45
already consumed 2.39 sec
already consumed 2.40 sec
After large neighbourhood search
Avg 13043.45, Best 13043.45 / m 12, Worst 13043.45
Gen 21 done, no improvement for 21 gens, already consumed 2.40 sec
Run 2 finishes
Avg 13043.45, Best 13043.45 / m 12, Worst 13043.45
---------------------------------Run 3---------------------------
Initialization, using rcrs method
Solution 0, cost 13153.49, m 12
best cost 13153.49, m 12
Initialization done.
already consumed 0.30 sec
already consumed 0.42 sec
After local search
Avg 13043.45, Best 13043.45 / m 12, Worst 13043.45
already consumed 0.42 sec
After large neighbourhood search
Avg 13043.45, Best 13043.45 / m 12, Worst 13043.45
Gen 1 done, no improvement for 1 gens, already consumed 0.42 sec
already consumed 0.43 sec
After large neighbourhood search
Avg 13043.45, Best 13043.45 / m 12, Worst 13043.45
Gen 2 done, no improvement for 2 gens, already consumed 0.43 sec
already consumed 0.44 sec
After large neighbourhood search
Avg 13043.45, Best 13043.45 / m 12, Worst 13043.45
Gen 3 done, no improvement for 3 gens, already consumed 0.44 sec
already consumed 0.45 sec
After large neighbourhood search
Avg 13043.45, Best 13043.45 / m 12, Worst 13043.45
Gen 4 done, no improvement for 4 gens, already consumed 0.45 sec
already consumed 0.45 sec
After large neighbourhood search
Avg 13043.45, Best 13043.45 / m 12, Worst 13043.45
Gen 5 done, no improvement for 5 gens, already consumed 0.45 sec
already consumed 0.45 sec
After large neighbourhood search
Avg 13043.45, Best 13043.45 / m 12, Worst 13043.45
Gen 6 done, no improvement for 6 gens, already consumed 0.45 sec
already consumed 0.46 sec
After large neighbourhood search
Avg 13043.45, Best 13043.45 / m 12, Worst 13043.45
Gen 7 done, no improvement for 7 gens, already consumed 0.46 sec
already consumed 0.46 sec
After large neighbourhood search
Avg 13043.45, Best 13043.45 / m 12, Worst 13043.45
Gen 8 done, no improvement for 8 gens, already consumed 0.46 sec
already consumed 0.47 sec
After large neighbourhood search
Avg 13043.45, Best 13043.45 / m 12, Worst 13043.45
Gen 9 done, no improvement for 9 gens, already consumed 0.47 sec
already consumed 0.48 sec
After large neighbourhood search
Avg 13043.45, Best 13043.45 / m 12, Worst 13043.45
Gen 10 done, no improvement for 10 gens, already consumed 0.48 sec
already consumed 0.48 sec
After large neighbourhood search
Avg 13043.45, Best 13043.45 / m 12, Worst 13043.45
Gen 11 done, no improvement for 11 gens, already consumed 0.48 sec
already consumed 0.49 sec
After large neighbourhood search
Avg 13043.45, Best 13043.45 / m 12, Worst 13043.45
Gen 12 done, no improvement for 12 gens, already consumed 0.49 sec
already consumed 0.50 sec
After large neighbourhood search
Avg 13043.45, Best 13043.45 / m 12, Worst 13043.45
Gen 13 done, no improvement for 13 gens, already consumed 0.50 sec
already consumed 0.51 sec
After large neighbourhood search
Avg 13043.45, Best 13043.45 / m 12, Worst 13043.45
Gen 14 done, no improvement for 14 gens, already consumed 0.51 sec
already consumed 0.52 sec
After large neighbourhood search
Avg 13043.45, Best 13043.45 / m 12, Worst 13043.45
Gen 15 done, no improvement for 15 gens, already consumed 0.52 sec
already consumed 0.52 sec
After large neighbourhood search
Avg 13043.45, Best 13043.45 / m 12, Worst 13043.45
Gen 16 done, no improvement for 16 gens, already consumed 0.52 sec
already consumed 0.53 sec
After large neighbourhood search
Avg 13043.45, Best 13043.45 / m 12, Worst 13043.45
Gen 17 done, no improvement for 17 gens, already consumed 0.53 sec
already consumed 0.54 sec
After large neighbourhood search
Avg 13043.45, Best 13043.45 / m 12, Worst 13043.45
Gen 18 done, no improvement for 18 gens, already consumed 0.54 sec
already consumed 0.56 sec
After large neighbourhood search
Avg 13043.45, Best 13043.45 / m 12, Worst 13043.45
Gen 19 done, no improvement for 19 gens, already consumed 0.56 sec
already consumed 0.57 sec
After large neighbourhood search
Avg 13043.45, Best 13043.45 / m 12, Worst 13043.45
Gen 20 done, no improvement for 20 gens, already consumed 0.57 sec
sub_problem_num: 1
subproblem 1, customer: 100
Total edges 9900, prune by time window 5507(55.6263%), prune by capacity 0(0.0000%)
Initialization, using perturb method
Solution 0, cost 13104.87, m 12
Solution 1, cost 13211.18, m 12
Solution 2, cost 14188.75, m 13
Solution 3, cost 13043.45, m 12
best cost 13043.45, m 12
Initialization done.
already consumed 0.90 sec
already consumed 1.16 sec
After local search
Avg 13047.61, Best 13043.38 / m 12, Worst 13060.15
Do crossover.
already consumed 1.17 sec
Best solution update: 13043.3818
Gen: 1. Avg 13043.42, Best 13043.38 / m 12, Worst 13043.45
Gen 1 done, no improvement for 1 gens, already consumed 1.24 sec
Do crossover.
already consumed 1.24 sec
Gen: 2. Avg 13043.40, Best 13043.38 / m 12, Worst 13043.45
Gen 2 done, no improvement for 2 gens, already consumed 1.28 sec
Do crossover.
already consumed 1.28 sec
Gen: 3. Avg 13043.38, Best 13043.38 / m 12, Worst 13043.38
Gen 3 done, no improvement for 3 gens, already consumed 1.33 sec
Do crossover.
already consumed 1.33 sec
Gen: 4. Avg 13043.38, Best 13043.38 / m 12, Worst 13043.38
Gen 4 done, no improvement for 4 gens, already consumed 1.39 sec
Do crossover.
already consumed 1.39 sec
Gen: 5. Avg 13043.38, Best 13043.38 / m 12, Worst 13043.38
Gen 5 done, no improvement for 5 gens, already consumed 1.43 sec
Do crossover.
already consumed 1.43 sec
Gen: 6. Avg 13043.38, Best 13043.38 / m 12, Worst 13043.38
Gen 6 done, no improvement for 6 gens, already consumed 1.47 sec
Do crossover.
already consumed 1.47 sec
Gen: 7. Avg 13043.38, Best 13043.38 / m 12, Worst 13043.38
Gen 7 done, no improvement for 7 gens, already consumed 1.52 sec
Do crossover.
already consumed 1.52 sec
Gen: 8. Avg 13043.38, Best 13043.38 / m 12, Worst 13043.38
Gen 8 done, no improvement for 8 gens, already consumed 1.56 sec
Do crossover.
already consumed 1.56 sec
Gen: 9. Avg 13043.38, Best 13043.38 / m 12, Worst 13043.38
Gen 9 done, no improvement for 9 gens, already consumed 1.60 sec
Do crossover.
already consumed 1.60 sec
Gen: 10. Avg 13043.38, Best 13043.38 / m 12, Worst 13043.38
Gen 10 done, no improvement for 10 gens, already consumed 1.65 sec
Do crossover.
already consumed 1.65 sec
Gen: 11. Avg 13043.38, Best 13043.38 / m 12, Worst 13043.38
Gen 11 done, no improvement for 11 gens, already consumed 1.70 sec
Do crossover.
already consumed 1.70 sec
Gen: 12. Avg 13043.38, Best 13043.38 / m 12, Worst 13043.38
Gen 12 done, no improvement for 12 gens, already consumed 1.74 sec
Do crossover.
already consumed 1.74 sec
Gen: 13. Avg 13043.38, Best 13043.38 / m 12, Worst 13043.38
Gen 13 done, no improvement for 13 gens, already consumed 1.79 sec
Do crossover.
already consumed 1.79 sec
Gen: 14. Avg 13043.38, Best 13043.38 / m 12, Worst 13043.38
Gen 14 done, no improvement for 14 gens, already consumed 1.83 sec
Do crossover.
already consumed 1.83 sec
Gen: 15. Avg 13043.38, Best 13043.38 / m 12, Worst 13043.38
Gen 15 done, no improvement for 15 gens, already consumed 1.88 sec
Do crossover.
already consumed 1.89 sec
Gen: 16. Avg 13043.38, Best 13043.38 / m 12, Worst 13043.38
Gen 16 done, no improvement for 16 gens, already consumed 1.93 sec
Do crossover.
already consumed 1.93 sec
Gen: 17. Avg 13043.38, Best 13043.38 / m 12, Worst 13043.38
Gen 17 done, no improvement for 17 gens, already consumed 1.97 sec
Do crossover.
already consumed 1.97 sec
Gen: 18. Avg 13043.38, Best 13043.38 / m 12, Worst 13043.38
Gen 18 done, no improvement for 18 gens, already consumed 2.03 sec
Do crossover.
already consumed 2.03 sec
Gen: 19. Avg 13043.38, Best 13043.38 / m 12, Worst 13043.38
Gen 19 done, no improvement for 19 gens, already consumed 2.09 sec
Do crossover.
already consumed 2.09 sec
Gen: 20. Avg 13043.38, Best 13043.38 / m 12, Worst 13043.38
Gen 20 done, no improvement for 20 gens, already consumed 2.13 sec
Do crossover.
already consumed 2.13 sec
Gen: 21. Avg 13043.38, Best 13043.38 / m 12, Worst 13043.38
Gen 21 done, no improvement for 21 gens, already consumed 2.18 sec
Run 1 finishes
Avg 13043.38, Best 13043.38 / m 12, Worst 13043.38
13043.45, 13043.38, 13043.38
Decomposition done, already consumed 2.19 sec
After decomposition
Avg 13043.38, Best 13043.38 / m 12, Worst 13043.38
already consumed 2.19 sec
already consumed 2.20 sec
After local search
Avg 13043.38, Best 13043.38 / m 12, Worst 13043.38
already consumed 2.20 sec
already consumed 2.21 sec
After large neighbourhood search
Avg 13043.38, Best 13043.38 / m 12, Worst 13043.38
Gen 21 done, no improvement for 0 gens, already consumed 2.21 sec
already consumed 2.22 sec
After large neighbourhood search
Avg 13043.38, Best 13043.38 / m 12, Worst 13043.38
Gen 22 done, no improvement for 1 gens, already consumed 2.22 sec
already consumed 2.22 sec
After large neighbourhood search
Avg 13043.38, Best 13043.38 / m 12, Worst 13043.38
Gen 23 done, no improvement for 2 gens, already consumed 2.22 sec
already consumed 2.23 sec
After large neighbourhood search
Avg 13043.38, Best 13043.38 / m 12, Worst 13043.38
Gen 24 done, no improvement for 3 gens, already consumed 2.23 sec
already consumed 2.24 sec
After large neighbourhood search
Avg 13043.38, Best 13043.38 / m 12, Worst 13043.38
Gen 25 done, no improvement for 4 gens, already consumed 2.24 sec
already consumed 2.24 sec
After large neighbourhood search
Avg 13043.38, Best 13043.38 / m 12, Worst 13043.38
Gen 26 done, no improvement for 5 gens, already consumed 2.24 sec
already consumed 2.25 sec
After large neighbourhood search
Avg 13043.38, Best 13043.38 / m 12, Worst 13043.38
Gen 27 done, no improvement for 6 gens, already consumed 2.25 sec
already consumed 2.26 sec
After large neighbourhood search
Avg 13043.38, Best 13043.38 / m 12, Worst 13043.38
Gen 28 done, no improvement for 7 gens, already consumed 2.26 sec
already consumed 2.27 sec
After large neighbourhood search
Avg 13043.38, Best 13043.38 / m 12, Worst 13043.38
Gen 29 done, no improvement for 8 gens, already consumed 2.27 sec
already consumed 2.28 sec
After large neighbourhood search
Avg 13043.38, Best 13043.38 / m 12, Worst 13043.38
Gen 30 done, no improvement for 9 gens, already consumed 2.28 sec
already consumed 2.29 sec
After large neighbourhood search
Avg 13043.38, Best 13043.38 / m 12, Worst 13043.38
Gen 31 done, no improvement for 10 gens, already consumed 2.29 sec
already consumed 2.30 sec
After large neighbourhood search
Avg 13043.38, Best 13043.38 / m 12, Worst 13043.38
Gen 32 done, no improvement for 11 gens, already consumed 2.30 sec
already consumed 2.31 sec
After large neighbourhood search
Avg 13043.38, Best 13043.38 / m 12, Worst 13043.38
Gen 33 done, no improvement for 12 gens, already consumed 2.31 sec
already consumed 2.32 sec
After large neighbourhood search
Avg 13043.38, Best 13043.38 / m 12, Worst 13043.38
Gen 34 done, no improvement for 13 gens, already consumed 2.32 sec
already consumed 2.33 sec
After large neighbourhood search
Avg 13043.38, Best 13043.38 / m 12, Worst 13043.38
Gen 35 done, no improvement for 14 gens, already consumed 2.33 sec
already consumed 2.34 sec
After large neighbourhood search
Avg 13043.38, Best 13043.38 / m 12, Worst 13043.38
Gen 36 done, no improvement for 15 gens, already consumed 2.34 sec
already consumed 2.34 sec
After large neighbourhood search
Avg 13043.38, Best 13043.38 / m 12, Worst 13043.38
Gen 37 done, no improvement for 16 gens, already consumed 2.34 sec
already consumed 2.35 sec
After large neighbourhood search
Avg 13043.38, Best 13043.38 / m 12, Worst 13043.38
Gen 38 done, no improvement for 17 gens, already consumed 2.35 sec
already consumed 2.36 sec
After large neighbourhood search
Avg 13043.38, Best 13043.38 / m 12, Worst 13043.38
Gen 39 done, no improvement for 18 gens, already consumed 2.36 sec
already consumed 2.37 sec
After large neighbourhood search
Avg 13043.38, Best 13043.38 / m 12, Worst 13043.38
Gen 40 done, no improvement for 19 gens, already consumed 2.37 sec
already consumed 2.38 sec
After large neighbourhood search
Avg 13043.38, Best 13043.38 / m 12, Worst 13043.38
Gen 41 done, no improvement for 20 gens, already consumed 2.38 sec
sub_problem_num: 1
subproblem 1, customer: 100
Total edges 9900, prune by time window 5507(55.6263%), prune by capacity 0(0.0000%)
Initialization, using perturb method
Solution 0, cost 14169.12, m 13
Solution 1, cost 13043.38, m 12
Solution 2, cost 13102.16, m 12
Solution 3, cost 13204.43, m 12
best cost 13043.38, m 12
Initialization done.
already consumed 2.74 sec
already consumed 2.84 sec
After local search
Avg 13045.64, Best 13043.38 / m 12, Worst 13052.36
Do crossover.
already consumed 2.84 sec
Gen: 1. Avg 13043.40, Best 13043.38 / m 12, Worst 13043.45
Gen 1 done, no improvement for 1 gens, already consumed 2.90 sec
Do crossover.
already consumed 2.90 sec
Gen: 2. Avg 13043.38, Best 13043.38 / m 12, Worst 13043.38
Gen 2 done, no improvement for 2 gens, already consumed 2.94 sec
Do crossover.
already consumed 2.94 sec
Gen: 3. Avg 13043.38, Best 13043.38 / m 12, Worst 13043.38
Gen 3 done, no improvement for 3 gens, already consumed 2.99 sec
Do crossover.
already consumed 2.99 sec
Gen: 4. Avg 13043.38, Best 13043.38 / m 12, Worst 13043.38
Gen 4 done, no improvement for 4 gens, already consumed 3.03 sec
Do crossover.
already consumed 3.03 sec
Gen: 5. Avg 13043.38, Best 13043.38 / m 12, Worst 13043.38
Gen 5 done, no improvement for 5 gens, already consumed 3.08 sec
Do crossover.
already consumed 3.08 sec
Gen: 6. Avg 13043.38, Best 13043.38 / m 12, Worst 13043.38
Gen 6 done, no improvement for 6 gens, already consumed 3.13 sec
Do crossover.
already consumed 3.13 sec
Gen: 7. Avg 13043.38, Best 13043.38 / m 12, Worst 13043.38
Gen 7 done, no improvement for 7 gens, already consumed 3.18 sec
Do crossover.
already consumed 3.18 sec
Gen: 8. Avg 13043.38, Best 13043.38 / m 12, Worst 13043.38
Gen 8 done, no improvement for 8 gens, already consumed 3.23 sec
Do crossover.
already consumed 3.23 sec
Gen: 9. Avg 13043.38, Best 13043.38 / m 12, Worst 13043.38
Gen 9 done, no improvement for 9 gens, already consumed 3.29 sec
Do crossover.
already consumed 3.29 sec
Gen: 10. Avg 13043.38, Best 13043.38 / m 12, Worst 13043.38
Gen 10 done, no improvement for 10 gens, already consumed 3.33 sec
Do crossover.
already consumed 3.33 sec
Gen: 11. Avg 13043.38, Best 13043.38 / m 12, Worst 13043.38
Gen 11 done, no improvement for 11 gens, already consumed 3.39 sec
Do crossover.
already consumed 3.39 sec
Gen: 12. Avg 13043.38, Best 13043.38 / m 12, Worst 13043.38
Gen 12 done, no improvement for 12 gens, already consumed 3.44 sec
Do crossover.
already consumed 3.44 sec
Gen: 13. Avg 13043.38, Best 13043.38 / m 12, Worst 13043.38
Gen 13 done, no improvement for 13 gens, already consumed 3.50 sec
Do crossover.
already consumed 3.50 sec
Gen: 14. Avg 13043.38, Best 13043.38 / m 12, Worst 13043.38
Gen 14 done, no improvement for 14 gens, already consumed 3.56 sec
Do crossover.
already consumed 3.56 sec
Gen: 15. Avg 13043.38, Best 13043.38 / m 12, Worst 13043.38
Gen 15 done, no improvement for 15 gens, already consumed 3.60 sec
Do crossover.
already consumed 3.60 sec
Gen: 16. Avg 13043.38, Best 13043.38 / m 12, Worst 13043.38
Gen 16 done, no improvement for 16 gens, already consumed 3.65 sec
Do crossover.
already consumed 3.65 sec
Gen: 17. Avg 13043.38, Best 13043.38 / m 12, Worst 13043.38
Gen 17 done, no improvement for 17 gens, already consumed 3.71 sec
Do crossover.
already consumed 3.71 sec
Gen: 18. Avg 13043.38, Best 13043.38 / m 12, Worst 13043.38
Gen 18 done, no improvement for 18 gens, already consumed 3.77 sec
Do crossover.
already consumed 3.77 sec
Gen: 19. Avg 13043.38, Best 13043.38 / m 12, Worst 13043.38
Gen 19 done, no improvement for 19 gens, already consumed 3.80 sec
Do crossover.
already consumed 3.80 sec
Gen: 20. Avg 13043.38, Best 13043.38 / m 12, Worst 13043.38
Gen 20 done, no improvement for 20 gens, already consumed 3.85 sec
Do crossover.
already consumed 3.85 sec
Gen: 21. Avg 13043.38, Best 13043.38 / m 12, Worst 13043.38
Gen 21 done, no improvement for 21 gens, already consumed 3.90 sec
Run 1 finishes
Avg 13043.38, Best 13043.38 / m 12, Worst 13043.38
Decomposition done, already consumed 3.90 sec
After decomposition
Avg 13043.38, Best 13043.38 / m 12, Worst 13043.38
already consumed 3.90 sec
already consumed 3.91 sec
After local search
Avg 13043.38, Best 13043.38 / m 12, Worst 13043.38
already consumed 3.91 sec
already consumed 3.91 sec
After large neighbourhood search
Avg 13043.38, Best 13043.38 / m 12, Worst 13043.38
Gen 42 done, no improvement for 21 gens, already consumed 3.91 sec
Run 3 finishes
Avg 13043.38, Best 13043.38 / m 12, Worst 13043.38
---------------------------------Run 4---------------------------
Initialization, using rcrs method
Solution 0, cost 13175.07, m 12
best cost 13175.07, m 12
Initialization done.
already consumed 0.31 sec
already consumed 0.40 sec
After local search
Avg 13043.45, Best 13043.45 / m 12, Worst 13043.45
already consumed 0.40 sec
After large neighbourhood search
Avg 13043.45, Best 13043.45 / m 12, Worst 13043.45
Gen 1 done, no improvement for 1 gens, already consumed 0.40 sec
already consumed 0.41 sec
After large neighbourhood search
Avg 13043.45, Best 13043.45 / m 12, Worst 13043.45
Gen 2 done, no improvement for 2 gens, already consumed 0.41 sec
already consumed 0.41 sec
After large neighbourhood search
Avg 13043.45, Best 13043.45 / m 12, Worst 13043.45
Gen 3 done, no improvement for 3 gens, already consumed 0.41 sec
already consumed 0.41 sec
After large neighbourhood search
Avg 13043.45, Best 13043.45 / m 12, Worst 13043.45
Gen 4 done, no improvement for 4 gens, already consumed 0.41 sec
already consumed 0.42 sec
After large neighbourhood search
Avg 13043.45, Best 13043.45 / m 12, Worst 13043.45
Gen 5 done, no improvement for 5 gens, already consumed 0.42 sec
already consumed 0.42 sec
After large neighbourhood search
Avg 13043.45, Best 13043.45 / m 12, Worst 13043.45
Gen 6 done, no improvement for 6 gens, already consumed 0.42 sec
already consumed 0.43 sec
After large neighbourhood search
Avg 13043.45, Best 13043.45 / m 12, Worst 13043.45
Gen 7 done, no improvement for 7 gens, already consumed 0.43 sec
already consumed 0.43 sec
After large neighbourhood search
Avg 13043.45, Best 13043.45 / m 12, Worst 13043.45
Gen 8 done, no improvement for 8 gens, already consumed 0.43 sec
already consumed 0.43 sec
After large neighbourhood search
Avg 13043.45, Best 13043.45 / m 12, Worst 13043.45
Gen 9 done, no improvement for 9 gens, already consumed 0.43 sec
already consumed 0.44 sec
After large neighbourhood search
Avg 13043.45, Best 13043.45 / m 12, Worst 13043.45
Gen 10 done, no improvement for 10 gens, already consumed 0.44 sec
already consumed 0.44 sec
After large neighbourhood search
Avg 13043.45, Best 13043.45 / m 12, Worst 13043.45
Gen 11 done, no improvement for 11 gens, already consumed 0.44 sec
already consumed 0.45 sec
After large neighbourhood search
Avg 13043.45, Best 13043.45 / m 12, Worst 13043.45
Gen 12 done, no improvement for 12 gens, already consumed 0.45 sec
already consumed 0.46 sec
After large neighbourhood search
Avg 13043.45, Best 13043.45 / m 12, Worst 13043.45
Gen 13 done, no improvement for 13 gens, already consumed 0.46 sec
already consumed 0.46 sec
After large neighbourhood search
Avg 13043.45, Best 13043.45 / m 12, Worst 13043.45
Gen 14 done, no improvement for 14 gens, already consumed 0.46 sec
already consumed 0.47 sec
After large neighbourhood search
Avg 13043.45, Best 13043.45 / m 12, Worst 13043.45
Gen 15 done, no improvement for 15 gens, already consumed 0.47 sec
already consumed 0.48 sec
After large neighbourhood search
Avg 13043.45, Best 13043.45 / m 12, Worst 13043.45
Gen 16 done, no improvement for 16 gens, already consumed 0.48 sec
already consumed 0.49 sec
After large neighbourhood search
Avg 13043.45, Best 13043.45 / m 12, Worst 13043.45
Gen 17 done, no improvement for 17 gens, already consumed 0.49 sec
already consumed 0.49 sec
After large neighbourhood search
Avg 13043.45, Best 13043.45 / m 12, Worst 13043.45
Gen 18 done, no improvement for 18 gens, already consumed 0.49 sec
already consumed 0.49 sec
After large neighbourhood search
Avg 13043.45, Best 13043.45 / m 12, Worst 13043.45
Gen 19 done, no improvement for 19 gens, already consumed 0.49 sec
already consumed 0.50 sec
After large neighbourhood search
Avg 13043.45, Best 13043.45 / m 12, Worst 13043.45
Gen 20 done, no improvement for 20 gens, already consumed 0.50 sec
sub_problem_num: 1
subproblem 1, customer: 100
Total edges 9900, prune by time window 5507(55.6263%), prune by capacity 0(0.0000%)
Initialization, using perturb method
Solution 0, cost 13071.69, m 12
Solution 1, cost 13115.02, m 12
Solution 2, cost 14188.75, m 13
Solution 3, cost 13043.45, m 12
best cost 13043.45, m 12
Initialization done.
already consumed 0.84 sec
already consumed 1.06 sec
After local search
Avg 13045.70, Best 13043.45 / m 12, Worst 13052.43
Do crossover.
already consumed 1.07 sec
Gen: 1. Avg 13043.45, Best 13043.45 / m 12, Worst 13043.45
Gen 1 done, no improvement for 1 gens, already consumed 1.11 sec
Do crossover.
already consumed 1.11 sec
Gen: 2. Avg 13043.45, Best 13043.45 / m 12, Worst 13043.45
Gen 2 done, no improvement for 2 gens, already consumed 1.14 sec
Do crossover.
already consumed 1.14 sec
Gen: 3. Avg 13043.45, Best 13043.45 / m 12, Worst 13043.45
Gen 3 done, no improvement for 3 gens, already consumed 1.18 sec
Do crossover.
already consumed 1.18 sec
Gen: 4. Avg 13043.45, Best 13043.45 / m 12, Worst 13043.45
Gen 4 done, no improvement for 4 gens, already consumed 1.27 sec
Do crossover.
already consumed 1.27 sec
Gen: 5. Avg 13043.45, Best 13043.45 / m 12, Worst 13043.45
Gen 5 done, no improvement for 5 gens, already consumed 1.29 sec
Do crossover.
already consumed 1.29 sec
Gen: 6. Avg 13043.45, Best 13043.45 / m 12, Worst 13043.45
Gen 6 done, no improvement for 6 gens, already consumed 1.32 sec
Do crossover.
already consumed 1.32 sec
Gen: 7. Avg 13043.45, Best 13043.45 / m 12, Worst 13043.45
Gen 7 done, no improvement for 7 gens, already consumed 1.35 sec
Do crossover.
already consumed 1.35 sec
Gen: 8. Avg 13043.45, Best 13043.45 / m 12, Worst 13043.45
Gen 8 done, no improvement for 8 gens, already consumed 1.43 sec
Do crossover.
already consumed 1.43 sec
Gen: 9. Avg 13043.45, Best 13043.45 / m 12, Worst 13043.45
Gen 9 done, no improvement for 9 gens, already consumed 1.46 sec
Do crossover.
already consumed 1.46 sec
Gen: 10. Avg 13043.45, Best 13043.45 / m 12, Worst 13043.45
Gen 10 done, no improvement for 10 gens, already consumed 1.49 sec
Do crossover.
already consumed 1.49 sec
Gen: 11. Avg 13043.45, Best 13043.45 / m 12, Worst 13043.45
Gen 11 done, no improvement for 11 gens, already consumed 1.65 sec
Do crossover.
already consumed 1.65 sec
Gen: 12. Avg 13043.45, Best 13043.45 / m 12, Worst 13043.45
Gen 12 done, no improvement for 12 gens, already consumed 1.69 sec
Do crossover.
already consumed 1.69 sec
Gen: 13. Avg 13043.45, Best 13043.45 / m 12, Worst 13043.45
Gen 13 done, no improvement for 13 gens, already consumed 1.72 sec
Do crossover.
already consumed 1.73 sec
Gen: 14. Avg 13043.45, Best 13043.45 / m 12, Worst 13043.45
Gen 14 done, no improvement for 14 gens, already consumed 1.77 sec
Do crossover.
already consumed 1.77 sec
Gen: 15. Avg 13043.45, Best 13043.45 / m 12, Worst 13043.45
Gen 15 done, no improvement for 15 gens, already consumed 1.82 sec
Do crossover.
already consumed 1.82 sec
Gen: 16. Avg 13043.45, Best 13043.45 / m 12, Worst 13043.45
Gen 16 done, no improvement for 16 gens, already consumed 1.91 sec
Do crossover.
already consumed 1.91 sec
Gen: 17. Avg 13043.45, Best 13043.45 / m 12, Worst 13043.45
Gen 17 done, no improvement for 17 gens, already consumed 1.95 sec
Do crossover.
already consumed 1.95 sec
Gen: 18. Avg 13043.45, Best 13043.45 / m 12, Worst 13043.45
Gen 18 done, no improvement for 18 gens, already consumed 1.98 sec
Do crossover.
already consumed 1.98 sec
Gen: 19. Avg 13043.45, Best 13043.45 / m 12, Worst 13043.45
Gen 19 done, no improvement for 19 gens, already consumed 2.01 sec
Do crossover.
already consumed 2.01 sec
Gen: 20. Avg 13043.45, Best 13043.45 / m 12, Worst 13043.45
Gen 20 done, no improvement for 20 gens, already consumed 2.05 sec
Do crossover.
already consumed 2.05 sec
Gen: 21. Avg 13043.45, Best 13043.45 / m 12, Worst 13043.45
Gen 21 done, no improvement for 21 gens, already consumed 2.08 sec
Run 1 finishes
Avg 13043.45, Best 13043.45 / m 12, Worst 13043.45
Decomposition done, already consumed 2.08 sec
After decomposition
Avg 13043.45, Best 13043.45 / m 12, Worst 13043.45
already consumed 2.08 sec
already consumed 2.09 sec
After local search
Avg 13043.45, Best 13043.45 / m 12, Worst 13043.45
already consumed 2.09 sec
already consumed 2.09 sec
After large neighbourhood search
Avg 13043.45, Best 13043.45 / m 12, Worst 13043.45
Gen 21 done, no improvement for 21 gens, already consumed 2.09 sec
Run 4 finishes
Avg 13043.45, Best 13043.45 / m 12, Worst 13043.45
---------------------------------Run 5---------------------------
Initialization, using rcrs method
Solution 0, cost 13169.50, m 12
best cost 13169.50, m 12
Initialization done.
already consumed 0.32 sec
already consumed 0.35 sec
After local search
Avg 13043.45, Best 13043.45 / m 12, Worst 13043.45
already consumed 0.36 sec
After large neighbourhood search
Avg 13043.45, Best 13043.45 / m 12, Worst 13043.45
Gen 1 done, no improvement for 1 gens, already consumed 0.36 sec
already consumed 0.37 sec
After large neighbourhood search
Avg 13043.45, Best 13043.45 / m 12, Worst 13043.45
Gen 2 done, no improvement for 2 gens, already consumed 0.37 sec
already consumed 0.37 sec
After large neighbourhood search
Avg 13043.45, Best 13043.45 / m 12, Worst 13043.45
Gen 3 done, no improvement for 3 gens, already consumed 0.37 sec
already consumed 0.38 sec
After large neighbourhood search
Avg 13043.45, Best 13043.45 / m 12, Worst 13043.45
Gen 4 done, no improvement for 4 gens, already consumed 0.38 sec
already consumed 0.38 sec
After large neighbourhood search
Avg 13043.45, Best 13043.45 / m 12, Worst 13043.45
Gen 5 done, no improvement for 5 gens, already consumed 0.38 sec
already consumed 0.39 sec
After large neighbourhood search
Avg 13043.45, Best 13043.45 / m 12, Worst 13043.45
Gen 6 done, no improvement for 6 gens, already consumed 0.39 sec
already consumed 0.39 sec
After large neighbourhood search
Avg 13043.45, Best 13043.45 / m 12, Worst 13043.45
Gen 7 done, no improvement for 7 gens, already consumed 0.39 sec
already consumed 0.40 sec
After large neighbourhood search
Avg 13043.45, Best 13043.45 / m 12, Worst 13043.45
Gen 8 done, no improvement for 8 gens, already consumed 0.40 sec
already consumed 0.41 sec
After large neighbourhood search
Avg 13043.45, Best 13043.45 / m 12, Worst 13043.45
Gen 9 done, no improvement for 9 gens, already consumed 0.41 sec
already consumed 0.41 sec
After large neighbourhood search
Avg 13043.45, Best 13043.45 / m 12, Worst 13043.45
Gen 10 done, no improvement for 10 gens, already consumed 0.41 sec
already consumed 0.42 sec
After large neighbourhood search
Avg 13043.45, Best 13043.45 / m 12, Worst 13043.45
Gen 11 done, no improvement for 11 gens, already consumed 0.42 sec
already consumed 0.42 sec
After large neighbourhood search
Avg 13043.45, Best 13043.45 / m 12, Worst 13043.45
Gen 12 done, no improvement for 12 gens, already consumed 0.42 sec
already consumed 0.43 sec
After large neighbourhood search
Avg 13043.45, Best 13043.45 / m 12, Worst 13043.45
Gen 13 done, no improvement for 13 gens, already consumed 0.43 sec
already consumed 0.43 sec
After large neighbourhood search
Avg 13043.45, Best 13043.45 / m 12, Worst 13043.45
Gen 14 done, no improvement for 14 gens, already consumed 0.43 sec
already consumed 0.43 sec
After large neighbourhood search
Avg 13043.45, Best 13043.45 / m 12, Worst 13043.45
Gen 15 done, no improvement for 15 gens, already consumed 0.43 sec
already consumed 0.44 sec
After large neighbourhood search
Avg 13043.45, Best 13043.45 / m 12, Worst 13043.45
Gen 16 done, no improvement for 16 gens, already consumed 0.44 sec
already consumed 0.44 sec
After large neighbourhood search
Avg 13043.45, Best 13043.45 / m 12, Worst 13043.45
Gen 17 done, no improvement for 17 gens, already consumed 0.44 sec
already consumed 0.45 sec
After large neighbourhood search
Avg 13043.45, Best 13043.45 / m 12, Worst 13043.45
Gen 18 done, no improvement for 18 gens, already consumed 0.45 sec
already consumed 0.46 sec
After large neighbourhood search
Avg 13043.45, Best 13043.45 / m 12, Worst 13043.45
Gen 19 done, no improvement for 19 gens, already consumed 0.46 sec
already consumed 0.46 sec
After large neighbourhood search
Avg 13043.45, Best 13043.45 / m 12, Worst 13043.45
Gen 20 done, no improvement for 20 gens, already consumed 0.46 sec
sub_problem_num: 1
subproblem 1, customer: 100
Total edges 9900, prune by time window 5507(55.6263%), prune by capacity 0(0.0000%)
Initialization, using perturb method
Solution 0, cost 13165.01, m 12
Solution 1, cost 13104.87, m 12
Solution 2, cost 13043.45, m 12
Solution 3, cost 14497.13, m 13
best cost 13043.45, m 12
Initialization done.
already consumed 0.83 sec
already consumed 0.99 sec
After local search
Avg 13043.45, Best 13043.45 / m 12, Worst 13043.45
Do crossover.
already consumed 0.99 sec
Gen: 1. Avg 13043.45, Best 13043.45 / m 12, Worst 13043.45
Gen 1 done, no improvement for 1 gens, already consumed 1.03 sec
Do crossover.
already consumed 1.03 sec
Gen: 2. Avg 13043.45, Best 13043.45 / m 12, Worst 13043.45
Gen 2 done, no improvement for 2 gens, already consumed 1.06 sec
Do crossover.
already consumed 1.06 sec
Gen: 3. Avg 13043.45, Best 13043.45 / m 12, Worst 13043.45
Gen 3 done, no improvement for 3 gens, already consumed 1.09 sec
Do crossover.
already consumed 1.09 sec
Gen: 4. Avg 13043.45, Best 13043.45 / m 12, Worst 13043.45
Gen 4 done, no improvement for 4 gens, already consumed 1.13 sec
Do crossover.
already consumed 1.13 sec
Gen: 5. Avg 13043.45, Best 13043.45 / m 12, Worst 13043.45
Gen 5 done, no improvement for 5 gens, already consumed 1.16 sec
Do crossover.
already consumed 1.16 sec
Gen: 6. Avg 13043.45, Best 13043.45 / m 12, Worst 13043.45
Gen 6 done, no improvement for 6 gens, already consumed 1.19 sec
Do crossover.
already consumed 1.19 sec
Gen: 7. Avg 13043.45, Best 13043.45 / m 12, Worst 13043.45
Gen 7 done, no improvement for 7 gens, already consumed 1.22 sec
Do crossover.
already consumed 1.22 sec
Gen: 8. Avg 13043.45, Best 13043.45 / m 12, Worst 13043.45
Gen 8 done, no improvement for 8 gens, already consumed 1.25 sec
Do crossover.
already consumed 1.25 sec
Gen: 9. Avg 13043.45, Best 13043.45 / m 12, Worst 13043.45
Gen 9 done, no improvement for 9 gens, already consumed 1.29 sec
Do crossover.
already consumed 1.29 sec
Gen: 10. Avg 13043.45, Best 13043.45 / m 12, Worst 13043.45
Gen 10 done, no improvement for 10 gens, already consumed 1.32 sec
Do crossover.
already consumed 1.32 sec
Gen: 11. Avg 13043.45, Best 13043.45 / m 12, Worst 13043.45
Gen 11 done, no improvement for 11 gens, already consumed 1.36 sec
Do crossover.
already consumed 1.36 sec
Gen: 12. Avg 13043.45, Best 13043.45 / m 12, Worst 13043.45
Gen 12 done, no improvement for 12 gens, already consumed 1.40 sec
Do crossover.
already consumed 1.40 sec
Gen: 13. Avg 13043.45, Best 13043.45 / m 12, Worst 13043.45
Gen 13 done, no improvement for 13 gens, already consumed 1.43 sec
Do crossover.
already consumed 1.43 sec
Gen: 14. Avg 13043.45, Best 13043.45 / m 12, Worst 13043.45
Gen 14 done, no improvement for 14 gens, already consumed 1.47 sec
Do crossover.
already consumed 1.47 sec
Gen: 15. Avg 13043.45, Best 13043.45 / m 12, Worst 13043.45
Gen 15 done, no improvement for 15 gens, already consumed 1.50 sec
Do crossover.
already consumed 1.50 sec
Gen: 16. Avg 13043.45, Best 13043.45 / m 12, Worst 13043.45
Gen 16 done, no improvement for 16 gens, already consumed 1.53 sec
Do crossover.
already consumed 1.53 sec
Gen: 17. Avg 13043.45, Best 13043.45 / m 12, Worst 13043.45
Gen 17 done, no improvement for 17 gens, already consumed 1.56 sec
Do crossover.
already consumed 1.56 sec
Gen: 18. Avg 13043.45, Best 13043.45 / m 12, Worst 13043.45
Gen 18 done, no improvement for 18 gens, already consumed 1.60 sec
Do crossover.
already consumed 1.60 sec
Gen: 19. Avg 13043.45, Best 13043.45 / m 12, Worst 13043.45
Gen 19 done, no improvement for 19 gens, already consumed 1.63 sec
Do crossover.
already consumed 1.63 sec
Gen: 20. Avg 13043.45, Best 13043.45 / m 12, Worst 13043.45
Gen 20 done, no improvement for 20 gens, already consumed 1.76 sec
Do crossover.
already consumed 1.76 sec
Gen: 21. Avg 13043.45, Best 13043.45 / m 12, Worst 13043.45
Gen 21 done, no improvement for 21 gens, already consumed 1.78 sec
Run 1 finishes
Avg 13043.45, Best 13043.45 / m 12, Worst 13043.45
Decomposition done, already consumed 1.78 sec
After decomposition
Avg 13043.45, Best 13043.45 / m 12, Worst 13043.45
already consumed 1.78 sec
already consumed 1.79 sec
After local search
Avg 13043.45, Best 13043.45 / m 12, Worst 13043.45
already consumed 1.79 sec
already consumed 1.80 sec
After large neighbourhood search
Avg 13043.45, Best 13043.45 / m 12, Worst 13043.45
Gen 21 done, no improvement for 21 gens, already consumed 1.80 sec
Run 5 finishes
Avg 13043.45, Best 13043.45 / m 12, Worst 13043.45
---------------------------------Run 6---------------------------
Initialization, using rcrs method
Solution 0, cost 13142.05, m 12
best cost 13142.05, m 12
Initialization done.
already consumed 0.31 sec
already consumed 0.34 sec
After local search
Avg 13043.38, Best 13043.38 / m 12, Worst 13043.38
already consumed 0.35 sec
After large neighbourhood search
Avg 13043.38, Best 13043.38 / m 12, Worst 13043.38
Gen 1 done, no improvement for 1 gens, already consumed 0.35 sec
already consumed 0.45 sec
After large neighbourhood search
Avg 13043.38, Best 13043.38 / m 12, Worst 13043.38
Gen 2 done, no improvement for 2 gens, already consumed 0.45 sec
already consumed 0.46 sec
After large neighbourhood search
Avg 13043.38, Best 13043.38 / m 12, Worst 13043.38
Gen 3 done, no improvement for 3 gens, already consumed 0.46 sec
already consumed 0.51 sec
After large neighbourhood search
Avg 13043.38, Best 13043.38 / m 12, Worst 13043.38
Gen 4 done, no improvement for 4 gens, already consumed 0.51 sec
already consumed 0.52 sec
After large neighbourhood search
Avg 13043.38, Best 13043.38 / m 12, Worst 13043.38
Gen 5 done, no improvement for 5 gens, already consumed 0.52 sec
already consumed 0.53 sec
After large neighbourhood search
Avg 13043.38, Best 13043.38 / m 12, Worst 13043.38
Gen 6 done, no improvement for 6 gens, already consumed 0.53 sec
already consumed 0.53 sec
After large neighbourhood search
Avg 13043.38, Best 13043.38 / m 12, Worst 13043.38
Gen 7 done, no improvement for 7 gens, already consumed 0.53 sec
already consumed 0.54 sec
After large neighbourhood search
Avg 13043.38, Best 13043.38 / m 12, Worst 13043.38
Gen 8 done, no improvement for 8 gens, already consumed 0.54 sec
already consumed 0.55 sec
After large neighbourhood search
Avg 13043.38, Best 13043.38 / m 12, Worst 13043.38
Gen 9 done, no improvement for 9 gens, already consumed 0.55 sec
already consumed 0.56 sec
After large neighbourhood search
Avg 13043.38, Best 13043.38 / m 12, Worst 13043.38
Gen 10 done, no improvement for 10 gens, already consumed 0.56 sec
already consumed 0.57 sec
After large neighbourhood search
Avg 13043.38, Best 13043.38 / m 12, Worst 13043.38
Gen 11 done, no improvement for 11 gens, already consumed 0.57 sec
already consumed 0.57 sec
After large neighbourhood search
Avg 13043.38, Best 13043.38 / m 12, Worst 13043.38
Gen 12 done, no improvement for 12 gens, already consumed 0.57 sec
already consumed 0.58 sec
After large neighbourhood search
Avg 13043.38, Best 13043.38 / m 12, Worst 13043.38
Gen 13 done, no improvement for 13 gens, already consumed 0.58 sec
already consumed 0.59 sec
After large neighbourhood search
Avg 13043.38, Best 13043.38 / m 12, Worst 13043.38
Gen 14 done, no improvement for 14 gens, already consumed 0.59 sec
already consumed 0.60 sec
After large neighbourhood search
Avg 13043.38, Best 13043.38 / m 12, Worst 13043.38
Gen 15 done, no improvement for 15 gens, already consumed 0.60 sec
already consumed 0.76 sec
After large neighbourhood search
Avg 13043.38, Best 13043.38 / m 12, Worst 13043.38
Gen 16 done, no improvement for 16 gens, already consumed 0.76 sec
already consumed 0.77 sec
After large neighbourhood search
Avg 13043.38, Best 13043.38 / m 12, Worst 13043.38
Gen 17 done, no improvement for 17 gens, already consumed 0.77 sec
already consumed 0.77 sec
After large neighbourhood search
Avg 13043.38, Best 13043.38 / m 12, Worst 13043.38
Gen 18 done, no improvement for 18 gens, already consumed 0.77 sec
already consumed 0.79 sec
After large neighbourhood search
Avg 13043.38, Best 13043.38 / m 12, Worst 13043.38
Gen 19 done, no improvement for 19 gens, already consumed 0.79 sec
already consumed 0.80 sec
After large neighbourhood search
Avg 13043.38, Best 13043.38 / m 12, Worst 13043.38
Gen 20 done, no improvement for 20 gens, already consumed 0.80 sec
sub_problem_num: 1
subproblem 1, customer: 100
Total edges 9900, prune by time window 5507(55.6263%), prune by capacity 0(0.0000%)
Initialization, using perturb method
Solution 0, cost 13102.16, m 12
Solution 1, cost 13043.38, m 12
Solution 2, cost 13161.90, m 12
Solution 3, cost 13264.92, m 12
best cost 13043.38, m 12
Initialization done.
already consumed 1.16 sec
already consumed 1.34 sec
After local search
Avg 13043.40, Best 13043.38 / m 12, Worst 13043.45
Do crossover.
already consumed 1.34 sec
Gen: 1. Avg 13043.40, Best 13043.38 / m 12, Worst 13043.45
Gen 1 done, no improvement for 1 gens, already consumed 1.39 sec
Do crossover.
already consumed 1.39 sec
Gen: 2. Avg 13043.40, Best 13043.38 / m 12, Worst 13043.45
Gen 2 done, no improvement for 2 gens, already consumed 1.43 sec
Do crossover.
already consumed 1.43 sec
Gen: 3. Avg 13043.38, Best 13043.38 / m 12, Worst 13043.38
Gen 3 done, no improvement for 3 gens, already consumed 1.48 sec
Do crossover.
already consumed 1.48 sec
Gen: 4. Avg 13043.38, Best 13043.38 / m 12, Worst 13043.38
Gen 4 done, no improvement for 4 gens, already consumed 1.53 sec
Do crossover.
already consumed 1.53 sec
Gen: 5. Avg 13043.38, Best 13043.38 / m 12, Worst 13043.38
Gen 5 done, no improvement for 5 gens, already consumed 1.58 sec
Do crossover.
already consumed 1.58 sec
Gen: 6. Avg 13043.38, Best 13043.38 / m 12, Worst 13043.38
Gen 6 done, no improvement for 6 gens, already consumed 1.63 sec
Do crossover.
already consumed 1.63 sec
Gen: 7. Avg 13043.38, Best 13043.38 / m 12, Worst 13043.38
Gen 7 done, no improvement for 7 gens, already consumed 1.69 sec
Do crossover.
already consumed 1.69 sec
Gen: 8. Avg 13043.38, Best 13043.38 / m 12, Worst 13043.38
Gen 8 done, no improvement for 8 gens, already consumed 1.73 sec
Do crossover.
already consumed 1.73 sec
Gen: 9. Avg 13043.38, Best 13043.38 / m 12, Worst 13043.38
Gen 9 done, no improvement for 9 gens, already consumed 1.78 sec
Do crossover.
already consumed 1.78 sec
Gen: 10. Avg 13043.38, Best 13043.38 / m 12, Worst 13043.38
Gen 10 done, no improvement for 10 gens, already consumed 1.82 sec
Do crossover.
already consumed 1.82 sec
Gen: 11. Avg 13043.38, Best 13043.38 / m 12, Worst 13043.38
Gen 11 done, no improvement for 11 gens, already consumed 1.97 sec
Do crossover.
already consumed 1.97 sec
Gen: 12. Avg 13043.38, Best 13043.38 / m 12, Worst 13043.38
Gen 12 done, no improvement for 12 gens, already consumed 2.03 sec
Do crossover.
already consumed 2.03 sec
Gen: 13. Avg 13043.38, Best 13043.38 / m 12, Worst 13043.38
Gen 13 done, no improvement for 13 gens, already consumed 2.07 sec
Do crossover.
already consumed 2.07 sec
Gen: 14. Avg 13043.38, Best 13043.38 / m 12, Worst 13043.38
Gen 14 done, no improvement for 14 gens, already consumed 2.12 sec
Do crossover.
already consumed 2.12 sec
Gen: 15. Avg 13043.38, Best 13043.38 / m 12, Worst 13043.38
Gen 15 done, no improvement for 15 gens, already consumed 2.16 sec
Do crossover.
already consumed 2.16 sec
Gen: 16. Avg 13043.38, Best 13043.38 / m 12, Worst 13043.38
Gen 16 done, no improvement for 16 gens, already consumed 2.22 sec
Do crossover.
already consumed 2.22 sec
Gen: 17. Avg 13043.38, Best 13043.38 / m 12, Worst 13043.38
Gen 17 done, no improvement for 17 gens, already consumed 2.26 sec
Do crossover.
already consumed 2.26 sec
Gen: 18. Avg 13043.38, Best 13043.38 / m 12, Worst 13043.38
Gen 18 done, no improvement for 18 gens, already consumed 2.31 sec
Do crossover.
already consumed 2.31 sec
Gen: 19. Avg 13043.38, Best 13043.38 / m 12, Worst 13043.38
Gen 19 done, no improvement for 19 gens, already consumed 2.36 sec
Do crossover.
already consumed 2.36 sec
Gen: 20. Avg 13043.38, Best 13043.38 / m 12, Worst 13043.38
Gen 20 done, no improvement for 20 gens, already consumed 2.39 sec
Do crossover.
already consumed 2.39 sec
Gen: 21. Avg 13043.38, Best 13043.38 / m 12, Worst 13043.38
Gen 21 done, no improvement for 21 gens, already consumed 2.47 sec
Run 1 finishes
Avg 13043.38, Best 13043.38 / m 12, Worst 13043.38
Decomposition done, already consumed 2.47 sec
After decomposition
Avg 13043.38, Best 13043.38 / m 12, Worst 13043.38
already consumed 2.47 sec
already consumed 2.48 sec
After local search
Avg 13043.38, Best 13043.38 / m 12, Worst 13043.38
already consumed 2.48 sec
already consumed 2.49 sec
After large neighbourhood search
Avg 13043.38, Best 13043.38 / m 12, Worst 13043.38
Gen 21 done, no improvement for 21 gens, already consumed 2.49 sec
Run 6 finishes
Avg 13043.38, Best 13043.38 / m 12, Worst 13043.38
---------------------------------Run 7---------------------------
Initialization, using rcrs method
Solution 0, cost 13121.52, m 12
best cost 13121.52, m 12
Initialization done.
already consumed 0.30 sec
already consumed 0.32 sec
After local search
Avg 13043.45, Best 13043.45 / m 12, Worst 13043.45
already consumed 0.33 sec
After large neighbourhood search
Avg 13043.45, Best 13043.45 / m 12, Worst 13043.45
Gen 1 done, no improvement for 1 gens, already consumed 0.33 sec
already consumed 0.33 sec
After large neighbourhood search
Avg 13043.45, Best 13043.45 / m 12, Worst 13043.45
Gen 2 done, no improvement for 2 gens, already consumed 0.33 sec
already consumed 0.33 sec
After large neighbourhood search
Avg 13043.45, Best 13043.45 / m 12, Worst 13043.45
Gen 3 done, no improvement for 3 gens, already consumed 0.33 sec
already consumed 0.34 sec
After large neighbourhood search
Avg 13043.45, Best 13043.45 / m 12, Worst 13043.45
Gen 4 done, no improvement for 4 gens, already consumed 0.34 sec
already consumed 0.36 sec
After large neighbourhood search
Avg 13043.45, Best 13043.45 / m 12, Worst 13043.45
Gen 5 done, no improvement for 5 gens, already consumed 0.36 sec
already consumed 0.37 sec
After large neighbourhood search
Avg 13043.45, Best 13043.45 / m 12, Worst 13043.45
Gen 6 done, no improvement for 6 gens, already consumed 0.37 sec
already consumed 0.37 sec
After large neighbourhood search
Avg 13043.45, Best 13043.45 / m 12, Worst 13043.45
Gen 7 done, no improvement for 7 gens, already consumed 0.37 sec
already consumed 0.37 sec
After large neighbourhood search
Avg 13043.45, Best 13043.45 / m 12, Worst 13043.45
Gen 8 done, no improvement for 8 gens, already consumed 0.37 sec
already consumed 0.38 sec
After large neighbourhood search
Avg 13043.45, Best 13043.45 / m 12, Worst 13043.45
Gen 9 done, no improvement for 9 gens, already consumed 0.38 sec
already consumed 0.38 sec
After large neighbourhood search
Avg 13043.45, Best 13043.45 / m 12, Worst 13043.45
Gen 10 done, no improvement for 10 gens, already consumed 0.38 sec
already consumed 0.39 sec
After large neighbourhood search
Avg 13043.45, Best 13043.45 / m 12, Worst 13043.45
Gen 11 done, no improvement for 11 gens, already consumed 0.39 sec
already consumed 0.40 sec
After large neighbourhood search
Avg 13043.45, Best 13043.45 / m 12, Worst 13043.45
Gen 12 done, no improvement for 12 gens, already consumed 0.40 sec
already consumed 0.41 sec
After large neighbourhood search
Avg 13043.45, Best 13043.45 / m 12, Worst 13043.45
Gen 13 done, no improvement for 13 gens, already consumed 0.41 sec
already consumed 0.42 sec
After large neighbourhood search
Avg 13043.45, Best 13043.45 / m 12, Worst 13043.45
Gen 14 done, no improvement for 14 gens, already consumed 0.42 sec
already consumed 0.42 sec
After large neighbourhood search
Avg 13043.45, Best 13043.45 / m 12, Worst 13043.45
Gen 15 done, no improvement for 15 gens, already consumed 0.42 sec
already consumed 0.42 sec
After large neighbourhood search
Avg 13043.45, Best 13043.45 / m 12, Worst 13043.45
Gen 16 done, no improvement for 16 gens, already consumed 0.42 sec
already consumed 0.43 sec
After large neighbourhood search
Avg 13043.45, Best 13043.45 / m 12, Worst 13043.45
Gen 17 done, no improvement for 17 gens, already consumed 0.43 sec
already consumed 0.43 sec
After large neighbourhood search
Avg 13043.45, Best 13043.45 / m 12, Worst 13043.45
Gen 18 done, no improvement for 18 gens, already consumed 0.43 sec
already consumed 0.43 sec
After large neighbourhood search
Avg 13043.45, Best 13043.45 / m 12, Worst 13043.45
Gen 19 done, no improvement for 19 gens, already consumed 0.43 sec
already consumed 0.44 sec
After large neighbourhood search
Avg 13043.45, Best 13043.45 / m 12, Worst 13043.45
Gen 20 done, no improvement for 20 gens, already consumed 0.44 sec
sub_problem_num: 1
subproblem 1, customer: 100
Total edges 9900, prune by time window 5507(55.6263%), prune by capacity 0(0.0000%)
Initialization, using perturb method
Solution 0, cost 13104.87, m 12
Solution 1, cost 13141.82, m 12
Solution 2, cost 14188.75, m 13
Solution 3, cost 13043.45, m 12
best cost 13043.45, m 12
Initialization done.
already consumed 0.77 sec
already consumed 0.98 sec
After local search
Avg 13048.26, Best 13043.45 / m 12, Worst 13062.68
Do crossover.
already consumed 0.98 sec
Gen: 1. Avg 13048.26, Best 13043.45 / m 12, Worst 13062.68
Gen 1 done, no improvement for 1 gens, already consumed 1.07 sec
Do crossover.
already consumed 1.07 sec
Gen: 2. Avg 13046.85, Best 13043.45 / m 12, Worst 13057.04
Gen 2 done, no improvement for 2 gens, already consumed 1.13 sec
Do crossover.
already consumed 1.13 sec
Gen: 3. Avg 13046.85, Best 13043.45 / m 12, Worst 13057.04
Gen 3 done, no improvement for 3 gens, already consumed 1.18 sec
Do crossover.
already consumed 1.18 sec
Gen: 4. Avg 13043.45, Best 13043.45 / m 12, Worst 13043.45
Gen 4 done, no improvement for 4 gens, already consumed 1.24 sec
Do crossover.
already consumed 1.24 sec
Gen: 5. Avg 13043.45, Best 13043.45 / m 12, Worst 13043.45
Gen 5 done, no improvement for 5 gens, already consumed 1.27 sec
Do crossover.
already consumed 1.27 sec
Gen: 6. Avg 13043.45, Best 13043.45 / m 12, Worst 13043.45
Gen 6 done, no improvement for 6 gens, already consumed 1.30 sec
Do crossover.
already consumed 1.30 sec
Gen: 7. Avg 13043.45, Best 13043.45 / m 12, Worst 13043.45
Gen 7 done, no improvement for 7 gens, already consumed 1.33 sec
Do crossover.
already consumed 1.33 sec
Gen: 8. Avg 13043.45, Best 13043.45 / m 12, Worst 13043.45
Gen 8 done, no improvement for 8 gens, already consumed 1.38 sec
Do crossover.
already consumed 1.38 sec
Gen: 9. Avg 13043.45, Best 13043.45 / m 12, Worst 13043.45
Gen 9 done, no improvement for 9 gens, already consumed 1.40 sec
Do crossover.
already consumed 1.40 sec
Gen: 10. Avg 13043.45, Best 13043.45 / m 12, Worst 13043.45
Gen 10 done, no improvement for 10 gens, already consumed 1.44 sec
Do crossover.
already consumed 1.44 sec
Gen: 11. Avg 13043.45, Best 13043.45 / m 12, Worst 13043.45
Gen 11 done, no improvement for 11 gens, already consumed 1.47 sec
Do crossover.
already consumed 1.47 sec
Gen: 12. Avg 13043.45, Best 13043.45 / m 12, Worst 13043.45
Gen 12 done, no improvement for 12 gens, already consumed 1.50 sec
Do crossover.
already consumed 1.50 sec
Gen: 13. Avg 13043.45, Best 13043.45 / m 12, Worst 13043.45
Gen 13 done, no improvement for 13 gens, already consumed 1.53 sec
Do crossover.
already consumed 1.53 sec
Gen: 14. Avg 13043.45, Best 13043.45 / m 12, Worst 13043.45
Gen 14 done, no improvement for 14 gens, already consumed 1.56 sec
Do crossover.
already consumed 1.56 sec
Gen: 15. Avg 13043.45, Best 13043.45 / m 12, Worst 13043.45
Gen 15 done, no improvement for 15 gens, already consumed 1.59 sec
Do crossover.
already consumed 1.59 sec
Gen: 16. Avg 13043.45, Best 13043.45 / m 12, Worst 13043.45
Gen 16 done, no improvement for 16 gens, already consumed 1.62 sec
Do crossover.
already consumed 1.62 sec
Gen: 17. Avg 13043.45, Best 13043.45 / m 12, Worst 13043.45
Gen 17 done, no improvement for 17 gens, already consumed 1.65 sec
Do crossover.
already consumed 1.65 sec
Gen: 18. Avg 13043.45, Best 13043.45 / m 12, Worst 13043.45
Gen 18 done, no improvement for 18 gens, already consumed 1.68 sec
Do crossover.
already consumed 1.68 sec
Gen: 19. Avg 13043.45, Best 13043.45 / m 12, Worst 13043.45
Gen 19 done, no improvement for 19 gens, already consumed 1.71 sec
Do crossover.
already consumed 1.71 sec
Gen: 20. Avg 13043.45, Best 13043.45 / m 12, Worst 13043.45
Gen 20 done, no improvement for 20 gens, already consumed 1.75 sec
Do crossover.
already consumed 1.75 sec
Gen: 21. Avg 13043.45, Best 13043.45 / m 12, Worst 13043.45
Gen 21 done, no improvement for 21 gens, already consumed 1.77 sec
Run 1 finishes
Avg 13043.45, Best 13043.45 / m 12, Worst 13043.45
Decomposition done, already consumed 1.77 sec
After decomposition
Avg 13043.45, Best 13043.45 / m 12, Worst 13043.45
already consumed 1.77 sec
already consumed 1.79 sec
After local search
Avg 13043.45, Best 13043.45 / m 12, Worst 13043.45
already consumed 1.79 sec
already consumed 1.79 sec
After large neighbourhood search
Avg 13043.45, Best 13043.45 / m 12, Worst 13043.45
Gen 21 done, no improvement for 21 gens, already consumed 1.79 sec
Run 7 finishes
Avg 13043.45, Best 13043.45 / m 12, Worst 13043.45
---------------------------------Run 8---------------------------
Initialization, using rcrs method
Solution 0, cost 13183.27, m 12
best cost 13183.27, m 12
Initialization done.
already consumed 0.32 sec
already consumed 0.43 sec
After local search
Avg 13043.45, Best 13043.45 / m 12, Worst 13043.45
already consumed 0.43 sec
After large neighbourhood search
Avg 13043.45, Best 13043.45 / m 12, Worst 13043.45
Gen 1 done, no improvement for 1 gens, already consumed 0.43 sec
already consumed 0.44 sec
After large neighbourhood search
Avg 13043.45, Best 13043.45 / m 12, Worst 13043.45
Gen 2 done, no improvement for 2 gens, already consumed 0.44 sec
already consumed 0.44 sec
After large neighbourhood search
Avg 13043.45, Best 13043.45 / m 12, Worst 13043.45
Gen 3 done, no improvement for 3 gens, already consumed 0.44 sec
already consumed 0.45 sec
After large neighbourhood search
Avg 13043.45, Best 13043.45 / m 12, Worst 13043.45
Gen 4 done, no improvement for 4 gens, already consumed 0.45 sec
already consumed 0.45 sec
After large neighbourhood search
Avg 13043.45, Best 13043.45 / m 12, Worst 13043.45
Gen 5 done, no improvement for 5 gens, already consumed 0.45 sec
already consumed 0.46 sec
After large neighbourhood search
Avg 13043.45, Best 13043.45 / m 12, Worst 13043.45
Gen 6 done, no improvement for 6 gens, already consumed 0.46 sec
already consumed 0.46 sec
After large neighbourhood search
Avg 13043.45, Best 13043.45 / m 12, Worst 13043.45
Gen 7 done, no improvement for 7 gens, already consumed 0.46 sec
already consumed 0.47 sec
After large neighbourhood search
Avg 13043.45, Best 13043.45 / m 12, Worst 13043.45
Gen 8 done, no improvement for 8 gens, already consumed 0.47 sec
already consumed 0.48 sec
After large neighbourhood search
Avg 13043.45, Best 13043.45 / m 12, Worst 13043.45
Gen 9 done, no improvement for 9 gens, already consumed 0.48 sec
already consumed 0.48 sec
After large neighbourhood search
Avg 13043.45, Best 13043.45 / m 12, Worst 13043.45
Gen 10 done, no improvement for 10 gens, already consumed 0.48 sec
already consumed 0.48 sec
After large neighbourhood search
Avg 13043.45, Best 13043.45 / m 12, Worst 13043.45
Gen 11 done, no improvement for 11 gens, already consumed 0.48 sec
already consumed 0.50 sec
After large neighbourhood search
Avg 13043.45, Best 13043.45 / m 12, Worst 13043.45
Gen 12 done, no improvement for 12 gens, already consumed 0.50 sec
already consumed 0.50 sec
After large neighbourhood search
Avg 13043.45, Best 13043.45 / m 12, Worst 13043.45
Gen 13 done, no improvement for 13 gens, already consumed 0.50 sec
already consumed 0.51 sec
After large neighbourhood search
Avg 13043.45, Best 13043.45 / m 12, Worst 13043.45
Gen 14 done, no improvement for 14 gens, already consumed 0.51 sec
already consumed 0.51 sec
After large neighbourhood search
Avg 13043.45, Best 13043.45 / m 12, Worst 13043.45
Gen 15 done, no improvement for 15 gens, already consumed 0.51 sec
already consumed 0.52 sec
After large neighbourhood search
Avg 13043.45, Best 13043.45 / m 12, Worst 13043.45
Gen 16 done, no improvement for 16 gens, already consumed 0.52 sec
already consumed 0.53 sec
After large neighbourhood search
Avg 13043.45, Best 13043.45 / m 12, Worst 13043.45
Gen 17 done, no improvement for 17 gens, already consumed 0.53 sec
already consumed 0.54 sec
After large neighbourhood search
Avg 13043.45, Best 13043.45 / m 12, Worst 13043.45
Gen 18 done, no improvement for 18 gens, already consumed 0.54 sec
already consumed 0.54 sec
After large neighbourhood search
Avg 13043.45, Best 13043.45 / m 12, Worst 13043.45
Gen 19 done, no improvement for 19 gens, already consumed 0.54 sec
already consumed 0.56 sec
After large neighbourhood search
Avg 13043.45, Best 13043.45 / m 12, Worst 13043.45
Gen 20 done, no improvement for 20 gens, already consumed 0.56 sec
sub_problem_num: 1
subproblem 1, customer: 100
Total edges 9900, prune by time window 5507(55.6263%), prune by capacity 0(0.0000%)
Initialization, using perturb method
Solution 0, cost 13056.79, m 12
Solution 1, cost 13043.45, m 12
Solution 2, cost 13147.19, m 12
Solution 3, cost 14567.21, m 13
best cost 13043.45, m 12
Initialization done.
already consumed 0.92 sec
already consumed 1.23 sec
After local search
Avg 13043.45, Best 13043.45 / m 12, Worst 13043.45
Do crossover.
already consumed 1.23 sec
Gen: 1. Avg 13043.45, Best 13043.45 / m 12, Worst 13043.45
Gen 1 done, no improvement for 1 gens, already consumed 1.27 sec
Do crossover.
already consumed 1.27 sec
Gen: 2. Avg 13043.45, Best 13043.45 / m 12, Worst 13043.45
Gen 2 done, no improvement for 2 gens, already consumed 1.29 sec
Do crossover.
already consumed 1.29 sec
Gen: 3. Avg 13043.45, Best 13043.45 / m 12, Worst 13043.45
Gen 3 done, no improvement for 3 gens, already consumed 1.32 sec
Do crossover.
already consumed 1.32 sec
Gen: 4. Avg 13043.45, Best 13043.45 / m 12, Worst 13043.45
Gen 4 done, no improvement for 4 gens, already consumed 1.35 sec
Do crossover.
already consumed 1.35 sec
Gen: 5. Avg 13043.45, Best 13043.45 / m 12, Worst 13043.45
Gen 5 done, no improvement for 5 gens, already consumed 1.39 sec
Do crossover.
already consumed 1.39 sec
Gen: 6. Avg 13043.45, Best 13043.45 / m 12, Worst 13043.45
Gen 6 done, no improvement for 6 gens, already consumed 1.43 sec
Do crossover.
already consumed 1.43 sec
Gen: 7. Avg 13043.45, Best 13043.45 / m 12, Worst 13043.45
Gen 7 done, no improvement for 7 gens, already consumed 1.47 sec
Do crossover.
already consumed 1.47 sec
Gen: 8. Avg 13043.45, Best 13043.45 / m 12, Worst 13043.45
Gen 8 done, no improvement for 8 gens, already consumed 1.51 sec
Do crossover.
already consumed 1.51 sec
Gen: 9. Avg 13043.45, Best 13043.45 / m 12, Worst 13043.45
Gen 9 done, no improvement for 9 gens, already consumed 1.54 sec
Do crossover.
already consumed 1.54 sec
Gen: 10. Avg 13043.45, Best 13043.45 / m 12, Worst 13043.45
Gen 10 done, no improvement for 10 gens, already consumed 1.57 sec
Do crossover.
already consumed 1.57 sec
Gen: 11. Avg 13043.45, Best 13043.45 / m 12, Worst 13043.45
Gen 11 done, no improvement for 11 gens, already consumed 1.60 sec
Do crossover.
already consumed 1.60 sec
Gen: 12. Avg 13043.45, Best 13043.45 / m 12, Worst 13043.45
Gen 12 done, no improvement for 12 gens, already consumed 1.64 sec
Do crossover.
already consumed 1.64 sec
Gen: 13. Avg 13043.45, Best 13043.45 / m 12, Worst 13043.45
Gen 13 done, no improvement for 13 gens, already consumed 1.68 sec
Do crossover.
already consumed 1.68 sec
Gen: 14. Avg 13043.45, Best 13043.45 / m 12, Worst 13043.45
Gen 14 done, no improvement for 14 gens, already consumed 1.71 sec
Do crossover.
already consumed 1.71 sec
Gen: 15. Avg 13043.45, Best 13043.45 / m 12, Worst 13043.45
Gen 15 done, no improvement for 15 gens, already consumed 1.75 sec
Do crossover.
already consumed 1.75 sec
Gen: 16. Avg 13043.45, Best 13043.45 / m 12, Worst 13043.45
Gen 16 done, no improvement for 16 gens, already consumed 1.79 sec
Do crossover.
already consumed 1.79 sec
Gen: 17. Avg 13043.45, Best 13043.45 / m 12, Worst 13043.45
Gen 17 done, no improvement for 17 gens, already consumed 1.83 sec
Do crossover.
already consumed 1.83 sec
Gen: 18. Avg 13043.45, Best 13043.45 / m 12, Worst 13043.45
Gen 18 done, no improvement for 18 gens, already consumed 1.85 sec
Do crossover.
already consumed 1.85 sec
Gen: 19. Avg 13043.45, Best 13043.45 / m 12, Worst 13043.45
Gen 19 done, no improvement for 19 gens, already consumed 1.88 sec
Do crossover.
already consumed 1.88 sec
Gen: 20. Avg 13043.45, Best 13043.45 / m 12, Worst 13043.45
Gen 20 done, no improvement for 20 gens, already consumed 1.92 sec
Do crossover.
already consumed 1.92 sec
Gen: 21. Avg 13043.45, Best 13043.45 / m 12, Worst 13043.45
Gen 21 done, no improvement for 21 gens, already consumed 1.95 sec
Run 1 finishes
Avg 13043.45, Best 13043.45 / m 12, Worst 13043.45
Decomposition done, already consumed 1.95 sec
After decomposition
Avg 13043.45, Best 13043.45 / m 12, Worst 13043.45
already consumed 1.95 sec
already consumed 1.96 sec
After local search
Avg 13043.45, Best 13043.45 / m 12, Worst 13043.45
already consumed 1.96 sec
already consumed 1.97 sec
After large neighbourhood search
Avg 13043.45, Best 13043.45 / m 12, Worst 13043.45
Gen 21 done, no improvement for 21 gens, already consumed 1.97 sec
Run 8 finishes
Avg 13043.45, Best 13043.45 / m 12, Worst 13043.45
---------------------------------Run 9---------------------------
Initialization, using rcrs method
Solution 0, cost 13134.23, m 12
best cost 13134.23, m 12
Initialization done.
already consumed 0.32 sec
already consumed 0.47 sec
After local search
Avg 13043.45, Best 13043.45 / m 12, Worst 13043.45
already consumed 0.48 sec
After large neighbourhood search
Avg 13043.45, Best 13043.45 / m 12, Worst 13043.45
Gen 1 done, no improvement for 1 gens, already consumed 0.48 sec
already consumed 0.48 sec
After large neighbourhood search
Avg 13043.45, Best 13043.45 / m 12, Worst 13043.45
Gen 2 done, no improvement for 2 gens, already consumed 0.48 sec
already consumed 0.49 sec
After large neighbourhood search
Avg 13043.45, Best 13043.45 / m 12, Worst 13043.45
Gen 3 done, no improvement for 3 gens, already consumed 0.49 sec
already consumed 0.49 sec
After large neighbourhood search
Avg 13043.45, Best 13043.45 / m 12, Worst 13043.45
Gen 4 done, no improvement for 4 gens, already consumed 0.49 sec
already consumed 0.50 sec
After large neighbourhood search
Avg 13043.45, Best 13043.45 / m 12, Worst 13043.45
Gen 5 done, no improvement for 5 gens, already consumed 0.50 sec
already consumed 0.50 sec
After large neighbourhood search
Avg 13043.45, Best 13043.45 / m 12, Worst 13043.45
Gen 6 done, no improvement for 6 gens, already consumed 0.50 sec
already consumed 0.51 sec
After large neighbourhood search
Avg 13043.45, Best 13043.45 / m 12, Worst 13043.45
Gen 7 done, no improvement for 7 gens, already consumed 0.51 sec
already consumed 0.51 sec
After large neighbourhood search
Avg 13043.45, Best 13043.45 / m 12, Worst 13043.45
Gen 8 done, no improvement for 8 gens, already consumed 0.51 sec
already consumed 0.52 sec
After large neighbourhood search
Avg 13043.45, Best 13043.45 / m 12, Worst 13043.45
Gen 9 done, no improvement for 9 gens, already consumed 0.52 sec
already consumed 0.53 sec
After large neighbourhood search
Avg 13043.45, Best 13043.45 / m 12, Worst 13043.45
Gen 10 done, no improvement for 10 gens, already consumed 0.53 sec
already consumed 0.54 sec
After large neighbourhood search
Avg 13043.45, Best 13043.45 / m 12, Worst 13043.45
Gen 11 done, no improvement for 11 gens, already consumed 0.54 sec
already consumed 0.54 sec
After large neighbourhood search
Avg 13043.45, Best 13043.45 / m 12, Worst 13043.45
Gen 12 done, no improvement for 12 gens, already consumed 0.54 sec
already consumed 0.55 sec
After large neighbourhood search
Avg 13043.45, Best 13043.45 / m 12, Worst 13043.45
Gen 13 done, no improvement for 13 gens, already consumed 0.55 sec
already consumed 0.55 sec
After large neighbourhood search
Avg 13043.45, Best 13043.45 / m 12, Worst 13043.45
Gen 14 done, no improvement for 14 gens, already consumed 0.55 sec
already consumed 0.56 sec
After large neighbourhood search
Avg 13043.45, Best 13043.45 / m 12, Worst 13043.45
Gen 15 done, no improvement for 15 gens, already consumed 0.56 sec
already consumed 0.57 sec
After large neighbourhood search
Avg 13043.45, Best 13043.45 / m 12, Worst 13043.45
Gen 16 done, no improvement for 16 gens, already consumed 0.57 sec
already consumed 0.58 sec
After large neighbourhood search
Avg 13043.45, Best 13043.45 / m 12, Worst 13043.45
Gen 17 done, no improvement for 17 gens, already consumed 0.58 sec
already consumed 0.59 sec
After large neighbourhood search
Avg 13043.45, Best 13043.45 / m 12, Worst 13043.45
Gen 18 done, no improvement for 18 gens, already consumed 0.59 sec
already consumed 0.59 sec
After large neighbourhood search
Avg 13043.45, Best 13043.45 / m 12, Worst 13043.45
Gen 19 done, no improvement for 19 gens, already consumed 0.59 sec
already consumed 0.60 sec
After large neighbourhood search
Avg 13043.45, Best 13043.45 / m 12, Worst 13043.45
Gen 20 done, no improvement for 20 gens, already consumed 0.60 sec
sub_problem_num: 1
subproblem 1, customer: 100
Total edges 9900, prune by time window 5507(55.6263%), prune by capacity 0(0.0000%)
Initialization, using perturb method
Solution 0, cost 13196.48, m 12
Solution 1, cost 13077.65, m 12
Solution 2, cost 13072.83, m 12
Solution 3, cost 13043.45, m 12
best cost 13043.45, m 12
Initialization done.
already consumed 0.97 sec
already consumed 1.16 sec
After local search
Avg 13043.45, Best 13043.45 / m 12, Worst 13043.45
Do crossover.
already consumed 1.16 sec
Gen: 1. Avg 13043.45, Best 13043.45 / m 12, Worst 13043.45
Gen 1 done, no improvement for 1 gens, already consumed 1.21 sec
Do crossover.
already consumed 1.22 sec
Gen: 2. Avg 13043.45, Best 13043.45 / m 12, Worst 13043.45
Gen 2 done, no improvement for 2 gens, already consumed 1.25 sec
Do crossover.
already consumed 1.25 sec
Gen: 3. Avg 13043.45, Best 13043.45 / m 12, Worst 13043.45
Gen 3 done, no improvement for 3 gens, already consumed 1.28 sec
Do crossover.
already consumed 1.28 sec
Gen: 4. Avg 13043.45, Best 13043.45 / m 12, Worst 13043.45
Gen 4 done, no improvement for 4 gens, already consumed 1.32 sec
Do crossover.
already consumed 1.32 sec
Gen: 5. Avg 13043.45, Best 13043.45 / m 12, Worst 13043.45
Gen 5 done, no improvement for 5 gens, already consumed 1.36 sec
Do crossover.
already consumed 1.36 sec
Gen: 6. Avg 13043.45, Best 13043.45 / m 12, Worst 13043.45
Gen 6 done, no improvement for 6 gens, already consumed 1.39 sec
Do crossover.
already consumed 1.39 sec
Gen: 7. Avg 13043.45, Best 13043.45 / m 12, Worst 13043.45
Gen 7 done, no improvement for 7 gens, already consumed 1.45 sec
Do crossover.
already consumed 1.45 sec
Gen: 8. Avg 13043.45, Best 13043.45 / m 12, Worst 13043.45
Gen 8 done, no improvement for 8 gens, already consumed 1.50 sec
Do crossover.
already consumed 1.50 sec
Gen: 9. Avg 13043.45, Best 13043.45 / m 12, Worst 13043.45
Gen 9 done, no improvement for 9 gens, already consumed 1.54 sec
Do crossover.
already consumed 1.54 sec
Gen: 10. Avg 13043.45, Best 13043.45 / m 12, Worst 13043.45
Gen 10 done, no improvement for 10 gens, already consumed 1.58 sec
Do crossover.
already consumed 1.58 sec
Gen: 11. Avg 13043.45, Best 13043.45 / m 12, Worst 13043.45
Gen 11 done, no improvement for 11 gens, already consumed 1.62 sec
Do crossover.
already consumed 1.62 sec
Gen: 12. Avg 13043.45, Best 13043.45 / m 12, Worst 13043.45
Gen 12 done, no improvement for 12 gens, already consumed 1.65 sec
Do crossover.
already consumed 1.65 sec
Gen: 13. Avg 13043.45, Best 13043.45 / m 12, Worst 13043.45
Gen 13 done, no improvement for 13 gens, already consumed 1.71 sec
Do crossover.
already consumed 1.71 sec
Gen: 14. Avg 13043.45, Best 13043.45 / m 12, Worst 13043.45
Gen 14 done, no improvement for 14 gens, already consumed 1.78 sec
Do crossover.
already consumed 1.78 sec
Gen: 15. Avg 13043.45, Best 13043.45 / m 12, Worst 13043.45
Gen 15 done, no improvement for 15 gens, already consumed 1.84 sec
Do crossover.
already consumed 1.84 sec
Gen: 16. Avg 13043.45, Best 13043.45 / m 12, Worst 13043.45
Gen 16 done, no improvement for 16 gens, already consumed 1.88 sec
Do crossover.
already consumed 1.88 sec
Gen: 17. Avg 13043.45, Best 13043.45 / m 12, Worst 13043.45
Gen 17 done, no improvement for 17 gens, already consumed 1.91 sec
Do crossover.
already consumed 1.91 sec
Gen: 18. Avg 13043.45, Best 13043.45 / m 12, Worst 13043.45
Gen 18 done, no improvement for 18 gens, already consumed 1.95 sec
Do crossover.
already consumed 1.95 sec
Gen: 19. Avg 13043.45, Best 13043.45 / m 12, Worst 13043.45
Gen 19 done, no improvement for 19 gens, already consumed 2.00 sec
Do crossover.
already consumed 2.01 sec
Gen: 20. Avg 13043.45, Best 13043.45 / m 12, Worst 13043.45
Gen 20 done, no improvement for 20 gens, already consumed 2.05 sec
Do crossover.
already consumed 2.05 sec
Gen: 21. Avg 13043.45, Best 13043.45 / m 12, Worst 13043.45
Gen 21 done, no improvement for 21 gens, already consumed 2.09 sec
Run 1 finishes
Avg 13043.45, Best 13043.45 / m 12, Worst 13043.45
Decomposition done, already consumed 2.09 sec
After decomposition
Avg 13043.45, Best 13043.45 / m 12, Worst 13043.45
already consumed 2.09 sec
already consumed 2.10 sec
After local search
Avg 13043.45, Best 13043.45 / m 12, Worst 13043.45
already consumed 2.10 sec
already consumed 2.10 sec
After large neighbourhood search
Avg 13043.45, Best 13043.45 / m 12, Worst 13043.45
Gen 21 done, no improvement for 21 gens, already consumed 2.10 sec
Run 9 finishes
Avg 13043.45, Best 13043.45 / m 12, Worst 13043.45
---------------------------------Run 10---------------------------
Initialization, using rcrs method
Solution 0, cost 13153.99, m 12
best cost 13153.99, m 12
Initialization done.
already consumed 0.32 sec
already consumed 0.34 sec
After local search
Avg 13043.45, Best 13043.45 / m 12, Worst 13043.45
already consumed 0.34 sec
After large neighbourhood search
Avg 13043.45, Best 13043.45 / m 12, Worst 13043.45
Gen 1 done, no improvement for 1 gens, already consumed 0.34 sec
already consumed 0.35 sec
After large neighbourhood search
Avg 13043.45, Best 13043.45 / m 12, Worst 13043.45
Gen 2 done, no improvement for 2 gens, already consumed 0.35 sec
already consumed 0.36 sec
After large neighbourhood search
Avg 13043.45, Best 13043.45 / m 12, Worst 13043.45
Gen 3 done, no improvement for 3 gens, already consumed 0.36 sec
already consumed 0.36 sec
After large neighbourhood search
Avg 13043.45, Best 13043.45 / m 12, Worst 13043.45
Gen 4 done, no improvement for 4 gens, already consumed 0.36 sec
already consumed 0.37 sec
After large neighbourhood search
Avg 13043.45, Best 13043.45 / m 12, Worst 13043.45
Gen 5 done, no improvement for 5 gens, already consumed 0.37 sec
already consumed 0.37 sec
After large neighbourhood search
Avg 13043.45, Best 13043.45 / m 12, Worst 13043.45
Gen 6 done, no improvement for 6 gens, already consumed 0.37 sec
already consumed 0.38 sec
After large neighbourhood search
Avg 13043.45, Best 13043.45 / m 12, Worst 13043.45
Gen 7 done, no improvement for 7 gens, already consumed 0.38 sec
already consumed 0.38 sec
After large neighbourhood search
Avg 13043.45, Best 13043.45 / m 12, Worst 13043.45
Gen 8 done, no improvement for 8 gens, already consumed 0.38 sec
already consumed 0.39 sec
After large neighbourhood search
Avg 13043.45, Best 13043.45 / m 12, Worst 13043.45
Gen 9 done, no improvement for 9 gens, already consumed 0.39 sec
already consumed 0.39 sec
After large neighbourhood search
Avg 13043.45, Best 13043.45 / m 12, Worst 13043.45
Gen 10 done, no improvement for 10 gens, already consumed 0.39 sec
already consumed 0.39 sec
After large neighbourhood search
Avg 13043.45, Best 13043.45 / m 12, Worst 13043.45
Gen 11 done, no improvement for 11 gens, already consumed 0.39 sec
already consumed 0.41 sec
After large neighbourhood search
Avg 13043.45, Best 13043.45 / m 12, Worst 13043.45
Gen 12 done, no improvement for 12 gens, already consumed 0.41 sec
already consumed 0.41 sec
After large neighbourhood search
Avg 13043.45, Best 13043.45 / m 12, Worst 13043.45
Gen 13 done, no improvement for 13 gens, already consumed 0.41 sec
already consumed 0.41 sec
After large neighbourhood search
Avg 13043.45, Best 13043.45 / m 12, Worst 13043.45
Gen 14 done, no improvement for 14 gens, already consumed 0.41 sec
already consumed 0.42 sec
After large neighbourhood search
Avg 13043.45, Best 13043.45 / m 12, Worst 13043.45
Gen 15 done, no improvement for 15 gens, already consumed 0.42 sec
already consumed 0.43 sec
After large neighbourhood search
Avg 13043.45, Best 13043.45 / m 12, Worst 13043.45
Gen 16 done, no improvement for 16 gens, already consumed 0.43 sec
already consumed 0.44 sec
After large neighbourhood search
Avg 13043.45, Best 13043.45 / m 12, Worst 13043.45
Gen 17 done, no improvement for 17 gens, already consumed 0.44 sec
already consumed 0.45 sec
After large neighbourhood search
Avg 13043.45, Best 13043.45 / m 12, Worst 13043.45
Gen 18 done, no improvement for 18 gens, already consumed 0.45 sec
already consumed 0.45 sec
After large neighbourhood search
Avg 13043.45, Best 13043.45 / m 12, Worst 13043.45
Gen 19 done, no improvement for 19 gens, already consumed 0.45 sec
already consumed 0.46 sec
After large neighbourhood search
Avg 13043.45, Best 13043.45 / m 12, Worst 13043.45
Gen 20 done, no improvement for 20 gens, already consumed 0.46 sec
sub_problem_num: 1
subproblem 1, customer: 100
Total edges 9900, prune by time window 5507(55.6263%), prune by capacity 0(0.0000%)
Initialization, using perturb method
Solution 0, cost 13205.83, m 12
Solution 1, cost 13103.72, m 12
Solution 2, cost 13043.45, m 12
Solution 3, cost 14497.13, m 13
best cost 13043.45, m 12
Initialization done.
already consumed 0.84 sec
already consumed 0.93 sec
After local search
Avg 13043.45, Best 13043.45 / m 12, Worst 13043.45
Do crossover.
already consumed 0.93 sec
Gen: 1. Avg 13043.45, Best 13043.45 / m 12, Worst 13043.45
Gen 1 done, no improvement for 1 gens, already consumed 0.97 sec
Do crossover.
already consumed 0.97 sec
Gen: 2. Avg 13043.45, Best 13043.45 / m 12, Worst 13043.45
Gen 2 done, no improvement for 2 gens, already consumed 1.02 sec
Do crossover.
already consumed 1.02 sec
Gen: 3. Avg 13043.45, Best 13043.45 / m 12, Worst 13043.45
Gen 3 done, no improvement for 3 gens, already consumed 1.06 sec
Do crossover.
already consumed 1.06 sec
Gen: 4. Avg 13043.45, Best 13043.45 / m 12, Worst 13043.45
Gen 4 done, no improvement for 4 gens, already consumed 1.15 sec
Do crossover.
already consumed 1.15 sec
Gen: 5. Avg 13043.45, Best 13043.45 / m 12, Worst 13043.45
Gen 5 done, no improvement for 5 gens, already consumed 1.19 sec
Do crossover.
already consumed 1.19 sec
Gen: 6. Avg 13043.45, Best 13043.45 / m 12, Worst 13043.45
Gen 6 done, no improvement for 6 gens, already consumed 1.23 sec
Do crossover.
already consumed 1.23 sec
Gen: 7. Avg 13043.45, Best 13043.45 / m 12, Worst 13043.45
Gen 7 done, no improvement for 7 gens, already consumed 1.32 sec
Do crossover.
already consumed 1.32 sec
Gen: 8. Avg 13043.45, Best 13043.45 / m 12, Worst 13043.45
Gen 8 done, no improvement for 8 gens, already consumed 1.47 sec
Do crossover.
already consumed 1.48 sec
Gen: 9. Avg 13043.45, Best 13043.45 / m 12, Worst 13043.45
Gen 9 done, no improvement for 9 gens, already consumed 1.58 sec
Do crossover.
already consumed 1.58 sec
Gen: 10. Avg 13043.45, Best 13043.45 / m 12, Worst 13043.45
Gen 10 done, no improvement for 10 gens, already consumed 1.62 sec
Do crossover.
already consumed 1.62 sec
Gen: 11. Avg 13043.45, Best 13043.45 / m 12, Worst 13043.45
Gen 11 done, no improvement for 11 gens, already consumed 1.68 sec
Do crossover.
already consumed 1.68 sec
Gen: 12. Avg 13043.45, Best 13043.45 / m 12, Worst 13043.45
Gen 12 done, no improvement for 12 gens, already consumed 1.72 sec
Do crossover.
already consumed 1.72 sec
Gen: 13. Avg 13043.45, Best 13043.45 / m 12, Worst 13043.45
Gen 13 done, no improvement for 13 gens, already consumed 1.76 sec
Do crossover.
already consumed 1.76 sec
Gen: 14. Avg 13043.45, Best 13043.45 / m 12, Worst 13043.45
Gen 14 done, no improvement for 14 gens, already consumed 1.80 sec
Do crossover.
already consumed 1.80 sec
Gen: 15. Avg 13043.45, Best 13043.45 / m 12, Worst 13043.45
Gen 15 done, no improvement for 15 gens, already consumed 1.83 sec
Do crossover.
already consumed 1.84 sec
Gen: 16. Avg 13043.45, Best 13043.45 / m 12, Worst 13043.45
Gen 16 done, no improvement for 16 gens, already consumed 1.88 sec
Do crossover.
already consumed 1.88 sec
Gen: 17. Avg 13043.45, Best 13043.45 / m 12, Worst 13043.45
Gen 17 done, no improvement for 17 gens, already consumed 1.93 sec
Do crossover.
already consumed 1.93 sec
Gen: 18. Avg 13043.45, Best 13043.45 / m 12, Worst 13043.45
Gen 18 done, no improvement for 18 gens, already consumed 1.97 sec
Do crossover.
already consumed 1.97 sec
Gen: 19. Avg 13043.45, Best 13043.45 / m 12, Worst 13043.45
Gen 19 done, no improvement for 19 gens, already consumed 2.05 sec
Do crossover.
already consumed 2.05 sec
Gen: 20. Avg 13043.45, Best 13043.45 / m 12, Worst 13043.45
Gen 20 done, no improvement for 20 gens, already consumed 2.08 sec
Do crossover.
already consumed 2.09 sec
Gen: 21. Avg 13043.45, Best 13043.45 / m 12, Worst 13043.45
Gen 21 done, no improvement for 21 gens, already consumed 2.11 sec
Run 1 finishes
Avg 13043.45, Best 13043.45 / m 12, Worst 13043.45
Decomposition done, already consumed 2.12 sec
After decomposition
Avg 13043.45, Best 13043.45 / m 12, Worst 13043.45
already consumed 2.12 sec
already consumed 2.12 sec
After local search
Avg 13043.45, Best 13043.45 / m 12, Worst 13043.45
already consumed 2.12 sec
already consumed 2.13 sec
After large neighbourhood search
Avg 13043.45, Best 13043.45 / m 12, Worst 13043.45
Gen 21 done, no improvement for 21 gens, already consumed 2.13 sec
Run 10 finishes
Avg 13043.45, Best 13043.45 / m 12, Worst 13043.45
------------Summary-----------
Details of the solution:
route 0, node_num 14, cost 99.587855, nodes: 0 20 24 34 36 39 38 37 35 112 51 50 49 0
route 1, node_num 12, cost 76.844165, nodes: 0 90 87 86 82 83 84 85 88 89 91 0
route 2, node_num 12, cost 69.624398, nodes: 0 23 25 27 30 28 26 10 11 9 8 0
route 3, node_num 12, cost 101.940506, nodes: 0 116 59 60 58 56 53 54 55 57 116 0
route 4, node_num 8, cost 47.788274, nodes: 0 67 65 62 64 68 69 0
route 5, node_num 11, cost 55.127409, nodes: 0 41 40 42 44 45 48 46 47 43 0
route 6, node_num 9, cost 78.184754, nodes: 0 21 22 29 32 33 31 52 0
route 7, node_num 13, cost 97.881519, nodes: 0 75 1 96 95 94 92 93 97 100 99 104 0
route 8, node_num 11, cost 118.942356, nodes: 0 63 74 120 79 77 80 72 61 66 0
route 9, node_num 9, cost 71.708597, nodes: 0 98 2 4 6 7 3 5 0
route 10, node_num 11, cost 101.297916, nodes: 0 106 12 14 16 19 18 17 15 13 0
route 11, node_num 10, cost 124.454061, nodes: 0 120 73 70 71 76 78 81 120 0
vehicle (route) number: 12
Total cost: 13043.38
This cost 13043.381809, check total cost 13043.381809, diff 0.000000
Total 10 runs, total consumed 23.11 sec
